Using pre-set license
Built from '2022.3/staging' branch; Version is '2022.3.10f1 (ff3792e53c62) revision 16725906'; Using compiler version '192829333'; Build Type 'Release'
OS: 'Windows 10  (10.0.19045) 64bit Enterprise' Language: 'en' Physical Memory: 32493 MB
BatchMode: 1, IsHumanControllingUs: 0, StartBugReporterOnCrash: 0, Is64bit: 1, IsPro: 1

COMMAND LINE ARGUMENTS:
C:\Program Files\Unity\Hub\Editor\2022.3.10f1\Editor\Unity.exe
-adb2
-batchMode
-noUpm
-name
AssetImportWorker1
-projectPath
C:/Users/n10492151/Desktop/Assessment 3 IGB101
-logFile
Logs/AssetImportWorker1.log
-srvPort
57455
Successfully changed project path to: C:/Users/n10492151/Desktop/Assessment 3 IGB101
C:/Users/n10492151/Desktop/Assessment 3 IGB101
[UnityMemory] Configuration Parameters - Can be set up in boot.config
    "memorysetup-bucket-allocator-granularity=16"
    "memorysetup-bucket-allocator-bucket-count=8"
    "memorysetup-bucket-allocator-block-size=33554432"
    "memorysetup-bucket-allocator-block-count=8"
    "memorysetup-main-allocator-block-size=16777216"
    "memorysetup-thread-allocator-block-size=16777216"
    "memorysetup-gfx-main-allocator-block-size=16777216"
    "memorysetup-gfx-thread-allocator-block-size=16777216"
    "memorysetup-cache-allocator-block-size=4194304"
    "memorysetup-typetree-allocator-block-size=2097152"
    "memorysetup-profiler-bucket-allocator-granularity=16"
    "memorysetup-profiler-bucket-allocator-bucket-count=8"
    "memorysetup-profiler-bucket-allocator-block-size=33554432"
    "memorysetup-profiler-bucket-allocator-block-count=8"
    "memorysetup-profiler-allocator-block-size=16777216"
    "memorysetup-profiler-editor-allocator-block-size=1048576"
    "memorysetup-temp-allocator-size-main=16777216"
    "memorysetup-job-temp-allocator-block-size=2097152"
    "memorysetup-job-temp-allocator-block-size-background=1048576"
    "memorysetup-job-temp-allocator-reduction-small-platforms=262144"
    "memorysetup-allocator-temp-initial-block-size-main=262144"
    "memorysetup-allocator-temp-initial-block-size-worker=262144"
    "memorysetup-temp-allocator-size-background-worker=32768"
    "memorysetup-temp-allocator-size-job-worker=262144"
    "memorysetup-temp-allocator-size-preload-manager=33554432"
    "memorysetup-temp-allocator-size-nav-mesh-worker=65536"
    "memorysetup-temp-allocator-size-audio-worker=65536"
    "memorysetup-temp-allocator-size-cloud-worker=32768"
    "memorysetup-temp-allocator-size-gi-baking-worker=262144"
    "memorysetup-temp-allocator-size-gfx=262144"
Player connection [18672] Host "[IP] 131.181.110.98 [Port] 0 [Flags] 2 [Guid] 2750329700 [EditorId] 2750329700 [Version] 1048832 [Id] WindowsEditor(7,LAB-GPS515-04) [Debug] 1 [PackageName] WindowsEditor [ProjectName] Editor" joined multi-casting on [225.0.0.222:54997]...

Player connection [18672] Host "[IP] 131.181.110.98 [Port] 0 [Flags] 2 [Guid] 2750329700 [EditorId] 2750329700 [Version] 1048832 [Id] WindowsEditor(7,LAB-GPS515-04) [Debug] 1 [PackageName] WindowsEditor [ProjectName] Editor" joined alternative multi-casting on [225.0.0.222:34997]...

[Physics::Module] Initialized MultithreadedJobDispatcher with 15 workers.
Refreshing native plugins compatible for Editor in 13.19 ms, found 2 plugins.
Preloading 0 native plugins for Editor in 0.00 ms.
Initialize engine version: 2022.3.10f1 (ff3792e53c62)
[Subsystems] Discovering subsystems at path C:/Program Files/Unity/Hub/Editor/2022.3.10f1/Editor/Data/Resources/UnitySubsystems
[Subsystems] Discovering subsystems at path C:/Users/n10492151/Desktop/Assessment 3 IGB101/Assets
GfxDevice: creating device client; threaded=0; jobified=0
Direct3D:
    Version:  Direct3D 11.0 [level 11.1]
    Renderer: NVIDIA GeForce RTX 3090 (ID=0x2204)
    Vendor:   NVIDIA
    VRAM:     24326 MB
    Driver:   31.0.15.5152
Initialize mono
Mono path[0] = 'C:/Program Files/Unity/Hub/Editor/2022.3.10f1/Editor/Data/Managed'
Mono path[1] = 'C:/Program Files/Unity/Hub/Editor/2022.3.10f1/Editor/Data/MonoBleedingEdge/lib/mono/unityjit-win32'
Mono config path = 'C:/Program Files/Unity/Hub/Editor/2022.3.10f1/Editor/Data/MonoBleedingEdge/etc'
Using monoOptions --debugger-agent=transport=dt_socket,embedding=1,server=y,suspend=n,address=127.0.0.1:56348
Begin MonoManager ReloadAssembly
Registering precompiled unity dll's ...
Register platform support module: C:/Program Files/Unity/Hub/Editor/2022.3.10f1/Editor/Data/PlaybackEngines/WindowsStandaloneSupport/UnityEditor.WindowsStandalone.Extensions.dll
Registered in 0.005566 seconds.
- Loaded All Assemblies, in  0.268 seconds
Native extension for WindowsStandalone target not found
Mono: successfully reloaded assembly
- Finished resetting the current domain, in  0.207 seconds
Domain Reload Profiling: 473ms
	BeginReloadAssembly (88ms)
		ExecutionOrderSort (0ms)
		DisableScriptedObjects (0ms)
		BackupInstance (0ms)
		ReleaseScriptingObjects (0ms)
		CreateAndSetChildDomain (1ms)
	RebuildCommonClasses (25ms)
	RebuildNativeTypeToScriptingClass (8ms)
	initialDomainReloadingComplete (45ms)
	LoadAllAssembliesAndSetupDomain (101ms)
		LoadAssemblies (86ms)
		RebuildTransferFunctionScriptingTraits (0ms)
		AnalyzeDomain (99ms)
			TypeCache.Refresh (98ms)
				TypeCache.ScanAssembly (88ms)
			ScanForSourceGeneratedMonoScriptInfo (0ms)
			ResolveRequiredComponents (0ms)
	FinalizeReload (207ms)
		ReleaseScriptCaches (0ms)
		RebuildScriptCaches (0ms)
		SetupLoadedEditorAssemblies (159ms)
			LogAssemblyErrors (0ms)
			InitializePlatformSupportModulesInManaged (7ms)
			SetLoadedEditorAssemblies (6ms)
			RefreshPlugins (0ms)
			BeforeProcessingInitializeOnLoad (2ms)
			ProcessInitializeOnLoadAttributes (98ms)
			ProcessInitializeOnLoadMethodAttributes (46ms)
			AfterProcessingInitializeOnLoad (0ms)
			EditorAssembliesLoaded (0ms)
		ExecutionOrderSort2 (0ms)
		AwakeInstancesAfterBackupRestoration (0ms)
========================================================================
Worker process is ready to serve import requests
Begin MonoManager ReloadAssembly
Symbol file LoadedFromMemory is not a mono symbol file
- Loaded All Assemblies, in  0.480 seconds
Refreshing native plugins compatible for Editor in 8.55 ms, found 2 plugins.
Native extension for WindowsStandalone target not found
Package Manager log level set to [2]
[Package Manager] Server::EnsureServerProcessIsRunning -- launch failed, reason: Unity was launched with the -noUpm command-line argument
[Package Manager] UpmClient::Send -- Unable to send message (not connected to UPM process).
[Package Manager] Cannot connect to Unity Package Manager local server
Mono: successfully reloaded assembly
- Finished resetting the current domain, in  0.507 seconds
Domain Reload Profiling: 984ms
	BeginReloadAssembly (122ms)
		ExecutionOrderSort (0ms)
		DisableScriptedObjects (4ms)
		BackupInstance (0ms)
		ReleaseScriptingObjects (0ms)
		CreateAndSetChildDomain (16ms)
	RebuildCommonClasses (26ms)
	RebuildNativeTypeToScriptingClass (8ms)
	initialDomainReloadingComplete (39ms)
	LoadAllAssembliesAndSetupDomain (283ms)
		LoadAssemblies (259ms)
		RebuildTransferFunctionScriptingTraits (0ms)
		AnalyzeDomain (94ms)
			TypeCache.Refresh (77ms)
				TypeCache.ScanAssembly (65ms)
			ScanForSourceGeneratedMonoScriptInfo (14ms)
			ResolveRequiredComponents (2ms)
	FinalizeReload (507ms)
		ReleaseScriptCaches (0ms)
		RebuildScriptCaches (0ms)
		SetupLoadedEditorAssemblies (388ms)
			LogAssemblyErrors (0ms)
			InitializePlatformSupportModulesInManaged (5ms)
			SetLoadedEditorAssemblies (3ms)
			RefreshPlugins (0ms)
			BeforeProcessingInitializeOnLoad (46ms)
			ProcessInitializeOnLoadAttributes (218ms)
			ProcessInitializeOnLoadMethodAttributes (111ms)
			AfterProcessingInitializeOnLoad (5ms)
			EditorAssembliesLoaded (0ms)
		ExecutionOrderSort2 (0ms)
		AwakeInstancesAfterBackupRestoration (8ms)
Launched and connected shader compiler UnityShaderCompiler.exe after 0.05 seconds
Refreshing native plugins compatible for Editor in 12.51 ms, found 2 plugins.
Preloading 0 native plugins for Editor in 0.00 ms.
Unloading 2908 Unused Serialized files (Serialized files now loaded: 0)
Unloading 66 unused Assets / (134.6 KB). Loaded Objects now: 3359.
Memory consumption went from 189.9 MB to 189.7 MB.
Total: 6.017100 ms (FindLiveObjects: 0.192600 ms CreateObjectMapping: 0.099000 ms MarkObjects: 5.576100 ms  DeleteObjects: 0.148400 ms)

AssetImportParameters requested are different than current active one (requested -> active):
  custom:video-decoder-webm-vp8: 9c59270c3fd7afecdb556c50c9e8de78 -> 
  custom:SearchIndexIgnoredProperties: e643bd26f0fe6173181afceb89e7c659 -> 
  custom:container-demuxer-ogg: 62fdf1f143b41e24485cea50d1cbac27 -> 
  custom:AudioImporter_EditorPlatform: d09bf68614088b80899f8185d706f6e7 -> 
  custom:video-decoder-ogg-theora: a1e56fd34408186e4bbccfd4996cb3dc -> 
  custom:framework-win-MediaFoundation: 216162199b28c13a410421893ffa2e32 -> 
  custom:video-encoder-webm-vp8: eb34c28f22e8b96e1ab97ce403110664 -> 
  custom:audio-decoder-ogg-vorbis: bf7c407c2cedff20999df2af8eb42d56 -> 
  custom:CustomObjectIndexerAttribute: 756ad292c208cfabdd7b50bc23989ffe -> 
  custom:container-demuxer-webm: 4f35f7cbe854078d1ac9338744f61a02 -> 
  custom:audio-encoder-webm-vorbis: bf7c407c2cedff20999df2af8eb42d56 -> 
  custom:container-muxer-webm: aa71ff27fc2769a1b78a27578f13a17b -> 
========================================================================
Received Import Request.
  Time since last request: 77417.973178 seconds.
  path: Assets/Planet Earth Free/Materials/SkyboxMaterial.mat
  artifactKey: Guid(f0742823962d31b4ebfa4be9309ddd4e) Importer(2089858483,0ecaa5967403d082aa24f35e1b516d23)
Start importing Assets/Planet Earth Free/Materials/SkyboxMaterial.mat using Guid(f0742823962d31b4ebfa4be9309ddd4e) Importer(2089858483,0ecaa5967403d082aa24f35e1b516d23) Generated GUIDs only implemented for interfaces!
 -> (artifact id: '2568b49ab989aae467a8b23c132fc260') in 0.095636 seconds
Number of updated asset objects reloaded before import = 0
Number of asset objects unloaded after import = 2
========================================================================
Received Import Request.
  Time since last request: 0.000025 seconds.
  path: Assets/Textures/fire-explode-design-free-png.png
  artifactKey: Guid(e66969d4fcb5e2c41bfb8f61bac705fa) Importer(2089858483,0ecaa5967403d082aa24f35e1b516d23)
Start importing Assets/Textures/fire-explode-design-free-png.png using Guid(e66969d4fcb5e2c41bfb8f61bac705fa) Importer(2089858483,0ecaa5967403d082aa24f35e1b516d23) Generated GUIDs only implemented for interfaces!
 -> (artifact id: 'ec98fbe5cdc6d31661831a257608395c') in 0.062772 seconds
Number of updated asset objects reloaded before import = 0
Number of asset objects unloaded after import = 1
========================================================================
Received Import Request.
  Time since last request: 0.000016 seconds.
  path: Assets/Materials/Coat Of Arms Mat.mat
  artifactKey: Guid(17f48cb543e32be45b2840ba5bb7ce37) Importer(2089858483,0ecaa5967403d082aa24f35e1b516d23)
Start importing Assets/Materials/Coat Of Arms Mat.mat using Guid(17f48cb543e32be45b2840ba5bb7ce37) Importer(2089858483,0ecaa5967403d082aa24f35e1b516d23) Generated GUIDs only implemented for interfaces!
 -> (artifact id: 'f102467db511403fd8d30431992b0d63') in 0.020421 seconds
Number of updated asset objects reloaded before import = 0
Number of asset objects unloaded after import = 2
========================================================================
Received Import Request.
  Time since last request: 0.000012 seconds.
  path: Assets/Planet Earth Free/Materials/Earth1kNormal.png
  artifactKey: Guid(b9bde0ce2b53f2144852ee95519c5736) Importer(2089858483,0ecaa5967403d082aa24f35e1b516d23)
Start importing Assets/Planet Earth Free/Materials/Earth1kNormal.png using Guid(b9bde0ce2b53f2144852ee95519c5736) Importer(2089858483,0ecaa5967403d082aa24f35e1b516d23) Generated GUIDs only implemented for interfaces!
 -> (artifact id: 'aab9490fb362d6f0d1b0df7e99bdfa0d') in 0.014187 seconds
Number of updated asset objects reloaded before import = 0
Number of asset objects unloaded after import = 1
========================================================================
Received Import Request.
  Time since last request: 0.000011 seconds.
  path: Assets/Planet Earth Free/Materials/Earth4kMaterial.mat
  artifactKey: Guid(9129bad9aad7f394aa91b2eb46de21c8) Importer(2089858483,0ecaa5967403d082aa24f35e1b516d23)
Start importing Assets/Planet Earth Free/Materials/Earth4kMaterial.mat using Guid(9129bad9aad7f394aa91b2eb46de21c8) Importer(2089858483,0ecaa5967403d082aa24f35e1b516d23) Generated GUIDs only implemented for interfaces!
 -> (artifact id: 'c1f66a1da324871a6e551d929533f51a') in 0.021374 seconds
Number of updated asset objects reloaded before import = 0
Number of asset objects unloaded after import = 3
========================================================================
Received Import Request.
  Time since last request: 0.000013 seconds.
  path: Assets/Planet Earth Free/Materials/StarsTexture.png
  artifactKey: Guid(a36530de48f48214e8decf4cc52eeb9b) Importer(2089858483,0ecaa5967403d082aa24f35e1b516d23)
Start importing Assets/Planet Earth Free/Materials/StarsTexture.png using Guid(a36530de48f48214e8decf4cc52eeb9b) Importer(2089858483,0ecaa5967403d082aa24f35e1b516d23) Generated GUIDs only implemented for interfaces!
 -> (artifact id: '259b83ee42c0f63c1e4c4c6b4d914dbe') in 0.018459 seconds
Number of updated asset objects reloaded before import = 0
Number of asset objects unloaded after import = 1
========================================================================
Received Import Request.
  Time since last request: 0.000012 seconds.
  path: Assets/Audio Clips/thunder rumble.wav
  artifactKey: Guid(3bb6c95469ae34940bd9ff4abdf5e889) Importer(2089858483,0ecaa5967403d082aa24f35e1b516d23)
Start importing Assets/Audio Clips/thunder rumble.wav using Guid(3bb6c95469ae34940bd9ff4abdf5e889) Importer(2089858483,0ecaa5967403d082aa24f35e1b516d23) Generated GUIDs only implemented for interfaces!
 -> (artifact id: 'fb2462b0532f7bb4bc0f241378b056ac') in 0.053515 seconds
Number of updated asset objects reloaded before import = 0
Number of asset objects unloaded after import = 1
========================================================================
Received Import Request.
  Time since last request: 0.000011 seconds.
  path: Assets/Scenes/IGB101 Assignment 1 OliviaShepherd.unity
  artifactKey: Guid(48bd49923a3fa5246b0ce10cc426befa) Importer(2089858483,0ecaa5967403d082aa24f35e1b516d23)
Start importing Assets/Scenes/IGB101 Assignment 1 OliviaShepherd.unity using Guid(48bd49923a3fa5246b0ce10cc426befa) Importer(2089858483,0ecaa5967403d082aa24f35e1b516d23) Generated GUIDs only implemented for interfaces!
 -> (artifact id: 'e9a714ef78055cee673efeae9f286868') in 0.015776 seconds
Number of updated asset objects reloaded before import = 0
Number of asset objects unloaded after import = 1
========================================================================
Received Import Request.
  Time since last request: 0.000125 seconds.
  path: Assets/Third Person Controller-1/Animations/running.fbx
  artifactKey: Guid(77d9df93482067942b5b9eb0ecc4d42e) Importer(2089858483,0ecaa5967403d082aa24f35e1b516d23)
Start importing Assets/Third Person Controller-1/Animations/running.fbx using Guid(77d9df93482067942b5b9eb0ecc4d42e) Importer(2089858483,0ecaa5967403d082aa24f35e1b516d23) Generated GUIDs only implemented for interfaces!
 -> (artifact id: '56179c5a979301c63e0380667230f817') in 0.040937 seconds
Number of updated asset objects reloaded before import = 0
Number of asset objects unloaded after import = 138
========================================================================
Received Import Request.
  Time since last request: 0.000011 seconds.
  path: Assets/Scripts/LevelSwitch.cs
  artifactKey: Guid(6e6824e94011d144b911a9f459064233) Importer(2089858483,0ecaa5967403d082aa24f35e1b516d23)
Start importing Assets/Scripts/LevelSwitch.cs using Guid(6e6824e94011d144b911a9f459064233) Importer(2089858483,0ecaa5967403d082aa24f35e1b516d23) Generated GUIDs only implemented for interfaces!
 -> (artifact id: 'cdf6d7202b5819558b7ac01304834381') in 0.003595 seconds
Number of updated asset objects reloaded before import = 0
Number of asset objects unloaded after import = 1
========================================================================
Received Import Request.
  Time since last request: 0.000010 seconds.
  path: Assets/Animations/get_big.anim
  artifactKey: Guid(092370761d6ca5440b9ca1a5dbdce004) Importer(2089858483,0ecaa5967403d082aa24f35e1b516d23)
Start importing Assets/Animations/get_big.anim using Guid(092370761d6ca5440b9ca1a5dbdce004) Importer(2089858483,0ecaa5967403d082aa24f35e1b516d23) Generated GUIDs only implemented for interfaces!
 -> (artifact id: '4b799544b94cdffee754d6565aeeed8a') in 0.005406 seconds
Number of updated asset objects reloaded before import = 0
Number of asset objects unloaded after import = 1
========================================================================
Received Import Request.
  Time since last request: 0.000010 seconds.
  path: Assets/Concrete/Concrete Material.mat
  artifactKey: Guid(01f5ea4a45a382242a58d08c807bae11) Importer(2089858483,0ecaa5967403d082aa24f35e1b516d23)
Start importing Assets/Concrete/Concrete Material.mat using Guid(01f5ea4a45a382242a58d08c807bae11) Importer(2089858483,0ecaa5967403d082aa24f35e1b516d23) Generated GUIDs only implemented for interfaces!
 -> (artifact id: 'bf8b38c44c59aa5c4a36c03eb6e8493d') in 0.035196 seconds
Number of updated asset objects reloaded before import = 0
Number of asset objects unloaded after import = 5
========================================================================
Received Import Request.
  Time since last request: 0.000013 seconds.
  path: Assets/Planet Earth Free/Prefabs/EarthMedium.prefab
  artifactKey: Guid(2f6c5d6ec779606459f39a8773a9fb35) Importer(2089858483,0ecaa5967403d082aa24f35e1b516d23)
Start importing Assets/Planet Earth Free/Prefabs/EarthMedium.prefab using Guid(2f6c5d6ec779606459f39a8773a9fb35) Importer(2089858483,0ecaa5967403d082aa24f35e1b516d23) Generated GUIDs only implemented for interfaces!
 -> (artifact id: '23ddae6dbe595a81fa06fa2160c562dd') in 0.012694 seconds
Number of updated asset objects reloaded before import = 0
Number of asset objects unloaded after import = 14
========================================================================
Received Import Request.
  Time since last request: 0.000012 seconds.
  path: Assets/Scripts/CameraMovement.cs
  artifactKey: Guid(21bec0a7d263817418ea55cf01d284c0) Importer(2089858483,0ecaa5967403d082aa24f35e1b516d23)
Start importing Assets/Scripts/CameraMovement.cs using Guid(21bec0a7d263817418ea55cf01d284c0) Importer(2089858483,0ecaa5967403d082aa24f35e1b516d23) Generated GUIDs only implemented for interfaces!
 -> (artifact id: '2f896deb92843cccca196858d7635233') in 0.004809 seconds
Number of updated asset objects reloaded before import = 0
Number of asset objects unloaded after import = 1
========================================================================
Received Import Request.
  Time since last request: 0.000015 seconds.
  path: Assets/Materials/fire-explode-design-free-png.mat
  artifactKey: Guid(42b208f0a9c8e2246ad31082f4f88fe5) Importer(2089858483,0ecaa5967403d082aa24f35e1b516d23)
Start importing Assets/Materials/fire-explode-design-free-png.mat using Guid(42b208f0a9c8e2246ad31082f4f88fe5) Importer(2089858483,0ecaa5967403d082aa24f35e1b516d23) Generated GUIDs only implemented for interfaces!
 -> (artifact id: '9e0f44aa5a689054bfdf8508cd82fabe') in 0.007786 seconds
Number of updated asset objects reloaded before import = 0
Number of asset objects unloaded after import = 2
========================================================================
Received Import Request.
  Time since last request: 0.000013 seconds.
  path: Assets/Textures/birchwood.jpg
  artifactKey: Guid(e540c9bedd2514349ac7ea43c46c5b4f) Importer(2089858483,0ecaa5967403d082aa24f35e1b516d23)
Start importing Assets/Textures/birchwood.jpg using Guid(e540c9bedd2514349ac7ea43c46c5b4f) Importer(2089858483,0ecaa5967403d082aa24f35e1b516d23) Generated GUIDs only implemented for interfaces!
 -> (artifact id: '831b8456357ff26b03d82a6e7bab5d25') in 0.020932 seconds
Number of updated asset objects reloaded before import = 0
Number of asset objects unloaded after import = 1
========================================================================
Received Import Request.
  Time since last request: 0.000013 seconds.
  path: Assets/Materials/birchwood.mat
  artifactKey: Guid(118e340d1a7cfbc43a28fdc96b46c336) Importer(2089858483,0ecaa5967403d082aa24f35e1b516d23)
Start importing Assets/Materials/birchwood.mat using Guid(118e340d1a7cfbc43a28fdc96b46c336) Importer(2089858483,0ecaa5967403d082aa24f35e1b516d23) Generated GUIDs only implemented for interfaces!
 -> (artifact id: 'c03ca1e77501a7660756b537596fc14a') in 0.007254 seconds
Number of updated asset objects reloaded before import = 0
Number of asset objects unloaded after import = 2
========================================================================
Received Import Request.
  Time since last request: 0.000016 seconds.
  path: Assets/Materials/Skyboxes/FS013_Snowy_Cubemap.mat
  artifactKey: Guid(87567e7d36a377546a61db55aebf554c) Importer(2089858483,0ecaa5967403d082aa24f35e1b516d23)
Start importing Assets/Materials/Skyboxes/FS013_Snowy_Cubemap.mat using Guid(87567e7d36a377546a61db55aebf554c) Importer(2089858483,0ecaa5967403d082aa24f35e1b516d23) Generated GUIDs only implemented for interfaces!
 -> (artifact id: 'eb71969ce2d17fd874aadc6c707004f8') in 0.011287 seconds
Number of updated asset objects reloaded before import = 0
Number of asset objects unloaded after import = 7
========================================================================
Received Import Request.
  Time since last request: 0.000011 seconds.
  path: Assets/Audio Clips/thumber_rumble_updated.wav
  artifactKey: Guid(e8efb59a710157740aaee8be6eb67d96) Importer(2089858483,0ecaa5967403d082aa24f35e1b516d23)
Start importing Assets/Audio Clips/thumber_rumble_updated.wav using Guid(e8efb59a710157740aaee8be6eb67d96) Importer(2089858483,0ecaa5967403d082aa24f35e1b516d23) Generated GUIDs only implemented for interfaces!
 -> (artifact id: '939661fe40f1e636c6abe879e14f2613') in 0.039034 seconds
Number of updated asset objects reloaded before import = 0
Number of asset objects unloaded after import = 1
========================================================================
Received Import Request.
  Time since last request: 0.000031 seconds.
  path: Assets/Textures/Mat_Coin.mat
  artifactKey: Guid(bd20bdbdaf3bfd4429a93c211e1464bd) Importer(2089858483,0ecaa5967403d082aa24f35e1b516d23)
Start importing Assets/Textures/Mat_Coin.mat using Guid(bd20bdbdaf3bfd4429a93c211e1464bd) Importer(2089858483,0ecaa5967403d082aa24f35e1b516d23) Generated GUIDs only implemented for interfaces!
 -> (artifact id: 'd4ba41c512eee552be1a14a1be67586a') in 0.005633 seconds
Number of updated asset objects reloaded before import = 0
Number of asset objects unloaded after import = 2
========================================================================
Received Import Request.
  Time since last request: 0.000011 seconds.
  path: Assets/Textures/fx_cloud material.mat
  artifactKey: Guid(5fad71e1652c8da478f608dc760ede96) Importer(2089858483,0ecaa5967403d082aa24f35e1b516d23)
Start importing Assets/Textures/fx_cloud material.mat using Guid(5fad71e1652c8da478f608dc760ede96) Importer(2089858483,0ecaa5967403d082aa24f35e1b516d23) Generated GUIDs only implemented for interfaces!
 -> (artifact id: '2b0f87957bb497d3162a80e903e2c9d3') in 0.006237 seconds
Number of updated asset objects reloaded before import = 0
Number of asset objects unloaded after import = 2
========================================================================
Received Import Request.
  Time since last request: 0.000016 seconds.
  path: Assets/Planet Earth Free/Materials/Earth2kTexture.png
  artifactKey: Guid(19dcdc22008309643a435bfa15affdb9) Importer(2089858483,0ecaa5967403d082aa24f35e1b516d23)
Start importing Assets/Planet Earth Free/Materials/Earth2kTexture.png using Guid(19dcdc22008309643a435bfa15affdb9) Importer(2089858483,0ecaa5967403d082aa24f35e1b516d23) Generated GUIDs only implemented for interfaces!
 -> (artifact id: 'b11b139785e877802ba87631a1fe876f') in 0.022046 seconds
Number of updated asset objects reloaded before import = 0
Number of asset objects unloaded after import = 1
========================================================================
Received Import Request.
  Time since last request: 0.000025 seconds.
  path: Assets/Scenes/IGB101 Assignment 1 OliviaShepherd/LightingData.asset
  artifactKey: Guid(88d2087493788184a9304b26ba49433f) Importer(2089858483,0ecaa5967403d082aa24f35e1b516d23)
Start importing Assets/Scenes/IGB101 Assignment 1 OliviaShepherd/LightingData.asset using Guid(88d2087493788184a9304b26ba49433f) Importer(2089858483,0ecaa5967403d082aa24f35e1b516d23) Generated GUIDs only implemented for interfaces!
 -> (artifact id: '1a0a104e194aad00e348d3a3dcb4cba6') in 0.005965 seconds
Number of updated asset objects reloaded before import = 0
Number of asset objects unloaded after import = 2
========================================================================
Received Import Request.
  Time since last request: 0.000013 seconds.
  path: Assets/Scenes/IGB101 Assignment 1 OliviaShepherd/ReflectionProbe-1.exr
  artifactKey: Guid(17d201ed4df6c684bb78a2ae4c98c379) Importer(2089858483,0ecaa5967403d082aa24f35e1b516d23)
Start importing Assets/Scenes/IGB101 Assignment 1 OliviaShepherd/ReflectionProbe-1.exr using Guid(17d201ed4df6c684bb78a2ae4c98c379) Importer(2089858483,0ecaa5967403d082aa24f35e1b516d23) Generated GUIDs only implemented for interfaces!
 -> (artifact id: '0706a567cdc9706644927a360537d473') in 0.023738 seconds
Number of updated asset objects reloaded before import = 0
Number of asset objects unloaded after import = 1
========================================================================
Received Import Request.
  Time since last request: 0.000015 seconds.
  path: Assets/ProBuilder Data/Default Material Palette.asset
  artifactKey: Guid(5d2f60916acd59f4ba15ec1276cc4300) Importer(2089858483,0ecaa5967403d082aa24f35e1b516d23)
Start importing Assets/ProBuilder Data/Default Material Palette.asset using Guid(5d2f60916acd59f4ba15ec1276cc4300) Importer(2089858483,0ecaa5967403d082aa24f35e1b516d23) Generated GUIDs only implemented for interfaces!
 -> (artifact id: '04bb0e8e2028d13cece40f42fb5828f0') in 0.006761 seconds
Number of updated asset objects reloaded before import = 0
Number of asset objects unloaded after import = 2
========================================================================
Received Import Request.
  Time since last request: 0.000016 seconds.
  path: Assets/Third Person Controller-1/Animations/turn.fbx
  artifactKey: Guid(fe5a3f78955de764190c2a53523ae0b4) Importer(2089858483,0ecaa5967403d082aa24f35e1b516d23)
Start importing Assets/Third Person Controller-1/Animations/turn.fbx using Guid(fe5a3f78955de764190c2a53523ae0b4) Importer(2089858483,0ecaa5967403d082aa24f35e1b516d23) Generated GUIDs only implemented for interfaces!
 -> (artifact id: 'c5c9ec5dc531ef4d27aa51c15c62809c') in 0.034626 seconds
Number of updated asset objects reloaded before import = 0
Number of asset objects unloaded after import = 147
========================================================================
Received Import Request.
  Time since last request: 0.000013 seconds.
  path: Assets/Materials/raaaaa.mat
  artifactKey: Guid(f456f226c39ef6748890542fb5534d54) Importer(2089858483,0ecaa5967403d082aa24f35e1b516d23)
Start importing Assets/Materials/raaaaa.mat using Guid(f456f226c39ef6748890542fb5534d54) Importer(2089858483,0ecaa5967403d082aa24f35e1b516d23) Generated GUIDs only implemented for interfaces!
 -> (artifact id: '330b6df5147e1689a4d7eef49094ec35') in 0.006020 seconds
Number of updated asset objects reloaded before import = 0
Number of asset objects unloaded after import = 2
========================================================================
Received Import Request.
  Time since last request: 0.000013 seconds.
  path: Assets/Materials/fireparticler.mat
  artifactKey: Guid(85103f6505485a643b7a25d63ba28211) Importer(2089858483,0ecaa5967403d082aa24f35e1b516d23)
Start importing Assets/Materials/fireparticler.mat using Guid(85103f6505485a643b7a25d63ba28211) Importer(2089858483,0ecaa5967403d082aa24f35e1b516d23) Generated GUIDs only implemented for interfaces!
 -> (artifact id: '569ebe617128ac496ad6ef9195d2b083') in 0.008406 seconds
Number of updated asset objects reloaded before import = 0
Number of asset objects unloaded after import = 2
========================================================================
Received Import Request.
  Time since last request: 0.000014 seconds.
  path: Assets/Concrete/Clean_Concrete_GroundDiffuse.png
  artifactKey: Guid(aa949881894e42e4cb1cf987cb0e924c) Importer(2089858483,0ecaa5967403d082aa24f35e1b516d23)
Start importing Assets/Concrete/Clean_Concrete_GroundDiffuse.png using Guid(aa949881894e42e4cb1cf987cb0e924c) Importer(2089858483,0ecaa5967403d082aa24f35e1b516d23) Generated GUIDs only implemented for interfaces!
 -> (artifact id: '1d7e2ab8c51bf39acdc4c2afbe6096de') in 0.015192 seconds
Number of updated asset objects reloaded before import = 0
Number of asset objects unloaded after import = 1
========================================================================
Received Import Request.
  Time since last request: 0.000013 seconds.
  path: Assets/Materials/Skyboxes/FS013_Sunset_Cubemap.mat
  artifactKey: Guid(2b0ee035e6c540241b0977a4f54c7425) Importer(2089858483,0ecaa5967403d082aa24f35e1b516d23)
Start importing Assets/Materials/Skyboxes/FS013_Sunset_Cubemap.mat using Guid(2b0ee035e6c540241b0977a4f54c7425) Importer(2089858483,0ecaa5967403d082aa24f35e1b516d23) Generated GUIDs only implemented for interfaces!
 -> (artifact id: '65a3e6064dfb669ed760f323f9d331b2') in 0.008834 seconds
Number of updated asset objects reloaded before import = 0
Number of asset objects unloaded after import = 7
========================================================================
Received Import Request.
  Time since last request: 4.395275 seconds.
  path: Assets/Materials/Skyboxes/Images/FS013_Day_Cubemap_right.png
  artifactKey: Guid(e4f3a493b7f435a4d847b7a0f2d6427a) Importer(2089858483,0ecaa5967403d082aa24f35e1b516d23)
Start importing Assets/Materials/Skyboxes/Images/FS013_Day_Cubemap_right.png using Guid(e4f3a493b7f435a4d847b7a0f2d6427a) Importer(2089858483,0ecaa5967403d082aa24f35e1b516d23) Generated GUIDs only implemented for interfaces!
 -> (artifact id: '868dcec2d72d87f1af2bd7ecde639168') in 0.019011 seconds
Number of updated asset objects reloaded before import = 0
Number of asset objects unloaded after import = 1
========================================================================
Received Import Request.
  Time since last request: 0.000047 seconds.
  path: Assets/Models and Prefabs/Walls and Floors/Models/Wood/Corner-Wood-Model-01.fbx
  artifactKey: Guid(63df4f3e5fe6f4f4f89ec3a5e087a491) Importer(2089858483,0ecaa5967403d082aa24f35e1b516d23)
Start importing Assets/Models and Prefabs/Walls and Floors/Models/Wood/Corner-Wood-Model-01.fbx using Guid(63df4f3e5fe6f4f4f89ec3a5e087a491) Importer(2089858483,0ecaa5967403d082aa24f35e1b516d23) Generated GUIDs only implemented for interfaces!
 -> (artifact id: 'da57830e7de78b78253d4d37c193e448') in 0.015302 seconds
Number of updated asset objects reloaded before import = 0
Number of asset objects unloaded after import = 7
========================================================================
Received Import Request.
  Time since last request: 0.000014 seconds.
  path: Assets/Models and Prefabs/Walls and Floors/Models/Wood/Corner-Wood-Model-04.fbx
  artifactKey: Guid(ad296451297fb5041a5a13cc354c0bf3) Importer(2089858483,0ecaa5967403d082aa24f35e1b516d23)
Start importing Assets/Models and Prefabs/Walls and Floors/Models/Wood/Corner-Wood-Model-04.fbx using Guid(ad296451297fb5041a5a13cc354c0bf3) Importer(2089858483,0ecaa5967403d082aa24f35e1b516d23) Generated GUIDs only implemented for interfaces!
 -> (artifact id: '14a967700ad870e373f8a0d832376b0c') in 0.012066 seconds
Number of updated asset objects reloaded before import = 0
Number of asset objects unloaded after import = 7
========================================================================
Received Import Request.
  Time since last request: 0.000012 seconds.
  path: Assets/Materials/Skyboxes/Images/FS013_Sunrise_Cubemap_back.png
  artifactKey: Guid(8328d7c40f1d37140b95d0d9f4d7111f) Importer(2089858483,0ecaa5967403d082aa24f35e1b516d23)
Start importing Assets/Materials/Skyboxes/Images/FS013_Sunrise_Cubemap_back.png using Guid(8328d7c40f1d37140b95d0d9f4d7111f) Importer(2089858483,0ecaa5967403d082aa24f35e1b516d23) Generated GUIDs only implemented for interfaces!
 -> (artifact id: 'b7638aa59149f6ef29cee97f310b3e8f') in 0.015825 seconds
Number of updated asset objects reloaded before import = 0
Number of asset objects unloaded after import = 1
========================================================================
Received Import Request.
  Time since last request: 0.000012 seconds.
  path: Assets/Models and Prefabs/Walls and Floors/Demo Scenes/Demo DungeonsSettings.lighting
  artifactKey: Guid(3d3a8e2133698d843adbea238156c222) Importer(2089858483,0ecaa5967403d082aa24f35e1b516d23)
Start importing Assets/Models and Prefabs/Walls and Floors/Demo Scenes/Demo DungeonsSettings.lighting using Guid(3d3a8e2133698d843adbea238156c222) Importer(2089858483,0ecaa5967403d082aa24f35e1b516d23) LightingSettings: switching bake backend from 1 to 0.
Generated GUIDs only implemented for interfaces!
 -> (artifact id: '8e1c2617d200654c366b22709259cba5') in 0.012520 seconds
Number of updated asset objects reloaded before import = 0
Number of asset objects unloaded after import = 1
========================================================================
Received Import Request.
  Time since last request: 0.000013 seconds.
  path: Assets/Models and Prefabs/Walls and Floors/Models/Wood/Door-Wood-Model-02.fbx
  artifactKey: Guid(f0e081e328e30854da83a08974ef6b0c) Importer(2089858483,0ecaa5967403d082aa24f35e1b516d23)
Start importing Assets/Models and Prefabs/Walls and Floors/Models/Wood/Door-Wood-Model-02.fbx using Guid(f0e081e328e30854da83a08974ef6b0c) Importer(2089858483,0ecaa5967403d082aa24f35e1b516d23) Generated GUIDs only implemented for interfaces!
 -> (artifact id: 'efddcda73b8222e8acde1ee8adaaa20a') in 0.013085 seconds
Number of updated asset objects reloaded before import = 0
Number of asset objects unloaded after import = 7
========================================================================
Received Import Request.
  Time since last request: 0.000012 seconds.
  path: Assets/Materials/Skyboxes/Images/FS013_Sunset_Cubemap_down.png
  artifactKey: Guid(81843544bdbcf7544a4807db93d3f72d) Importer(2089858483,0ecaa5967403d082aa24f35e1b516d23)
Start importing Assets/Materials/Skyboxes/Images/FS013_Sunset_Cubemap_down.png using Guid(81843544bdbcf7544a4807db93d3f72d) Importer(2089858483,0ecaa5967403d082aa24f35e1b516d23) Generated GUIDs only implemented for interfaces!
 -> (artifact id: '951d00aaabe38e859315969f3d56ef8f') in 0.016343 seconds
Number of updated asset objects reloaded before import = 0
Number of asset objects unloaded after import = 1
========================================================================
Received Import Request.
  Time since last request: 0.000029 seconds.
  path: Assets/Materials/Skyboxes/Images/FS013_Sunrise_Cubemap.cubemap
  artifactKey: Guid(c41e0db1e4f41b64e9c1540660bc9036) Importer(2089858483,0ecaa5967403d082aa24f35e1b516d23)
Start importing Assets/Materials/Skyboxes/Images/FS013_Sunrise_Cubemap.cubemap using Guid(c41e0db1e4f41b64e9c1540660bc9036) Importer(2089858483,0ecaa5967403d082aa24f35e1b516d23) Generated GUIDs only implemented for interfaces!
 -> (artifact id: 'b2e7385946b4ad4850a93a37fd3af9cf') in 0.191639 seconds
Number of updated asset objects reloaded before import = 0
Number of asset objects unloaded after import = 1
========================================================================
Received Import Request.
  Time since last request: 0.000024 seconds.
  path: Assets/Materials/Skyboxes/Images/FS013_Sunset_Cubemap_front.png
  artifactKey: Guid(ff8abd214316c8b40a27074464ed2778) Importer(2089858483,0ecaa5967403d082aa24f35e1b516d23)
Start importing Assets/Materials/Skyboxes/Images/FS013_Sunset_Cubemap_front.png using Guid(ff8abd214316c8b40a27074464ed2778) Importer(2089858483,0ecaa5967403d082aa24f35e1b516d23) Generated GUIDs only implemented for interfaces!
 -> (artifact id: 'ee77f792c5476508b98cdca0309ed206') in 0.019083 seconds
Number of updated asset objects reloaded before import = 0
Number of asset objects unloaded after import = 1
========================================================================
Received Import Request.
  Time since last request: 0.000019 seconds.
  path: Assets/Models and Prefabs/Walls and Floors/Models/Wood/Door-Wood-Model-03.fbx
  artifactKey: Guid(5bd2be986c1e9824c9fc2e7b28a930c6) Importer(2089858483,0ecaa5967403d082aa24f35e1b516d23)
Start importing Assets/Models and Prefabs/Walls and Floors/Models/Wood/Door-Wood-Model-03.fbx using Guid(5bd2be986c1e9824c9fc2e7b28a930c6) Importer(2089858483,0ecaa5967403d082aa24f35e1b516d23) Generated GUIDs only implemented for interfaces!
 -> (artifact id: 'b1eccfb527a4bab0285852cb2b43c83a') in 0.012656 seconds
Number of updated asset objects reloaded before import = 0
Number of asset objects unloaded after import = 7
========================================================================
Received Import Request.
  Time since last request: 0.000015 seconds.
  path: Assets/Models and Prefabs/Walls and Floors/Models/Stone/Wall-Stone-Model-07.fbx
  artifactKey: Guid(145a3c9f161ea3e4cb5a0e3a7b878e9e) Importer(2089858483,0ecaa5967403d082aa24f35e1b516d23)
Start importing Assets/Models and Prefabs/Walls and Floors/Models/Stone/Wall-Stone-Model-07.fbx using Guid(145a3c9f161ea3e4cb5a0e3a7b878e9e) Importer(2089858483,0ecaa5967403d082aa24f35e1b516d23) Generated GUIDs only implemented for interfaces!
 -> (artifact id: 'c62ce55b88263f7b37736d78949198c9') in 0.012670 seconds
Number of updated asset objects reloaded before import = 0
Number of asset objects unloaded after import = 7
========================================================================
Received Import Request.
  Time since last request: 0.000012 seconds.
  path: Assets/Models and Prefabs/Walls and Floors/Models/Stone/Corner-Stone-Model-02.fbx
  artifactKey: Guid(08d12cc52cf95df4aad9e9ec0dc4c95b) Importer(2089858483,0ecaa5967403d082aa24f35e1b516d23)
Start importing Assets/Models and Prefabs/Walls and Floors/Models/Stone/Corner-Stone-Model-02.fbx using Guid(08d12cc52cf95df4aad9e9ec0dc4c95b) Importer(2089858483,0ecaa5967403d082aa24f35e1b516d23) Generated GUIDs only implemented for interfaces!
 -> (artifact id: '140e43d004173d3a1be4324cc0e0794d') in 0.015877 seconds
Number of updated asset objects reloaded before import = 0
Number of asset objects unloaded after import = 7
========================================================================
Received Import Request.
  Time since last request: 0.000011 seconds.
  path: Assets/Materials/Skyboxes/Images/FS013_Day_Sunless_Cubemap_back.png
  artifactKey: Guid(95fdc0a55d9b26a4c91f378509734c05) Importer(2089858483,0ecaa5967403d082aa24f35e1b516d23)
Start importing Assets/Materials/Skyboxes/Images/FS013_Day_Sunless_Cubemap_back.png using Guid(95fdc0a55d9b26a4c91f378509734c05) Importer(2089858483,0ecaa5967403d082aa24f35e1b516d23) Generated GUIDs only implemented for interfaces!
 -> (artifact id: '4abe2615ab24dafa9550f1ae46521ba7') in 0.015198 seconds
Number of updated asset objects reloaded before import = 0
Number of asset objects unloaded after import = 1
========================================================================
Received Import Request.
  Time since last request: 0.000012 seconds.
  path: Assets/Models and Prefabs/Walls and Floors/Models/Stone/Wall-Stone-Model-09.fbx
  artifactKey: Guid(7d15d5e86b6abe149aae4a97839483bd) Importer(2089858483,0ecaa5967403d082aa24f35e1b516d23)
Start importing Assets/Models and Prefabs/Walls and Floors/Models/Stone/Wall-Stone-Model-09.fbx using Guid(7d15d5e86b6abe149aae4a97839483bd) Importer(2089858483,0ecaa5967403d082aa24f35e1b516d23) Generated GUIDs only implemented for interfaces!
 -> (artifact id: 'c1eaca6418c66162339c829e14e08fbf') in 0.013776 seconds
Number of updated asset objects reloaded before import = 0
Number of asset objects unloaded after import = 7
========================================================================
Received Import Request.
  Time since last request: 0.000015 seconds.
  path: Assets/Materials/Skyboxes/Images/FS013_Night_Moonless_Cubemap_up.png
  artifactKey: Guid(b5684e05449395e409f53fca3c26b13d) Importer(2089858483,0ecaa5967403d082aa24f35e1b516d23)
Start importing Assets/Materials/Skyboxes/Images/FS013_Night_Moonless_Cubemap_up.png using Guid(b5684e05449395e409f53fca3c26b13d) Importer(2089858483,0ecaa5967403d082aa24f35e1b516d23) Generated GUIDs only implemented for interfaces!
 -> (artifact id: '34be3e71fc3a4c2fd0eb4d0115cb5ea8') in 0.016209 seconds
Number of updated asset objects reloaded before import = 0
Number of asset objects unloaded after import = 1
========================================================================
Received Import Request.
  Time since last request: 0.000013 seconds.
  path: Assets/Materials/Skyboxes/Images/FS013_Night_Cubemap_right.png
  artifactKey: Guid(5cff83268441404428273cf2348b2b88) Importer(2089858483,0ecaa5967403d082aa24f35e1b516d23)
Start importing Assets/Materials/Skyboxes/Images/FS013_Night_Cubemap_right.png using Guid(5cff83268441404428273cf2348b2b88) Importer(2089858483,0ecaa5967403d082aa24f35e1b516d23) Generated GUIDs only implemented for interfaces!
 -> (artifact id: '561de5195afb260ca9999fb86c660ae5') in 0.016138 seconds
Number of updated asset objects reloaded before import = 0
Number of asset objects unloaded after import = 1
========================================================================
Received Import Request.
  Time since last request: 0.000012 seconds.
  path: Assets/Models and Prefabs/Walls and Floors/Models/Stone/Floor-Stone-Model-04.fbx
  artifactKey: Guid(d99d74b25e1ef324ba487ba59ad07cdd) Importer(2089858483,0ecaa5967403d082aa24f35e1b516d23)
Start importing Assets/Models and Prefabs/Walls and Floors/Models/Stone/Floor-Stone-Model-04.fbx using Guid(d99d74b25e1ef324ba487ba59ad07cdd) Importer(2089858483,0ecaa5967403d082aa24f35e1b516d23) Generated GUIDs only implemented for interfaces!
 -> (artifact id: 'fd5d0c7d78b7d64855ceb0a2a9e9ae18') in 0.011786 seconds
Number of updated asset objects reloaded before import = 0
Number of asset objects unloaded after import = 7
========================================================================
Received Import Request.
  Time since last request: 0.000013 seconds.
  path: Assets/Third Person Controller-1/Robot Kyle/Textures/Robot_Normal.tga
  artifactKey: Guid(94c473c9137744d7eabd829f1150da8d) Importer(2089858483,0ecaa5967403d082aa24f35e1b516d23)
Start importing Assets/Third Person Controller-1/Robot Kyle/Textures/Robot_Normal.tga using Guid(94c473c9137744d7eabd829f1150da8d) Importer(2089858483,0ecaa5967403d082aa24f35e1b516d23) Generated GUIDs only implemented for interfaces!
 -> (artifact id: 'd6b3b29eb0042bf54fba0973764c3f20') in 0.015306 seconds
Number of updated asset objects reloaded before import = 0
Number of asset objects unloaded after import = 1
========================================================================
Received Import Request.
  Time since last request: 0.000013 seconds.
  path: Assets/Models and Prefabs/Walls and Floors/Models/Wood/Wall-Wood-Model-02.fbx
  artifactKey: Guid(2f16e9f8b47f15443a3e5190d7cc3135) Importer(2089858483,0ecaa5967403d082aa24f35e1b516d23)
Start importing Assets/Models and Prefabs/Walls and Floors/Models/Wood/Wall-Wood-Model-02.fbx using Guid(2f16e9f8b47f15443a3e5190d7cc3135) Importer(2089858483,0ecaa5967403d082aa24f35e1b516d23) Generated GUIDs only implemented for interfaces!
 -> (artifact id: 'f9bc920ca6a1655d6a50001abe997476') in 0.013429 seconds
Number of updated asset objects reloaded before import = 0
Number of asset objects unloaded after import = 7
========================================================================
Received Import Request.
  Time since last request: 0.000013 seconds.
  path: Assets/Models and Prefabs/Walls and Floors/Models/Wood/Wall-Wood-Model-01.fbx
  artifactKey: Guid(2902b228b51682e49b120efe22113a45) Importer(2089858483,0ecaa5967403d082aa24f35e1b516d23)
Start importing Assets/Models and Prefabs/Walls and Floors/Models/Wood/Wall-Wood-Model-01.fbx using Guid(2902b228b51682e49b120efe22113a45) Importer(2089858483,0ecaa5967403d082aa24f35e1b516d23) Generated GUIDs only implemented for interfaces!
 -> (artifact id: '4a5a824ee097622b12d6294b66d558c4') in 0.012918 seconds
Number of updated asset objects reloaded before import = 0
Number of asset objects unloaded after import = 7
========================================================================
Received Import Request.
  Time since last request: 0.000012 seconds.
  path: Assets/Models and Prefabs/Walls and Floors/Models/Wood/Corner-Wood-Model-02.fbx
  artifactKey: Guid(748adb5b8f858f6468e2af9362da2150) Importer(2089858483,0ecaa5967403d082aa24f35e1b516d23)
Start importing Assets/Models and Prefabs/Walls and Floors/Models/Wood/Corner-Wood-Model-02.fbx using Guid(748adb5b8f858f6468e2af9362da2150) Importer(2089858483,0ecaa5967403d082aa24f35e1b516d23) Generated GUIDs only implemented for interfaces!
 -> (artifact id: 'f1bb8c35984799734ee1ef64505030a1') in 0.011838 seconds
Number of updated asset objects reloaded before import = 0
Number of asset objects unloaded after import = 7
========================================================================
Received Import Request.
  Time since last request: 0.000013 seconds.
  path: Assets/Materials/Skyboxes/Images/FS013_Night_Cubemap_up.png
  artifactKey: Guid(509bd86752904584f86472d3b0cde574) Importer(2089858483,0ecaa5967403d082aa24f35e1b516d23)
Start importing Assets/Materials/Skyboxes/Images/FS013_Night_Cubemap_up.png using Guid(509bd86752904584f86472d3b0cde574) Importer(2089858483,0ecaa5967403d082aa24f35e1b516d23) Generated GUIDs only implemented for interfaces!
 -> (artifact id: 'd345ee4651ed0bdfd779ae8046acef07') in 0.018398 seconds
Number of updated asset objects reloaded before import = 0
Number of asset objects unloaded after import = 1
========================================================================
Received Import Request.
  Time since last request: 0.000018 seconds.
  path: Assets/Models and Prefabs/Walls and Floors/Prefabs/Stone/Corners/Corner-Stone (1).prefab
  artifactKey: Guid(5ad9ed5263f46ab4dbf19b48295add63) Importer(2089858483,0ecaa5967403d082aa24f35e1b516d23)
Start importing Assets/Models and Prefabs/Walls and Floors/Prefabs/Stone/Corners/Corner-Stone (1).prefab using Guid(5ad9ed5263f46ab4dbf19b48295add63) Importer(2089858483,0ecaa5967403d082aa24f35e1b516d23) Generated GUIDs only implemented for interfaces!
 -> (artifact id: '7571c94297e3f79b6c9f81dc3908fd3b') in 0.011293 seconds
Number of updated asset objects reloaded before import = 0
Number of asset objects unloaded after import = 8
========================================================================
Received Import Request.
  Time since last request: 0.000016 seconds.
  path: Assets/Models and Prefabs/Walls and Floors/Prefabs/Stone/Walls/Wall-Stone (12).prefab
  artifactKey: Guid(a32c0d64e9a7a3844b9595b73654df6d) Importer(2089858483,0ecaa5967403d082aa24f35e1b516d23)
Start importing Assets/Models and Prefabs/Walls and Floors/Prefabs/Stone/Walls/Wall-Stone (12).prefab using Guid(a32c0d64e9a7a3844b9595b73654df6d) Importer(2089858483,0ecaa5967403d082aa24f35e1b516d23) Generated GUIDs only implemented for interfaces!
 -> (artifact id: 'afc4da5eeb0d9ed0995990bd3a0f81fb') in 0.008493 seconds
Number of updated asset objects reloaded before import = 0
Number of asset objects unloaded after import = 8
========================================================================
Received Import Request.
  Time since last request: 0.000021 seconds.
  path: Assets/Models and Prefabs/Walls and Floors/Prefabs/Wood/Corners/Corner-Wood (3).prefab
  artifactKey: Guid(6c4b071a6b12d0145af3632f1f43cd11) Importer(2089858483,0ecaa5967403d082aa24f35e1b516d23)
Start importing Assets/Models and Prefabs/Walls and Floors/Prefabs/Wood/Corners/Corner-Wood (3).prefab using Guid(6c4b071a6b12d0145af3632f1f43cd11) Importer(2089858483,0ecaa5967403d082aa24f35e1b516d23) Generated GUIDs only implemented for interfaces!
 -> (artifact id: '17ab762b7b43fac091d332c9cf921676') in 0.007986 seconds
Number of updated asset objects reloaded before import = 0
Number of asset objects unloaded after import = 8
========================================================================
Received Import Request.
  Time since last request: 0.000015 seconds.
  path: Assets/Models and Prefabs/Walls and Floors/Models/Wood/materials/Wall-Wood-Model-08.mat
  artifactKey: Guid(d709285a8e45fcb44b3d0b8e0eb893ce) Importer(2089858483,0ecaa5967403d082aa24f35e1b516d23)
Start importing Assets/Models and Prefabs/Walls and Floors/Models/Wood/materials/Wall-Wood-Model-08.mat using Guid(d709285a8e45fcb44b3d0b8e0eb893ce) Importer(2089858483,0ecaa5967403d082aa24f35e1b516d23) Generated GUIDs only implemented for interfaces!
 -> (artifact id: 'd6f540ce243bc53b178b7133d71ba1b8') in 0.007057 seconds
Number of updated asset objects reloaded before import = 0
Number of asset objects unloaded after import = 2
========================================================================
Received Import Request.
  Time since last request: 0.000014 seconds.
  path: Assets/Models and Prefabs/Walls and Floors/Models/Stone/materials/Door-Stone-Model-03.png
  artifactKey: Guid(2c3b502c3b0689e4c8b7f41463ed9197) Importer(2089858483,0ecaa5967403d082aa24f35e1b516d23)
Start importing Assets/Models and Prefabs/Walls and Floors/Models/Stone/materials/Door-Stone-Model-03.png using Guid(2c3b502c3b0689e4c8b7f41463ed9197) Importer(2089858483,0ecaa5967403d082aa24f35e1b516d23) Generated GUIDs only implemented for interfaces!
 -> (artifact id: '729230cca054b8bb9904d443aa841323') in 0.017187 seconds
Number of updated asset objects reloaded before import = 0
Number of asset objects unloaded after import = 1
========================================================================
Received Import Request.
  Time since last request: 0.000012 seconds.
  path: Assets/Models and Prefabs/Walls and Floors/Prefabs/Stone/Walls/Wall-Stone (5).prefab
  artifactKey: Guid(25b1fa3957978c8458406dc7cd54fdf8) Importer(2089858483,0ecaa5967403d082aa24f35e1b516d23)
Start importing Assets/Models and Prefabs/Walls and Floors/Prefabs/Stone/Walls/Wall-Stone (5).prefab using Guid(25b1fa3957978c8458406dc7cd54fdf8) Importer(2089858483,0ecaa5967403d082aa24f35e1b516d23) Generated GUIDs only implemented for interfaces!
 -> (artifact id: '0832c634976c7cf28ec3f7e12573e32a') in 0.008370 seconds
Number of updated asset objects reloaded before import = 0
Number of asset objects unloaded after import = 8
========================================================================
Received Import Request.
  Time since last request: 0.000014 seconds.
  path: Assets/Models and Prefabs/Walls and Floors/Models/Wood/materials/Door-Wood-Model-01.mat
  artifactKey: Guid(549e14b0782f578449d1f6c4ab6094ff) Importer(2089858483,0ecaa5967403d082aa24f35e1b516d23)
Start importing Assets/Models and Prefabs/Walls and Floors/Models/Wood/materials/Door-Wood-Model-01.mat using Guid(549e14b0782f578449d1f6c4ab6094ff) Importer(2089858483,0ecaa5967403d082aa24f35e1b516d23) Generated GUIDs only implemented for interfaces!
 -> (artifact id: '5678f9c0b1efbf0b05c78b73b7e38f30') in 0.007204 seconds
Number of updated asset objects reloaded before import = 0
Number of asset objects unloaded after import = 2
========================================================================
Received Import Request.
  Time since last request: 0.000012 seconds.
  path: Assets/Models and Prefabs/Walls and Floors/Models/Wood/materials/Corner-Wood-Model-01.mat
  artifactKey: Guid(c536d6c83c786874c99ede5429a81770) Importer(2089858483,0ecaa5967403d082aa24f35e1b516d23)
Start importing Assets/Models and Prefabs/Walls and Floors/Models/Wood/materials/Corner-Wood-Model-01.mat using Guid(c536d6c83c786874c99ede5429a81770) Importer(2089858483,0ecaa5967403d082aa24f35e1b516d23) Generated GUIDs only implemented for interfaces!
 -> (artifact id: 'c3628562131cedf6f75f5f4f15e5233a') in 0.006817 seconds
Number of updated asset objects reloaded before import = 0
Number of asset objects unloaded after import = 2
========================================================================
Received Import Request.
  Time since last request: 0.000014 seconds.
  path: Assets/Models and Prefabs/Walls and Floors/Models/Wood/materials/Wall-Wood-Model-10.png
  artifactKey: Guid(73a539225e2e1334e8032e8f43a49314) Importer(2089858483,0ecaa5967403d082aa24f35e1b516d23)
Start importing Assets/Models and Prefabs/Walls and Floors/Models/Wood/materials/Wall-Wood-Model-10.png using Guid(73a539225e2e1334e8032e8f43a49314) Importer(2089858483,0ecaa5967403d082aa24f35e1b516d23) Generated GUIDs only implemented for interfaces!
 -> (artifact id: 'e13c123ced577149bd7db23fc3cc751a') in 0.017123 seconds
Number of updated asset objects reloaded before import = 0
Number of asset objects unloaded after import = 1
========================================================================
Received Import Request.
  Time since last request: 0.000014 seconds.
  path: Assets/Models and Prefabs/Walls and Floors/Models/Stone/materials/Corner-Stone-Model-04.mat
  artifactKey: Guid(9c1fdc88dd11f204e83af10d0d8bf680) Importer(2089858483,0ecaa5967403d082aa24f35e1b516d23)
Start importing Assets/Models and Prefabs/Walls and Floors/Models/Stone/materials/Corner-Stone-Model-04.mat using Guid(9c1fdc88dd11f204e83af10d0d8bf680) Importer(2089858483,0ecaa5967403d082aa24f35e1b516d23) Generated GUIDs only implemented for interfaces!
 -> (artifact id: 'de09296d384d5d5774d930a20d91fdf5') in 0.006704 seconds
Number of updated asset objects reloaded before import = 0
Number of asset objects unloaded after import = 2
========================================================================
Received Import Request.
  Time since last request: 0.000013 seconds.
  path: Assets/Models and Prefabs/Walls and Floors/Models/Wood/materials/Door-Wood-Model-01.png
  artifactKey: Guid(4060538865d89f244846f234cb47d4c2) Importer(2089858483,0ecaa5967403d082aa24f35e1b516d23)
Start importing Assets/Models and Prefabs/Walls and Floors/Models/Wood/materials/Door-Wood-Model-01.png using Guid(4060538865d89f244846f234cb47d4c2) Importer(2089858483,0ecaa5967403d082aa24f35e1b516d23) Generated GUIDs only implemented for interfaces!
 -> (artifact id: '2093ddf56826d19eccb8ead3a602ad42') in 0.016801 seconds
Number of updated asset objects reloaded before import = 0
Number of asset objects unloaded after import = 1
========================================================================
Received Import Request.
  Time since last request: 0.000012 seconds.
  path: Assets/Models and Prefabs/Walls and Floors/Prefabs/Stone/Doors/Door-Stone (3).prefab
  artifactKey: Guid(912331f82e3fac14da3fb42b2d2eceee) Importer(2089858483,0ecaa5967403d082aa24f35e1b516d23)
Start importing Assets/Models and Prefabs/Walls and Floors/Prefabs/Stone/Doors/Door-Stone (3).prefab using Guid(912331f82e3fac14da3fb42b2d2eceee) Importer(2089858483,0ecaa5967403d082aa24f35e1b516d23) Generated GUIDs only implemented for interfaces!
 -> (artifact id: '9dc369f4373191ab72656da5dd44bea2') in 0.007847 seconds
Number of updated asset objects reloaded before import = 0
Number of asset objects unloaded after import = 10
========================================================================
Received Import Request.
  Time since last request: 0.000014 seconds.
  path: Assets/Models and Prefabs/Walls and Floors/Models/Wood/materials/Floor-Wood-Model-01.mat
  artifactKey: Guid(99a7f16ed8f78a7418373cbb4bf8aa04) Importer(2089858483,0ecaa5967403d082aa24f35e1b516d23)
Start importing Assets/Models and Prefabs/Walls and Floors/Models/Wood/materials/Floor-Wood-Model-01.mat using Guid(99a7f16ed8f78a7418373cbb4bf8aa04) Importer(2089858483,0ecaa5967403d082aa24f35e1b516d23) Generated GUIDs only implemented for interfaces!
 -> (artifact id: 'cc80556e01a967f70337421a89ce0ecc') in 0.006572 seconds
Number of updated asset objects reloaded before import = 0
Number of asset objects unloaded after import = 2
========================================================================
Received Import Request.
  Time since last request: 0.000014 seconds.
  path: Assets/Models and Prefabs/Walls and Floors/Prefabs/Stone/Corners/Corner-Stone (2).prefab
  artifactKey: Guid(74b669fe92fe9174ebae205152ac9e61) Importer(2089858483,0ecaa5967403d082aa24f35e1b516d23)
Start importing Assets/Models and Prefabs/Walls and Floors/Prefabs/Stone/Corners/Corner-Stone (2).prefab using Guid(74b669fe92fe9174ebae205152ac9e61) Importer(2089858483,0ecaa5967403d082aa24f35e1b516d23) Generated GUIDs only implemented for interfaces!
 -> (artifact id: '7f9955cf625311491b857ad4c512edd9') in 0.008313 seconds
Number of updated asset objects reloaded before import = 0
Number of asset objects unloaded after import = 8
========================================================================
Received Import Request.
  Time since last request: 0.000014 seconds.
  path: Assets/Models and Prefabs/Walls and Floors/Models/Stone/materials/Wall-Stone-Model-07.png
  artifactKey: Guid(95c07c7da75cacd48ad197c7a0ca4779) Importer(2089858483,0ecaa5967403d082aa24f35e1b516d23)
Start importing Assets/Models and Prefabs/Walls and Floors/Models/Stone/materials/Wall-Stone-Model-07.png using Guid(95c07c7da75cacd48ad197c7a0ca4779) Importer(2089858483,0ecaa5967403d082aa24f35e1b516d23) Generated GUIDs only implemented for interfaces!
 -> (artifact id: 'f1ce133e3b169139f2c2e0d35c080349') in 0.016332 seconds
Number of updated asset objects reloaded before import = 0
Number of asset objects unloaded after import = 1
========================================================================
Received Import Request.
  Time since last request: 0.000016 seconds.
  path: Assets/Models and Prefabs/Walls and Floors/Models/Stone/materials/Wall-Stone-Model-01.png
  artifactKey: Guid(1062c851ac463864a975a31507fa79b2) Importer(2089858483,0ecaa5967403d082aa24f35e1b516d23)
Start importing Assets/Models and Prefabs/Walls and Floors/Models/Stone/materials/Wall-Stone-Model-01.png using Guid(1062c851ac463864a975a31507fa79b2) Importer(2089858483,0ecaa5967403d082aa24f35e1b516d23) Generated GUIDs only implemented for interfaces!
 -> (artifact id: 'f85e24596da1965d7f6d459db38877f7') in 0.017019 seconds
Number of updated asset objects reloaded before import = 0
Number of asset objects unloaded after import = 1
========================================================================
Received Import Request.
  Time since last request: 0.000020 seconds.
  path: Assets/Models and Prefabs/Walls and Floors/Models/Stone/materials/Wall-Stone-Model-02.png
  artifactKey: Guid(e97b3d3aca7226f4ca436e792a53f4b1) Importer(2089858483,0ecaa5967403d082aa24f35e1b516d23)
Start importing Assets/Models and Prefabs/Walls and Floors/Models/Stone/materials/Wall-Stone-Model-02.png using Guid(e97b3d3aca7226f4ca436e792a53f4b1) Importer(2089858483,0ecaa5967403d082aa24f35e1b516d23) Generated GUIDs only implemented for interfaces!
 -> (artifact id: '8638962a3102fced35357297c4b06920') in 0.016893 seconds
Number of updated asset objects reloaded before import = 0
Number of asset objects unloaded after import = 1
========================================================================
Received Import Request.
  Time since last request: 0.000012 seconds.
  path: Assets/Models and Prefabs/Walls and Floors/Models/Stone/materials/Wall-Stone-Model-02.mat
  artifactKey: Guid(2bac18ecbe07be6478b5a06a0bd36a15) Importer(2089858483,0ecaa5967403d082aa24f35e1b516d23)
Start importing Assets/Models and Prefabs/Walls and Floors/Models/Stone/materials/Wall-Stone-Model-02.mat using Guid(2bac18ecbe07be6478b5a06a0bd36a15) Importer(2089858483,0ecaa5967403d082aa24f35e1b516d23) Generated GUIDs only implemented for interfaces!
 -> (artifact id: 'bfe8bf7f89f8041e710424e2a6b13623') in 0.006266 seconds
Number of updated asset objects reloaded before import = 0
Number of asset objects unloaded after import = 2
========================================================================
Received Import Request.
  Time since last request: 0.000014 seconds.
  path: Assets/Models and Prefabs/Walls and Floors/Models/Stone/materials/Wall-Stone-Model-11.png
  artifactKey: Guid(92fdb74de751e4f4a83b8a1d7bfeb29e) Importer(2089858483,0ecaa5967403d082aa24f35e1b516d23)
Start importing Assets/Models and Prefabs/Walls and Floors/Models/Stone/materials/Wall-Stone-Model-11.png using Guid(92fdb74de751e4f4a83b8a1d7bfeb29e) Importer(2089858483,0ecaa5967403d082aa24f35e1b516d23) Generated GUIDs only implemented for interfaces!
 -> (artifact id: 'a32625bbaccc5c3eaf89afddc77eaab4') in 0.016232 seconds
Number of updated asset objects reloaded before import = 0
Number of asset objects unloaded after import = 1
========================================================================
Received Import Request.
  Time since last request: 0.000013 seconds.
  path: Assets/Models and Prefabs/Walls and Floors/Models/Stone/materials/Wall-Stone-Model-09.mat
  artifactKey: Guid(f7a8c1022c77fff4790e0d707ccd91cb) Importer(2089858483,0ecaa5967403d082aa24f35e1b516d23)
Start importing Assets/Models and Prefabs/Walls and Floors/Models/Stone/materials/Wall-Stone-Model-09.mat using Guid(f7a8c1022c77fff4790e0d707ccd91cb) Importer(2089858483,0ecaa5967403d082aa24f35e1b516d23) Generated GUIDs only implemented for interfaces!
 -> (artifact id: 'de033586955872b604781c376dafcb79') in 0.006201 seconds
Number of updated asset objects reloaded before import = 0
Number of asset objects unloaded after import = 2
========================================================================
Received Import Request.
  Time since last request: 0.000019 seconds.
  path: Assets/Models and Prefabs/Walls and Floors/Models/Wood/materials/Floor-Wood-Model-01.png
  artifactKey: Guid(c5a633fc94d366f4d8f603eec5105535) Importer(2089858483,0ecaa5967403d082aa24f35e1b516d23)
Start importing Assets/Models and Prefabs/Walls and Floors/Models/Wood/materials/Floor-Wood-Model-01.png using Guid(c5a633fc94d366f4d8f603eec5105535) Importer(2089858483,0ecaa5967403d082aa24f35e1b516d23) Generated GUIDs only implemented for interfaces!
 -> (artifact id: 'ff9c2321f2b7c679044649374767bf2d') in 0.016916 seconds
Number of updated asset objects reloaded before import = 0
Number of asset objects unloaded after import = 1
========================================================================
Received Import Request.
  Time since last request: 0.000022 seconds.
  path: Assets/Models and Prefabs/Walls and Floors/Models/Stone/materials/Wall-Stone-Model-06.png
  artifactKey: Guid(1e623ef0f1495bd4188f830da812c633) Importer(2089858483,0ecaa5967403d082aa24f35e1b516d23)
Start importing Assets/Models and Prefabs/Walls and Floors/Models/Stone/materials/Wall-Stone-Model-06.png using Guid(1e623ef0f1495bd4188f830da812c633) Importer(2089858483,0ecaa5967403d082aa24f35e1b516d23) Generated GUIDs only implemented for interfaces!
 -> (artifact id: '9569fabdcf230a7aad859d10a8706beb') in 0.020011 seconds
Number of updated asset objects reloaded before import = 0
Number of asset objects unloaded after import = 1
========================================================================
Received Import Request.
  Time since last request: 0.000016 seconds.
  path: Assets/Models and Prefabs/Walls and Floors/Models/Wood/Wall-Wood-Model-07.fbx
  artifactKey: Guid(55bf89779428ca0408a0ac364f64acdc) Importer(2089858483,0ecaa5967403d082aa24f35e1b516d23)
Start importing Assets/Models and Prefabs/Walls and Floors/Models/Wood/Wall-Wood-Model-07.fbx using Guid(55bf89779428ca0408a0ac364f64acdc) Importer(2089858483,0ecaa5967403d082aa24f35e1b516d23) Generated GUIDs only implemented for interfaces!
 -> (artifact id: '0ea570dc524d11cf565dcf7db0721d98') in 0.016292 seconds
Number of updated asset objects reloaded before import = 0
Number of asset objects unloaded after import = 7
========================================================================
Received Import Request.
  Time since last request: 0.000012 seconds.
  path: Assets/Models and Prefabs/Walls and Floors/Prefabs/Stone/Walls/Wall-Stone (10).prefab
  artifactKey: Guid(011b6cd529bfaf543ad52857ad90de05) Importer(2089858483,0ecaa5967403d082aa24f35e1b516d23)
Start importing Assets/Models and Prefabs/Walls and Floors/Prefabs/Stone/Walls/Wall-Stone (10).prefab using Guid(011b6cd529bfaf543ad52857ad90de05) Importer(2089858483,0ecaa5967403d082aa24f35e1b516d23) Generated GUIDs only implemented for interfaces!
 -> (artifact id: 'b7dc2e9f950a6c53fd03e551abe7e575') in 0.007859 seconds
Number of updated asset objects reloaded before import = 0
Number of asset objects unloaded after import = 8
========================================================================
Received Import Request.
  Time since last request: 0.000016 seconds.
  path: Assets/Models and Prefabs/Walls and Floors/Models/Wood/Wall-Wood-Model-09.fbx
  artifactKey: Guid(3e8a43558db0cac478d4d6d833479cbe) Importer(2089858483,0ecaa5967403d082aa24f35e1b516d23)
Start importing Assets/Models and Prefabs/Walls and Floors/Models/Wood/Wall-Wood-Model-09.fbx using Guid(3e8a43558db0cac478d4d6d833479cbe) Importer(2089858483,0ecaa5967403d082aa24f35e1b516d23) Generated GUIDs only implemented for interfaces!
 -> (artifact id: '235d9268b98c35265f519b63e56a52a4') in 0.013539 seconds
Number of updated asset objects reloaded before import = 0
Number of asset objects unloaded after import = 7
========================================================================
Received Import Request.
  Time since last request: 0.000016 seconds.
  path: Assets/Models and Prefabs/Walls and Floors/Models/Stone/Wall-Stone-Model-02.fbx
  artifactKey: Guid(bbc007129f2c6534c9e70e722e90499f) Importer(2089858483,0ecaa5967403d082aa24f35e1b516d23)
Start importing Assets/Models and Prefabs/Walls and Floors/Models/Stone/Wall-Stone-Model-02.fbx using Guid(bbc007129f2c6534c9e70e722e90499f) Importer(2089858483,0ecaa5967403d082aa24f35e1b516d23) Generated GUIDs only implemented for interfaces!
 -> (artifact id: '6d9bc17bee731063780d100639f9ea53') in 0.013447 seconds
Number of updated asset objects reloaded before import = 0
Number of asset objects unloaded after import = 7
========================================================================
Received Import Request.
  Time since last request: 0.000017 seconds.
  path: Assets/Models and Prefabs/Walls and Floors/Models/Wood/Floor-Wood-Model-02.fbx
  artifactKey: Guid(e9befa4495beba840ad08ac68756820f) Importer(2089858483,0ecaa5967403d082aa24f35e1b516d23)
Start importing Assets/Models and Prefabs/Walls and Floors/Models/Wood/Floor-Wood-Model-02.fbx using Guid(e9befa4495beba840ad08ac68756820f) Importer(2089858483,0ecaa5967403d082aa24f35e1b516d23) Generated GUIDs only implemented for interfaces!
 -> (artifact id: '8b33c32b766553ce13b7f4294dc5d206') in 0.012656 seconds
Number of updated asset objects reloaded before import = 0
Number of asset objects unloaded after import = 7
========================================================================
Received Import Request.
  Time since last request: 0.000015 seconds.
  path: Assets/Models and Prefabs/Walls and Floors/Models/Wood/Wall-Wood-Model-12.fbx
  artifactKey: Guid(27700bb08d98ab745b6b95ce72196aa6) Importer(2089858483,0ecaa5967403d082aa24f35e1b516d23)
Start importing Assets/Models and Prefabs/Walls and Floors/Models/Wood/Wall-Wood-Model-12.fbx using Guid(27700bb08d98ab745b6b95ce72196aa6) Importer(2089858483,0ecaa5967403d082aa24f35e1b516d23) Generated GUIDs only implemented for interfaces!
 -> (artifact id: '9eef27a509eda5453f8b6418460bf170') in 0.013595 seconds
Number of updated asset objects reloaded before import = 0
Number of asset objects unloaded after import = 7
========================================================================
Received Import Request.
  Time since last request: 0.000015 seconds.
  path: Assets/Materials/Skyboxes/Images/FS013_Sunrise_Cubemap_front.png
  artifactKey: Guid(b0d6abfddcb6a8541a661c6dfd16b6c0) Importer(2089858483,0ecaa5967403d082aa24f35e1b516d23)
Start importing Assets/Materials/Skyboxes/Images/FS013_Sunrise_Cubemap_front.png using Guid(b0d6abfddcb6a8541a661c6dfd16b6c0) Importer(2089858483,0ecaa5967403d082aa24f35e1b516d23) Generated GUIDs only implemented for interfaces!
 -> (artifact id: 'adbbc84791d8990305cf7059c96a6551') in 0.018969 seconds
Number of updated asset objects reloaded before import = 0
Number of asset objects unloaded after import = 1
========================================================================
Received Import Request.
  Time since last request: 0.000017 seconds.
  path: Assets/Materials/Skyboxes/Images/FS013_Snowy_Cubemap.cubemap
  artifactKey: Guid(467e99ebe4fb3364fb42faadeb1d8ea1) Importer(2089858483,0ecaa5967403d082aa24f35e1b516d23)
Start importing Assets/Materials/Skyboxes/Images/FS013_Snowy_Cubemap.cubemap using Guid(467e99ebe4fb3364fb42faadeb1d8ea1) Importer(2089858483,0ecaa5967403d082aa24f35e1b516d23) Generated GUIDs only implemented for interfaces!
 -> (artifact id: '471ddbd6a21c2447e19f4f7627018f3b') in 0.127425 seconds
Number of updated asset objects reloaded before import = 0
Number of asset objects unloaded after import = 1
========================================================================
Received Import Request.
  Time since last request: 0.000021 seconds.
  path: Assets/Models and Prefabs/Walls and Floors/Prefabs/Wood/Walls/Wall-Wood (4).prefab
  artifactKey: Guid(7b9c6a300ca94e84aa580ff42a8b8292) Importer(2089858483,0ecaa5967403d082aa24f35e1b516d23)
Start importing Assets/Models and Prefabs/Walls and Floors/Prefabs/Wood/Walls/Wall-Wood (4).prefab using Guid(7b9c6a300ca94e84aa580ff42a8b8292) Importer(2089858483,0ecaa5967403d082aa24f35e1b516d23) Generated GUIDs only implemented for interfaces!
 -> (artifact id: '737a4165446b3af2045d61694775c265') in 0.008020 seconds
Number of updated asset objects reloaded before import = 0
Number of asset objects unloaded after import = 8
========================================================================
Received Import Request.
  Time since last request: 0.000027 seconds.
  path: Assets/Models and Prefabs/Walls and Floors/Prefabs/Wood/Doors/Door-Wood (2).prefab
  artifactKey: Guid(d3301591cf1411b4d8850c063ec1b2d7) Importer(2089858483,0ecaa5967403d082aa24f35e1b516d23)
Start importing Assets/Models and Prefabs/Walls and Floors/Prefabs/Wood/Doors/Door-Wood (2).prefab using Guid(d3301591cf1411b4d8850c063ec1b2d7) Importer(2089858483,0ecaa5967403d082aa24f35e1b516d23) Generated GUIDs only implemented for interfaces!
 -> (artifact id: '2dc0076b45dfe65780ecea0926c80055') in 0.024816 seconds
Number of updated asset objects reloaded before import = 0
Number of asset objects unloaded after import = 10
========================================================================
Received Import Request.
  Time since last request: 0.000012 seconds.
  path: Assets/Models and Prefabs/Walls and Floors/Prefabs/Wood/Walls/Wall-Wood (3).prefab
  artifactKey: Guid(1975565c63a428b42a68f4a9c3cd9c8d) Importer(2089858483,0ecaa5967403d082aa24f35e1b516d23)
Start importing Assets/Models and Prefabs/Walls and Floors/Prefabs/Wood/Walls/Wall-Wood (3).prefab using Guid(1975565c63a428b42a68f4a9c3cd9c8d) Importer(2089858483,0ecaa5967403d082aa24f35e1b516d23) Generated GUIDs only implemented for interfaces!
 -> (artifact id: '102227648f16396d2124c8fc894225b2') in 0.007869 seconds
Number of updated asset objects reloaded before import = 0
Number of asset objects unloaded after import = 8
========================================================================
Received Import Request.
  Time since last request: 0.000013 seconds.
  path: Assets/Models and Prefabs/Walls and Floors/Prefabs/Wood/Doors/Door-Wood (3).prefab
  artifactKey: Guid(bc5f90d176dc12245ba608646eb5168f) Importer(2089858483,0ecaa5967403d082aa24f35e1b516d23)
Start importing Assets/Models and Prefabs/Walls and Floors/Prefabs/Wood/Doors/Door-Wood (3).prefab using Guid(bc5f90d176dc12245ba608646eb5168f) Importer(2089858483,0ecaa5967403d082aa24f35e1b516d23) Generated GUIDs only implemented for interfaces!
 -> (artifact id: '8ceed57c7d93b4e039d96c6e2ea6d364') in 0.007477 seconds
Number of updated asset objects reloaded before import = 0
Number of asset objects unloaded after import = 10
Editor requested this worker to shutdown with reason: Scaling down because of idle timeout
TcpMessagingSession - receive error: operation aborted. errorcode: 995, details: The I/O operation has been aborted because of either a thread exit or an application request.
AssetImportWorker is now disconnected from the server
Process exiting
Exiting without the bug reporter. Application will terminate with return code 0