Using pre-set license
Built from '2022.3/staging' branch; Version is '2022.3.10f1 (ff3792e53c62) revision 16725906'; Using compiler version '192829333'; Build Type 'Release'
OS: 'Windows 10  (10.0.19045) 64bit Enterprise' Language: 'en' Physical Memory: 32493 MB
BatchMode: 1, IsHumanControllingUs: 0, StartBugReporterOnCrash: 0, Is64bit: 1, IsPro: 1

COMMAND LINE ARGUMENTS:
C:\Program Files\Unity\Hub\Editor\2022.3.10f1\Editor\Unity.exe
-adb2
-batchMode
-noUpm
-name
AssetImportWorker0
-projectPath
C:/Users/n10492151/Desktop/Assessment 3 IGB101
-logFile
Logs/AssetImportWorker0.log
-srvPort
57455
Successfully changed project path to: C:/Users/n10492151/Desktop/Assessment 3 IGB101
C:/Users/n10492151/Desktop/Assessment 3 IGB101
[UnityMemory] Configuration Parameters - Can be set up in boot.config
    "memorysetup-bucket-allocator-granularity=16"
    "memorysetup-bucket-allocator-bucket-count=8"
    "memorysetup-bucket-allocator-block-size=33554432"
    "memorysetup-bucket-allocator-block-count=8"
    "memorysetup-main-allocator-block-size=16777216"
    "memorysetup-thread-allocator-block-size=16777216"
    "memorysetup-gfx-main-allocator-block-size=16777216"
    "memorysetup-gfx-thread-allocator-block-size=16777216"
    "memorysetup-cache-allocator-block-size=4194304"
    "memorysetup-typetree-allocator-block-size=2097152"
    "memorysetup-profiler-bucket-allocator-granularity=16"
    "memorysetup-profiler-bucket-allocator-bucket-count=8"
    "memorysetup-profiler-bucket-allocator-block-size=33554432"
    "memorysetup-profiler-bucket-allocator-block-count=8"
    "memorysetup-profiler-allocator-block-size=16777216"
    "memorysetup-profiler-editor-allocator-block-size=1048576"
    "memorysetup-temp-allocator-size-main=16777216"
    "memorysetup-job-temp-allocator-block-size=2097152"
    "memorysetup-job-temp-allocator-block-size-background=1048576"
    "memorysetup-job-temp-allocator-reduction-small-platforms=262144"
    "memorysetup-allocator-temp-initial-block-size-main=262144"
    "memorysetup-allocator-temp-initial-block-size-worker=262144"
    "memorysetup-temp-allocator-size-background-worker=32768"
    "memorysetup-temp-allocator-size-job-worker=262144"
    "memorysetup-temp-allocator-size-preload-manager=33554432"
    "memorysetup-temp-allocator-size-nav-mesh-worker=65536"
    "memorysetup-temp-allocator-size-audio-worker=65536"
    "memorysetup-temp-allocator-size-cloud-worker=32768"
    "memorysetup-temp-allocator-size-gi-baking-worker=262144"
    "memorysetup-temp-allocator-size-gfx=262144"
Player connection [4872] Host "[IP] 131.181.110.98 [Port] 0 [Flags] 2 [Guid] 3292846905 [EditorId] 3292846905 [Version] 1048832 [Id] WindowsEditor(7,LAB-GPS515-04) [Debug] 1 [PackageName] WindowsEditor [ProjectName] Editor" joined multi-casting on [225.0.0.222:54997]...

Player connection [4872] Host "[IP] 131.181.110.98 [Port] 0 [Flags] 2 [Guid] 3292846905 [EditorId] 3292846905 [Version] 1048832 [Id] WindowsEditor(7,LAB-GPS515-04) [Debug] 1 [PackageName] WindowsEditor [ProjectName] Editor" joined alternative multi-casting on [225.0.0.222:34997]...

[Physics::Module] Initialized MultithreadedJobDispatcher with 15 workers.
Refreshing native plugins compatible for Editor in 13.24 ms, found 2 plugins.
Preloading 0 native plugins for Editor in 0.00 ms.
Initialize engine version: 2022.3.10f1 (ff3792e53c62)
[Subsystems] Discovering subsystems at path C:/Program Files/Unity/Hub/Editor/2022.3.10f1/Editor/Data/Resources/UnitySubsystems
[Subsystems] Discovering subsystems at path C:/Users/n10492151/Desktop/Assessment 3 IGB101/Assets
GfxDevice: creating device client; threaded=0; jobified=0
Direct3D:
    Version:  Direct3D 11.0 [level 11.1]
    Renderer: NVIDIA GeForce RTX 3090 (ID=0x2204)
    Vendor:   NVIDIA
    VRAM:     24326 MB
    Driver:   31.0.15.5152
Initialize mono
Mono path[0] = 'C:/Program Files/Unity/Hub/Editor/2022.3.10f1/Editor/Data/Managed'
Mono path[1] = 'C:/Program Files/Unity/Hub/Editor/2022.3.10f1/Editor/Data/MonoBleedingEdge/lib/mono/unityjit-win32'
Mono config path = 'C:/Program Files/Unity/Hub/Editor/2022.3.10f1/Editor/Data/MonoBleedingEdge/etc'
Using monoOptions --debugger-agent=transport=dt_socket,embedding=1,server=y,suspend=n,address=127.0.0.1:56396
Begin MonoManager ReloadAssembly
Registering precompiled unity dll's ...
Register platform support module: C:/Program Files/Unity/Hub/Editor/2022.3.10f1/Editor/Data/PlaybackEngines/WindowsStandaloneSupport/UnityEditor.WindowsStandalone.Extensions.dll
Registered in 0.005173 seconds.
- Loaded All Assemblies, in  0.288 seconds
Native extension for WindowsStandalone target not found
Mono: successfully reloaded assembly
- Finished resetting the current domain, in  0.213 seconds
Domain Reload Profiling: 500ms
	BeginReloadAssembly (97ms)
		ExecutionOrderSort (0ms)
		DisableScriptedObjects (0ms)
		BackupInstance (0ms)
		ReleaseScriptingObjects (0ms)
		CreateAndSetChildDomain (1ms)
	RebuildCommonClasses (26ms)
	RebuildNativeTypeToScriptingClass (8ms)
	initialDomainReloadingComplete (48ms)
	LoadAllAssembliesAndSetupDomain (108ms)
		LoadAssemblies (94ms)
		RebuildTransferFunctionScriptingTraits (0ms)
		AnalyzeDomain (107ms)
			TypeCache.Refresh (106ms)
				TypeCache.ScanAssembly (94ms)
			ScanForSourceGeneratedMonoScriptInfo (0ms)
			ResolveRequiredComponents (0ms)
	FinalizeReload (213ms)
		ReleaseScriptCaches (0ms)
		RebuildScriptCaches (0ms)
		SetupLoadedEditorAssemblies (165ms)
			LogAssemblyErrors (0ms)
			InitializePlatformSupportModulesInManaged (7ms)
			SetLoadedEditorAssemblies (6ms)
			RefreshPlugins (0ms)
			BeforeProcessingInitializeOnLoad (2ms)
			ProcessInitializeOnLoadAttributes (100ms)
			ProcessInitializeOnLoadMethodAttributes (50ms)
			AfterProcessingInitializeOnLoad (0ms)
			EditorAssembliesLoaded (0ms)
		ExecutionOrderSort2 (0ms)
		AwakeInstancesAfterBackupRestoration (0ms)
========================================================================
Worker process is ready to serve import requests
Begin MonoManager ReloadAssembly
Symbol file LoadedFromMemory is not a mono symbol file
- Loaded All Assemblies, in  0.476 seconds
Refreshing native plugins compatible for Editor in 12.49 ms, found 2 plugins.
Native extension for WindowsStandalone target not found
Package Manager log level set to [2]
[Package Manager] Server::EnsureServerProcessIsRunning -- launch failed, reason: Unity was launched with the -noUpm command-line argument
[Package Manager] UpmClient::Send -- Unable to send message (not connected to UPM process).
[Package Manager] Cannot connect to Unity Package Manager local server
Mono: successfully reloaded assembly
- Finished resetting the current domain, in  0.526 seconds
Domain Reload Profiling: 1000ms
	BeginReloadAssembly (115ms)
		ExecutionOrderSort (0ms)
		DisableScriptedObjects (4ms)
		BackupInstance (0ms)
		ReleaseScriptingObjects (0ms)
		CreateAndSetChildDomain (16ms)
	RebuildCommonClasses (35ms)
	RebuildNativeTypeToScriptingClass (9ms)
	initialDomainReloadingComplete (32ms)
	LoadAllAssembliesAndSetupDomain (283ms)
		LoadAssemblies (254ms)
		RebuildTransferFunctionScriptingTraits (0ms)
		AnalyzeDomain (98ms)
			TypeCache.Refresh (78ms)
				TypeCache.ScanAssembly (66ms)
			ScanForSourceGeneratedMonoScriptInfo (15ms)
			ResolveRequiredComponents (3ms)
	FinalizeReload (526ms)
		ReleaseScriptCaches (0ms)
		RebuildScriptCaches (0ms)
		SetupLoadedEditorAssemblies (410ms)
			LogAssemblyErrors (0ms)
			InitializePlatformSupportModulesInManaged (4ms)
			SetLoadedEditorAssemblies (3ms)
			RefreshPlugins (0ms)
			BeforeProcessingInitializeOnLoad (53ms)
			ProcessInitializeOnLoadAttributes (214ms)
			ProcessInitializeOnLoadMethodAttributes (129ms)
			AfterProcessingInitializeOnLoad (6ms)
			EditorAssembliesLoaded (0ms)
		ExecutionOrderSort2 (0ms)
		AwakeInstancesAfterBackupRestoration (8ms)
Launched and connected shader compiler UnityShaderCompiler.exe after 0.05 seconds
Refreshing native plugins compatible for Editor in 10.37 ms, found 2 plugins.
Preloading 0 native plugins for Editor in 0.00 ms.
Unloading 2908 Unused Serialized files (Serialized files now loaded: 0)
Unloading 66 unused Assets / (118.6 KB). Loaded Objects now: 3359.
Memory consumption went from 189.8 MB to 189.7 MB.
Total: 5.311600 ms (FindLiveObjects: 0.202300 ms CreateObjectMapping: 0.102100 ms MarkObjects: 4.802900 ms  DeleteObjects: 0.203100 ms)

AssetImportParameters requested are different than current active one (requested -> active):
  custom:video-decoder-webm-vp8: 9c59270c3fd7afecdb556c50c9e8de78 -> 
  custom:SearchIndexIgnoredProperties: e643bd26f0fe6173181afceb89e7c659 -> 
  custom:container-demuxer-ogg: 62fdf1f143b41e24485cea50d1cbac27 -> 
  custom:AudioImporter_EditorPlatform: d09bf68614088b80899f8185d706f6e7 -> 
  custom:video-decoder-ogg-theora: a1e56fd34408186e4bbccfd4996cb3dc -> 
  custom:framework-win-MediaFoundation: 216162199b28c13a410421893ffa2e32 -> 
  custom:video-encoder-webm-vp8: eb34c28f22e8b96e1ab97ce403110664 -> 
  custom:audio-decoder-ogg-vorbis: bf7c407c2cedff20999df2af8eb42d56 -> 
  custom:CustomObjectIndexerAttribute: 756ad292c208cfabdd7b50bc23989ffe -> 
  custom:container-demuxer-webm: 4f35f7cbe854078d1ac9338744f61a02 -> 
  custom:audio-encoder-webm-vorbis: bf7c407c2cedff20999df2af8eb42d56 -> 
  custom:container-muxer-webm: aa71ff27fc2769a1b78a27578f13a17b -> 
========================================================================
Received Import Request.
  Time since last request: 77417.984607 seconds.
  path: Assets/Third Person Controller-1/Animations/waving.fbx
  artifactKey: Guid(e28c70e8cd566a34aacf6af708cc1824) Importer(2089858483,0ecaa5967403d082aa24f35e1b516d23)
Start importing Assets/Third Person Controller-1/Animations/waving.fbx using Guid(e28c70e8cd566a34aacf6af708cc1824) Importer(2089858483,0ecaa5967403d082aa24f35e1b516d23) Generated GUIDs only implemented for interfaces!
 -> (artifact id: '7c01d9cc702d4e100e69a48a3e3f7a6f') in 0.136160 seconds
Number of updated asset objects reloaded before import = 0
Number of asset objects unloaded after import = 137
========================================================================
Received Import Request.
  Time since last request: 0.000025 seconds.
  path: Assets/Planet Earth Free/Models/Planet960Tris.FBX
  artifactKey: Guid(d918e1286969e1740b2daa8c7eb5bcac) Importer(2089858483,0ecaa5967403d082aa24f35e1b516d23)
Start importing Assets/Planet Earth Free/Models/Planet960Tris.FBX using Guid(d918e1286969e1740b2daa8c7eb5bcac) Importer(2089858483,0ecaa5967403d082aa24f35e1b516d23) Generated GUIDs only implemented for interfaces!
 -> (artifact id: 'afe7b6e9e6d34c81d8ce77e1176b4b03') in 0.023347 seconds
Number of updated asset objects reloaded before import = 0
Number of asset objects unloaded after import = 7
========================================================================
Received Import Request.
  Time since last request: 0.000012 seconds.
  path: Assets/Materials/BirchWood2.mat
  artifactKey: Guid(68c165fb78394954bb52e9b81a418704) Importer(2089858483,0ecaa5967403d082aa24f35e1b516d23)
Start importing Assets/Materials/BirchWood2.mat using Guid(68c165fb78394954bb52e9b81a418704) Importer(2089858483,0ecaa5967403d082aa24f35e1b516d23) Generated GUIDs only implemented for interfaces!
 -> (artifact id: '5db4434ff98720a7b247c7448e75aea2') in 0.017605 seconds
Number of updated asset objects reloaded before import = 0
Number of asset objects unloaded after import = 2
========================================================================
Received Import Request.
  Time since last request: 0.000011 seconds.
  path: Assets/Textures/fireparticle2.png
  artifactKey: Guid(a2c4a5dd0d8edd54d80b2ff8821f33e6) Importer(2089858483,0ecaa5967403d082aa24f35e1b516d23)
Start importing Assets/Textures/fireparticle2.png using Guid(a2c4a5dd0d8edd54d80b2ff8821f33e6) Importer(2089858483,0ecaa5967403d082aa24f35e1b516d23) Generated GUIDs only implemented for interfaces!
 -> (artifact id: '371b6f49b694c6c18e4287bca620494c') in 0.045978 seconds
Number of updated asset objects reloaded before import = 0
Number of asset objects unloaded after import = 1
========================================================================
Received Import Request.
  Time since last request: 0.000010 seconds.
  path: Assets/Animations/rotate_object.anim
  artifactKey: Guid(7d3b1f4e6ba9cd946b2559f18d19fffa) Importer(2089858483,0ecaa5967403d082aa24f35e1b516d23)
Start importing Assets/Animations/rotate_object.anim using Guid(7d3b1f4e6ba9cd946b2559f18d19fffa) Importer(2089858483,0ecaa5967403d082aa24f35e1b516d23) Generated GUIDs only implemented for interfaces!
 -> (artifact id: '62fd5cac98ecd2795f2768e97cf56d2f') in 0.004969 seconds
Number of updated asset objects reloaded before import = 0
Number of asset objects unloaded after import = 1
========================================================================
Received Import Request.
  Time since last request: 0.000010 seconds.
  path: Assets/Planet Earth Free/Demo.unity
  artifactKey: Guid(df593a320500c864b944dbe6d9028b42) Importer(2089858483,0ecaa5967403d082aa24f35e1b516d23)
Start importing Assets/Planet Earth Free/Demo.unity using Guid(df593a320500c864b944dbe6d9028b42) Importer(2089858483,0ecaa5967403d082aa24f35e1b516d23) Generated GUIDs only implemented for interfaces!
 -> (artifact id: '5b0c1852bff7b65578cc133c802da4a8') in 0.002763 seconds
Number of updated asset objects reloaded before import = 0
Number of asset objects unloaded after import = 1
========================================================================
Received Import Request.
  Time since last request: 0.000010 seconds.
  path: Assets/Textures/rock texture seamless normal.jpg
  artifactKey: Guid(24c82a44ff27f7d478c49f8d1bd372f9) Importer(2089858483,0ecaa5967403d082aa24f35e1b516d23)
Start importing Assets/Textures/rock texture seamless normal.jpg using Guid(24c82a44ff27f7d478c49f8d1bd372f9) Importer(2089858483,0ecaa5967403d082aa24f35e1b516d23) Generated GUIDs only implemented for interfaces!
 -> (artifact id: '032daf6217549c252f2d71417f8f69eb') in 0.017556 seconds
Number of updated asset objects reloaded before import = 0
Number of asset objects unloaded after import = 1
========================================================================
Received Import Request.
  Time since last request: 0.000011 seconds.
  path: Assets/Planet Earth Free/Models/Planet3968Tris.FBX
  artifactKey: Guid(d103ffa837233534daa68d733386bac5) Importer(2089858483,0ecaa5967403d082aa24f35e1b516d23)
Start importing Assets/Planet Earth Free/Models/Planet3968Tris.FBX using Guid(d103ffa837233534daa68d733386bac5) Importer(2089858483,0ecaa5967403d082aa24f35e1b516d23) Generated GUIDs only implemented for interfaces!
 -> (artifact id: '3d9e755bcf7625b5a4fc6cb3ab4a4681') in 0.011308 seconds
Number of updated asset objects reloaded before import = 0
Number of asset objects unloaded after import = 7
========================================================================
Received Import Request.
  Time since last request: 0.000037 seconds.
  path: Assets/Materials/Skyboxes/Images/FS013_Day_Cubemap.cubemap
  artifactKey: Guid(bb40da361e28bea40b8bd5b31d99cf52) Importer(2089858483,0ecaa5967403d082aa24f35e1b516d23)
Start importing Assets/Materials/Skyboxes/Images/FS013_Day_Cubemap.cubemap using Guid(bb40da361e28bea40b8bd5b31d99cf52) Importer(2089858483,0ecaa5967403d082aa24f35e1b516d23) Generated GUIDs only implemented for interfaces!
 -> (artifact id: '22b57d70c7464f0a56d9dfb129d8303b') in 0.192114 seconds
Number of updated asset objects reloaded before import = 0
Number of asset objects unloaded after import = 1
========================================================================
Received Import Request.
  Time since last request: 0.000014 seconds.
  path: Assets/Scenes/IGB101 Assignment 1 OliviaShepherd/Lightmap-0_comp_light.exr
  artifactKey: Guid(253ae013a3ccf0347a008f872e45aee8) Importer(2089858483,0ecaa5967403d082aa24f35e1b516d23)
Start importing Assets/Scenes/IGB101 Assignment 1 OliviaShepherd/Lightmap-0_comp_light.exr using Guid(253ae013a3ccf0347a008f872e45aee8) Importer(2089858483,0ecaa5967403d082aa24f35e1b516d23) Generated GUIDs only implemented for interfaces!
 -> (artifact id: '55857373beac5ac4bdc9070da6dec2ec') in 0.014472 seconds
Number of updated asset objects reloaded before import = 0
Number of asset objects unloaded after import = 1
========================================================================
Received Import Request.
  Time since last request: 0.000020 seconds.
  path: Assets/Scenes/IGB101 Assignment 1 OliviaShepherd/Lightmap-0_comp_dir.png
  artifactKey: Guid(3adacf3990d3f8043a2afe5fa542f659) Importer(2089858483,0ecaa5967403d082aa24f35e1b516d23)
Start importing Assets/Scenes/IGB101 Assignment 1 OliviaShepherd/Lightmap-0_comp_dir.png using Guid(3adacf3990d3f8043a2afe5fa542f659) Importer(2089858483,0ecaa5967403d082aa24f35e1b516d23) Generated GUIDs only implemented for interfaces!
 -> (artifact id: '2b11b115f7ed78aea6a0bbc9ef8d4db4') in 0.013963 seconds
Number of updated asset objects reloaded before import = 0
Number of asset objects unloaded after import = 1
========================================================================
Received Import Request.
  Time since last request: 0.000009 seconds.
  path: Assets/Materials/8081_earthmap4k.mat
  artifactKey: Guid(2dcb3fd7067fb934fa090efe56681410) Importer(2089858483,0ecaa5967403d082aa24f35e1b516d23)
Start importing Assets/Materials/8081_earthmap4k.mat using Guid(2dcb3fd7067fb934fa090efe56681410) Importer(2089858483,0ecaa5967403d082aa24f35e1b516d23) Generated GUIDs only implemented for interfaces!
 -> (artifact id: 'a88e8172fa8afe2f35fcfdaf27ee3674') in 0.090401 seconds
Number of updated asset objects reloaded before import = 0
Number of asset objects unloaded after import = 2
========================================================================
Received Import Request.
  Time since last request: 0.000022 seconds.
  path: Assets/Planet Earth Free/Materials/Earth2kNormal.png
  artifactKey: Guid(47baf10b56ae76347bd195f23c04002a) Importer(2089858483,0ecaa5967403d082aa24f35e1b516d23)
Start importing Assets/Planet Earth Free/Materials/Earth2kNormal.png using Guid(47baf10b56ae76347bd195f23c04002a) Importer(2089858483,0ecaa5967403d082aa24f35e1b516d23) Generated GUIDs only implemented for interfaces!
 -> (artifact id: '5a5410d2a230a088f63c53c483b5f7c9') in 0.017972 seconds
Number of updated asset objects reloaded before import = 0
Number of asset objects unloaded after import = 1
========================================================================
Received Import Request.
  Time since last request: 0.000018 seconds.
  path: Assets/Planet Earth Free/Materials/Earth1kMaterial.mat
  artifactKey: Guid(ddb0556055b89a04b94d593283b8daf5) Importer(2089858483,0ecaa5967403d082aa24f35e1b516d23)
Start importing Assets/Planet Earth Free/Materials/Earth1kMaterial.mat using Guid(ddb0556055b89a04b94d593283b8daf5) Importer(2089858483,0ecaa5967403d082aa24f35e1b516d23) Generated GUIDs only implemented for interfaces!
 -> (artifact id: 'be8d7168ce6b0fb4810fe0477fb93efd') in 0.006730 seconds
Number of updated asset objects reloaded before import = 0
Number of asset objects unloaded after import = 3
========================================================================
Received Import Request.
  Time since last request: 0.000012 seconds.
  path: Assets/Planet Earth Free/Materials/Earth2kMaterial.mat
  artifactKey: Guid(eff9dc043a18eb344a8795d3e20ab108) Importer(2089858483,0ecaa5967403d082aa24f35e1b516d23)
Start importing Assets/Planet Earth Free/Materials/Earth2kMaterial.mat using Guid(eff9dc043a18eb344a8795d3e20ab108) Importer(2089858483,0ecaa5967403d082aa24f35e1b516d23) Generated GUIDs only implemented for interfaces!
 -> (artifact id: '4f924979c98d140c6a4d3a05e49152c0') in 0.009278 seconds
Number of updated asset objects reloaded before import = 0
Number of asset objects unloaded after import = 3
========================================================================
Received Import Request.
  Time since last request: 0.000019 seconds.
  path: Assets/Planet Earth Free/Prefabs/EarthHigh.prefab
  artifactKey: Guid(27fe6d2a15a377f4587f716a2d37ca8a) Importer(2089858483,0ecaa5967403d082aa24f35e1b516d23)
Start importing Assets/Planet Earth Free/Prefabs/EarthHigh.prefab using Guid(27fe6d2a15a377f4587f716a2d37ca8a) Importer(2089858483,0ecaa5967403d082aa24f35e1b516d23) Generated GUIDs only implemented for interfaces!
 -> (artifact id: '9f6fc4d2cdcd7545494cbaba39afc6de') in 0.014294 seconds
Number of updated asset objects reloaded before import = 0
Number of asset objects unloaded after import = 14
========================================================================
Received Import Request.
  Time since last request: 0.000013 seconds.
  path: Assets/Third Person Controller-1/Animations/t_pose.fbx
  artifactKey: Guid(1d553d340c6ed564da93547ec4058847) Importer(2089858483,0ecaa5967403d082aa24f35e1b516d23)
Start importing Assets/Third Person Controller-1/Animations/t_pose.fbx using Guid(1d553d340c6ed564da93547ec4058847) Importer(2089858483,0ecaa5967403d082aa24f35e1b516d23) Generated GUIDs only implemented for interfaces!
 -> (artifact id: '20a9ec38c69d5e35b25273eb11369450') in 0.028733 seconds
Number of updated asset objects reloaded before import = 0
Number of asset objects unloaded after import = 153
========================================================================
Received Import Request.
  Time since last request: 4.380230 seconds.
  path: Assets/Materials/Skyboxes/Images/FS013_Day_Cubemap_left.png
  artifactKey: Guid(014727d82348f1a4f8175752fb91f720) Importer(2089858483,0ecaa5967403d082aa24f35e1b516d23)
Start importing Assets/Materials/Skyboxes/Images/FS013_Day_Cubemap_left.png using Guid(014727d82348f1a4f8175752fb91f720) Importer(2089858483,0ecaa5967403d082aa24f35e1b516d23) Generated GUIDs only implemented for interfaces!
 -> (artifact id: 'c6bfbf369c1bd75ac8a6e7ad53de8320') in 0.021889 seconds
Number of updated asset objects reloaded before import = 0
Number of asset objects unloaded after import = 1
========================================================================
Received Import Request.
  Time since last request: 0.000013 seconds.
  path: Assets/Models and Prefabs/Walls and Floors/Models/Stone/Door-Stone-Model-02.fbx
  artifactKey: Guid(81ecf8888cf4a7d49b85a85bf47cbc1b) Importer(2089858483,0ecaa5967403d082aa24f35e1b516d23)
Start importing Assets/Models and Prefabs/Walls and Floors/Models/Stone/Door-Stone-Model-02.fbx using Guid(81ecf8888cf4a7d49b85a85bf47cbc1b) Importer(2089858483,0ecaa5967403d082aa24f35e1b516d23) Generated GUIDs only implemented for interfaces!
 -> (artifact id: '645dc08ec3961685e604d8b1fb964cd7') in 0.012401 seconds
Number of updated asset objects reloaded before import = 0
Number of asset objects unloaded after import = 7
========================================================================
Received Import Request.
  Time since last request: 0.000012 seconds.
  path: Assets/Materials/Skyboxes/Images/FS013_Night_Moonless_Cubemap_back.png
  artifactKey: Guid(41826ca287104f34ab7f74401ab053dd) Importer(2089858483,0ecaa5967403d082aa24f35e1b516d23)
Start importing Assets/Materials/Skyboxes/Images/FS013_Night_Moonless_Cubemap_back.png using Guid(41826ca287104f34ab7f74401ab053dd) Importer(2089858483,0ecaa5967403d082aa24f35e1b516d23) Generated GUIDs only implemented for interfaces!
 -> (artifact id: '576a0e3d94b7c6ef7230a2f83efc505e') in 0.015687 seconds
Number of updated asset objects reloaded before import = 0
Number of asset objects unloaded after import = 1
========================================================================
Received Import Request.
  Time since last request: 0.000014 seconds.
  path: Assets/Third Person Controller-1/Robot Kyle/Textures/Robot_Color.tga
  artifactKey: Guid(0a0e8af2869fa45f78e25460db578482) Importer(2089858483,0ecaa5967403d082aa24f35e1b516d23)
Start importing Assets/Third Person Controller-1/Robot Kyle/Textures/Robot_Color.tga using Guid(0a0e8af2869fa45f78e25460db578482) Importer(2089858483,0ecaa5967403d082aa24f35e1b516d23) Generated GUIDs only implemented for interfaces!
 -> (artifact id: 'cf2a09e058c8f1c55eb576833e7f7d4b') in 0.015541 seconds
Number of updated asset objects reloaded before import = 0
Number of asset objects unloaded after import = 1
========================================================================
Received Import Request.
  Time since last request: 0.000012 seconds.
  path: Assets/Materials/Skyboxes/Images/FS013_Snowy_Cubemap_down.png
  artifactKey: Guid(e0b1860da5982404699488bb18ae0a5c) Importer(2089858483,0ecaa5967403d082aa24f35e1b516d23)
Start importing Assets/Materials/Skyboxes/Images/FS013_Snowy_Cubemap_down.png using Guid(e0b1860da5982404699488bb18ae0a5c) Importer(2089858483,0ecaa5967403d082aa24f35e1b516d23) Generated GUIDs only implemented for interfaces!
 -> (artifact id: '3e0b3d505266671d0a255aa87c99fdee') in 0.015791 seconds
Number of updated asset objects reloaded before import = 0
Number of asset objects unloaded after import = 1
========================================================================
Received Import Request.
  Time since last request: 0.000014 seconds.
  path: Assets/Materials/Skyboxes/Images/FS013_Snowy_Cubemap_front.png
  artifactKey: Guid(d15a4dba1843ace47a183b0b039dab58) Importer(2089858483,0ecaa5967403d082aa24f35e1b516d23)
Start importing Assets/Materials/Skyboxes/Images/FS013_Snowy_Cubemap_front.png using Guid(d15a4dba1843ace47a183b0b039dab58) Importer(2089858483,0ecaa5967403d082aa24f35e1b516d23) Generated GUIDs only implemented for interfaces!
 -> (artifact id: '4e46537e6797bd46542b286a3ef7e2bb') in 0.015289 seconds
Number of updated asset objects reloaded before import = 0
Number of asset objects unloaded after import = 1
========================================================================
Received Import Request.
  Time since last request: 0.000013 seconds.
  path: Assets/Materials/Skyboxes/Images/FS013_Sunset_Cubemap_back.png
  artifactKey: Guid(6b6649e9becfcb247a36ed8b6e5fa01c) Importer(2089858483,0ecaa5967403d082aa24f35e1b516d23)
Start importing Assets/Materials/Skyboxes/Images/FS013_Sunset_Cubemap_back.png using Guid(6b6649e9becfcb247a36ed8b6e5fa01c) Importer(2089858483,0ecaa5967403d082aa24f35e1b516d23) Generated GUIDs only implemented for interfaces!
 -> (artifact id: '8c1b673ac02d8f338a528c8da35f8b88') in 0.016802 seconds
Number of updated asset objects reloaded before import = 0
Number of asset objects unloaded after import = 1
========================================================================
Received Import Request.
  Time since last request: 0.000028 seconds.
  path: Assets/Materials/Skyboxes/Images/FS013_Sunrise_Cubemap_up.png
  artifactKey: Guid(f72665e7850ff6f489e1abb468ca3357) Importer(2089858483,0ecaa5967403d082aa24f35e1b516d23)
Start importing Assets/Materials/Skyboxes/Images/FS013_Sunrise_Cubemap_up.png using Guid(f72665e7850ff6f489e1abb468ca3357) Importer(2089858483,0ecaa5967403d082aa24f35e1b516d23) Generated GUIDs only implemented for interfaces!
 -> (artifact id: 'b9a620440b04fff311a4fc83618d5586') in 0.015513 seconds
Number of updated asset objects reloaded before import = 0
Number of asset objects unloaded after import = 1
========================================================================
Received Import Request.
  Time since last request: 0.000012 seconds.
  path: Assets/Materials/Skyboxes/Images/FS013_Night_Moonless_Cubemap.cubemap
  artifactKey: Guid(002c4ae081facae49b8d52962f0b32af) Importer(2089858483,0ecaa5967403d082aa24f35e1b516d23)
Start importing Assets/Materials/Skyboxes/Images/FS013_Night_Moonless_Cubemap.cubemap using Guid(002c4ae081facae49b8d52962f0b32af) Importer(2089858483,0ecaa5967403d082aa24f35e1b516d23) Generated GUIDs only implemented for interfaces!
 -> (artifact id: '469ceed81b34c84206b9610752cbd182') in 0.156160 seconds
Number of updated asset objects reloaded before import = 0
Number of asset objects unloaded after import = 1
========================================================================
Received Import Request.
  Time since last request: 0.000020 seconds.
  path: Assets/Models and Prefabs/Walls and Floors/Demo Scenes/Asset Lineup Scene.unity
  artifactKey: Guid(2a8115a97e64de04cb3bdf0460173e3d) Importer(2089858483,0ecaa5967403d082aa24f35e1b516d23)
Start importing Assets/Models and Prefabs/Walls and Floors/Demo Scenes/Asset Lineup Scene.unity using Guid(2a8115a97e64de04cb3bdf0460173e3d) Importer(2089858483,0ecaa5967403d082aa24f35e1b516d23) Generated GUIDs only implemented for interfaces!
 -> (artifact id: 'fea2fdbc39eef8e2b833482539ad2963') in 0.004567 seconds
Number of updated asset objects reloaded before import = 0
Number of asset objects unloaded after import = 1
========================================================================
Received Import Request.
  Time since last request: 0.000019 seconds.
  path: Assets/Models and Prefabs/Walls and Floors/Models/Stone/Wall-Stone-Model-06.fbx
  artifactKey: Guid(6e47fb2c4bc7154499c144b3e215870d) Importer(2089858483,0ecaa5967403d082aa24f35e1b516d23)
Start importing Assets/Models and Prefabs/Walls and Floors/Models/Stone/Wall-Stone-Model-06.fbx using Guid(6e47fb2c4bc7154499c144b3e215870d) Importer(2089858483,0ecaa5967403d082aa24f35e1b516d23) Generated GUIDs only implemented for interfaces!
 -> (artifact id: '2499bef72414ec68cc3bc649cfe0adc3') in 0.017031 seconds
Number of updated asset objects reloaded before import = 0
Number of asset objects unloaded after import = 7
========================================================================
Received Import Request.
  Time since last request: 0.000012 seconds.
  path: Assets/Materials/Skyboxes/Images/FS013_Night_Cubemap.cubemap
  artifactKey: Guid(dc383fcb324f6734e9aa57fbe7fb8533) Importer(2089858483,0ecaa5967403d082aa24f35e1b516d23)
Start importing Assets/Materials/Skyboxes/Images/FS013_Night_Cubemap.cubemap using Guid(dc383fcb324f6734e9aa57fbe7fb8533) Importer(2089858483,0ecaa5967403d082aa24f35e1b516d23) Generated GUIDs only implemented for interfaces!
 -> (artifact id: 'c1f820d2c4a441b79cc65430f49fbf25') in 0.123660 seconds
Number of updated asset objects reloaded before import = 0
Number of asset objects unloaded after import = 1
========================================================================
Received Import Request.
  Time since last request: 0.000015 seconds.
  path: Assets/Models and Prefabs/Walls and Floors/Models/Stone/Door-Stone-Model-03.fbx
  artifactKey: Guid(7ba2e918d3548e74d85b1d3d3d6ac1a8) Importer(2089858483,0ecaa5967403d082aa24f35e1b516d23)
Start importing Assets/Models and Prefabs/Walls and Floors/Models/Stone/Door-Stone-Model-03.fbx using Guid(7ba2e918d3548e74d85b1d3d3d6ac1a8) Importer(2089858483,0ecaa5967403d082aa24f35e1b516d23) Generated GUIDs only implemented for interfaces!
 -> (artifact id: '37fbc6dd80facebc007640aaba55d74f') in 0.011787 seconds
Number of updated asset objects reloaded before import = 0
Number of asset objects unloaded after import = 7
========================================================================
Received Import Request.
  Time since last request: 0.000018 seconds.
  path: Assets/Models and Prefabs/Walls and Floors/Models/Stone/Wall-Stone-Model-04.fbx
  artifactKey: Guid(f631627b7ea6bd94b84ea500530c87bd) Importer(2089858483,0ecaa5967403d082aa24f35e1b516d23)
Start importing Assets/Models and Prefabs/Walls and Floors/Models/Stone/Wall-Stone-Model-04.fbx using Guid(f631627b7ea6bd94b84ea500530c87bd) Importer(2089858483,0ecaa5967403d082aa24f35e1b516d23) Generated GUIDs only implemented for interfaces!
 -> (artifact id: 'a41c2e3f034a8c94d5f36657b5e8bce2') in 0.013780 seconds
Number of updated asset objects reloaded before import = 0
Number of asset objects unloaded after import = 7
========================================================================
Received Import Request.
  Time since last request: 0.000014 seconds.
  path: Assets/Models and Prefabs/Walls and Floors/Models/Stone/Wall-Stone-Model-12.fbx
  artifactKey: Guid(5c200c38000f07048916f11d852df3d7) Importer(2089858483,0ecaa5967403d082aa24f35e1b516d23)
Start importing Assets/Models and Prefabs/Walls and Floors/Models/Stone/Wall-Stone-Model-12.fbx using Guid(5c200c38000f07048916f11d852df3d7) Importer(2089858483,0ecaa5967403d082aa24f35e1b516d23) Generated GUIDs only implemented for interfaces!
 -> (artifact id: 'b8bb37d9f33e90385f8bd050ea9e5061') in 0.014618 seconds
Number of updated asset objects reloaded before import = 0
Number of asset objects unloaded after import = 7
========================================================================
Received Import Request.
  Time since last request: 0.000014 seconds.
  path: Assets/Materials/Skyboxes/Images/FS013_Snowy_Cubemap_back.png
  artifactKey: Guid(a1d096d5e6646fc43b0fda1d4187a9ea) Importer(2089858483,0ecaa5967403d082aa24f35e1b516d23)
Start importing Assets/Materials/Skyboxes/Images/FS013_Snowy_Cubemap_back.png using Guid(a1d096d5e6646fc43b0fda1d4187a9ea) Importer(2089858483,0ecaa5967403d082aa24f35e1b516d23) Generated GUIDs only implemented for interfaces!
 -> (artifact id: 'c79cf498cc906af37720861b65563004') in 0.015539 seconds
Number of updated asset objects reloaded before import = 0
Number of asset objects unloaded after import = 1
========================================================================
Received Import Request.
  Time since last request: 0.000018 seconds.
  path: Assets/Materials/Skyboxes/Images/FS013_Night_Moonless_Cubemap_left.png
  artifactKey: Guid(34bbb14e132afdf4490caf801157541c) Importer(2089858483,0ecaa5967403d082aa24f35e1b516d23)
Start importing Assets/Materials/Skyboxes/Images/FS013_Night_Moonless_Cubemap_left.png using Guid(34bbb14e132afdf4490caf801157541c) Importer(2089858483,0ecaa5967403d082aa24f35e1b516d23) Generated GUIDs only implemented for interfaces!
 -> (artifact id: '59aea8885bcc2f8e6d5b4599634509da') in 0.020242 seconds
Number of updated asset objects reloaded before import = 0
Number of asset objects unloaded after import = 1
========================================================================
Received Import Request.
  Time since last request: 0.000015 seconds.
  path: Assets/Models and Prefabs/Walls and Floors/Models/Wood/materials/Wall-Wood-Model-12.png
  artifactKey: Guid(bb57af78a7925424f8995714df58e71e) Importer(2089858483,0ecaa5967403d082aa24f35e1b516d23)
Start importing Assets/Models and Prefabs/Walls and Floors/Models/Wood/materials/Wall-Wood-Model-12.png using Guid(bb57af78a7925424f8995714df58e71e) Importer(2089858483,0ecaa5967403d082aa24f35e1b516d23) Generated GUIDs only implemented for interfaces!
 -> (artifact id: 'b2359b2f4c5f5f9e68e96a0b2cfa06cb') in 0.017808 seconds
Number of updated asset objects reloaded before import = 0
Number of asset objects unloaded after import = 1
========================================================================
Received Import Request.
  Time since last request: 0.000014 seconds.
  path: Assets/Models and Prefabs/Walls and Floors/Prefabs/Stone/Floors/Floor-Stone (1).prefab
  artifactKey: Guid(5c5270ce0258f074e9ec5251e4b0776e) Importer(2089858483,0ecaa5967403d082aa24f35e1b516d23)
Start importing Assets/Models and Prefabs/Walls and Floors/Prefabs/Stone/Floors/Floor-Stone (1).prefab using Guid(5c5270ce0258f074e9ec5251e4b0776e) Importer(2089858483,0ecaa5967403d082aa24f35e1b516d23) Generated GUIDs only implemented for interfaces!
 -> (artifact id: '8d720969e8b8d2303f2476274130942e') in 0.008531 seconds
Number of updated asset objects reloaded before import = 0
Number of asset objects unloaded after import = 8
========================================================================
Received Import Request.
  Time since last request: 0.000014 seconds.
  path: Assets/Models and Prefabs/Walls and Floors/Models/Wood/materials/Wall-Wood-Model-07.mat
  artifactKey: Guid(ac519ce1f0b9273469231f091560a86a) Importer(2089858483,0ecaa5967403d082aa24f35e1b516d23)
Start importing Assets/Models and Prefabs/Walls and Floors/Models/Wood/materials/Wall-Wood-Model-07.mat using Guid(ac519ce1f0b9273469231f091560a86a) Importer(2089858483,0ecaa5967403d082aa24f35e1b516d23) Generated GUIDs only implemented for interfaces!
 -> (artifact id: '397cb2f215fe0ae268f5522f2b2e246f') in 0.006050 seconds
Number of updated asset objects reloaded before import = 0
Number of asset objects unloaded after import = 2
========================================================================
Received Import Request.
  Time since last request: 0.000011 seconds.
  path: Assets/Models and Prefabs/Walls and Floors/Prefabs/Stone/Walls/Wall-Stone (1).prefab
  artifactKey: Guid(e72f1a178c825f84bac03b6f867c7dcf) Importer(2089858483,0ecaa5967403d082aa24f35e1b516d23)
Start importing Assets/Models and Prefabs/Walls and Floors/Prefabs/Stone/Walls/Wall-Stone (1).prefab using Guid(e72f1a178c825f84bac03b6f867c7dcf) Importer(2089858483,0ecaa5967403d082aa24f35e1b516d23) Generated GUIDs only implemented for interfaces!
 -> (artifact id: '683c1dce7a88cf8bc31c6c59e9321ab1') in 0.008650 seconds
Number of updated asset objects reloaded before import = 0
Number of asset objects unloaded after import = 8
========================================================================
Received Import Request.
  Time since last request: 0.000013 seconds.
  path: Assets/Models and Prefabs/Walls and Floors/Models/Wood/Wall-Wood-Model-10.fbx
  artifactKey: Guid(c5ebeadff40677f428f920862a3f1e3a) Importer(2089858483,0ecaa5967403d082aa24f35e1b516d23)
Start importing Assets/Models and Prefabs/Walls and Floors/Models/Wood/Wall-Wood-Model-10.fbx using Guid(c5ebeadff40677f428f920862a3f1e3a) Importer(2089858483,0ecaa5967403d082aa24f35e1b516d23) Generated GUIDs only implemented for interfaces!
 -> (artifact id: '6d18bb7985c1d2114a1160d9edc0eaf9') in 0.013549 seconds
Number of updated asset objects reloaded before import = 0
Number of asset objects unloaded after import = 7
========================================================================
Received Import Request.
  Time since last request: 0.000014 seconds.
  path: Assets/Models and Prefabs/Walls and Floors/Models/Wood/materials/Wall-Wood-Model-10.mat
  artifactKey: Guid(e7e59c9c966c6ba418317867239d89de) Importer(2089858483,0ecaa5967403d082aa24f35e1b516d23)
Start importing Assets/Models and Prefabs/Walls and Floors/Models/Wood/materials/Wall-Wood-Model-10.mat using Guid(e7e59c9c966c6ba418317867239d89de) Importer(2089858483,0ecaa5967403d082aa24f35e1b516d23) Generated GUIDs only implemented for interfaces!
 -> (artifact id: '2278b1cac665996c3b65ec46817aa119') in 0.006600 seconds
Number of updated asset objects reloaded before import = 0
Number of asset objects unloaded after import = 2
========================================================================
Received Import Request.
  Time since last request: 0.000013 seconds.
  path: Assets/Models and Prefabs/Walls and Floors/Models/Stone/materials/Wall-Stone-Model-04.mat
  artifactKey: Guid(5d66cb4cf0d5ab54e8364c3f49894d76) Importer(2089858483,0ecaa5967403d082aa24f35e1b516d23)
Start importing Assets/Models and Prefabs/Walls and Floors/Models/Stone/materials/Wall-Stone-Model-04.mat using Guid(5d66cb4cf0d5ab54e8364c3f49894d76) Importer(2089858483,0ecaa5967403d082aa24f35e1b516d23) Generated GUIDs only implemented for interfaces!
 -> (artifact id: '73e8d920d2d8dca28cd3867ffa933447') in 0.006150 seconds
Number of updated asset objects reloaded before import = 0
Number of asset objects unloaded after import = 2
========================================================================
Received Import Request.
  Time since last request: 0.000012 seconds.
  path: Assets/Models and Prefabs/Walls and Floors/Models/Stone/materials/Door-Stone-Model-02.mat
  artifactKey: Guid(12c7faa25ab84cf47b63336a6f0eae56) Importer(2089858483,0ecaa5967403d082aa24f35e1b516d23)
Start importing Assets/Models and Prefabs/Walls and Floors/Models/Stone/materials/Door-Stone-Model-02.mat using Guid(12c7faa25ab84cf47b63336a6f0eae56) Importer(2089858483,0ecaa5967403d082aa24f35e1b516d23) Generated GUIDs only implemented for interfaces!
 -> (artifact id: '92ed1e7a8ed53bb8cb0a63ee73d8c85f') in 0.006748 seconds
Number of updated asset objects reloaded before import = 0
Number of asset objects unloaded after import = 2
========================================================================
Received Import Request.
  Time since last request: 0.000012 seconds.
  path: Assets/Models and Prefabs/Walls and Floors/Models/Stone/materials/Floor-Stone-Model-03.png
  artifactKey: Guid(890066c6fee80104a8e1dd4cbffdb746) Importer(2089858483,0ecaa5967403d082aa24f35e1b516d23)
Start importing Assets/Models and Prefabs/Walls and Floors/Models/Stone/materials/Floor-Stone-Model-03.png using Guid(890066c6fee80104a8e1dd4cbffdb746) Importer(2089858483,0ecaa5967403d082aa24f35e1b516d23) Generated GUIDs only implemented for interfaces!
 -> (artifact id: '17b0af6d99c42b151738a3660cdb075c') in 0.016774 seconds
Number of updated asset objects reloaded before import = 0
Number of asset objects unloaded after import = 1
========================================================================
Received Import Request.
  Time since last request: 0.000015 seconds.
  path: Assets/Models and Prefabs/Walls and Floors/Prefabs/Stone/Walls/Wall-Stone (4).prefab
  artifactKey: Guid(e6bbaf2297b9038409733c2f1128003b) Importer(2089858483,0ecaa5967403d082aa24f35e1b516d23)
Start importing Assets/Models and Prefabs/Walls and Floors/Prefabs/Stone/Walls/Wall-Stone (4).prefab using Guid(e6bbaf2297b9038409733c2f1128003b) Importer(2089858483,0ecaa5967403d082aa24f35e1b516d23) Generated GUIDs only implemented for interfaces!
 -> (artifact id: '393e60f2bf09c1a3fa5e87e147b39c1b') in 0.007184 seconds
Number of updated asset objects reloaded before import = 0
Number of asset objects unloaded after import = 8
========================================================================
Received Import Request.
  Time since last request: 0.000012 seconds.
  path: Assets/Models and Prefabs/Walls and Floors/Models/Stone/materials/Corner-Stone-Model-01.mat
  artifactKey: Guid(9ea8f35b013d57543844fb8784445267) Importer(2089858483,0ecaa5967403d082aa24f35e1b516d23)
Start importing Assets/Models and Prefabs/Walls and Floors/Models/Stone/materials/Corner-Stone-Model-01.mat using Guid(9ea8f35b013d57543844fb8784445267) Importer(2089858483,0ecaa5967403d082aa24f35e1b516d23) Generated GUIDs only implemented for interfaces!
 -> (artifact id: '8d222eadaf576b247100647308be87e1') in 0.006405 seconds
Number of updated asset objects reloaded before import = 0
Number of asset objects unloaded after import = 2
========================================================================
Received Import Request.
  Time since last request: 0.000014 seconds.
  path: Assets/Models and Prefabs/Walls and Floors/Prefabs/Stone/Walls/Wall-Stone (9).prefab
  artifactKey: Guid(ab81f7053ec51854a82c0f1f16fd6847) Importer(2089858483,0ecaa5967403d082aa24f35e1b516d23)
Start importing Assets/Models and Prefabs/Walls and Floors/Prefabs/Stone/Walls/Wall-Stone (9).prefab using Guid(ab81f7053ec51854a82c0f1f16fd6847) Importer(2089858483,0ecaa5967403d082aa24f35e1b516d23) Generated GUIDs only implemented for interfaces!
 -> (artifact id: 'c610f989bfdd30f538553358733aa088') in 0.009076 seconds
Number of updated asset objects reloaded before import = 0
Number of asset objects unloaded after import = 8
========================================================================
Received Import Request.
  Time since last request: 0.000019 seconds.
  path: Assets/Models and Prefabs/Walls and Floors/Models/Stone/materials/Wall-Stone-Model-08.mat
  artifactKey: Guid(531ebf51a45f06748a01c51246b63597) Importer(2089858483,0ecaa5967403d082aa24f35e1b516d23)
Start importing Assets/Models and Prefabs/Walls and Floors/Models/Stone/materials/Wall-Stone-Model-08.mat using Guid(531ebf51a45f06748a01c51246b63597) Importer(2089858483,0ecaa5967403d082aa24f35e1b516d23) Generated GUIDs only implemented for interfaces!
 -> (artifact id: '7012a9486654474cb431d4ffa282c2fd') in 0.007629 seconds
Number of updated asset objects reloaded before import = 0
Number of asset objects unloaded after import = 2
========================================================================
Received Import Request.
  Time since last request: 0.000015 seconds.
  path: Assets/Models and Prefabs/Walls and Floors/Models/Stone/materials/Floor-Stone-Model-01.mat
  artifactKey: Guid(36ccc1482a1cb234fa00f4bba66dae21) Importer(2089858483,0ecaa5967403d082aa24f35e1b516d23)
Start importing Assets/Models and Prefabs/Walls and Floors/Models/Stone/materials/Floor-Stone-Model-01.mat using Guid(36ccc1482a1cb234fa00f4bba66dae21) Importer(2089858483,0ecaa5967403d082aa24f35e1b516d23) Generated GUIDs only implemented for interfaces!
 -> (artifact id: '82bfc7c8d275e4a445b417f2e9337e8c') in 0.007504 seconds
Number of updated asset objects reloaded before import = 0
Number of asset objects unloaded after import = 2
========================================================================
Received Import Request.
  Time since last request: 0.000015 seconds.
  path: Assets/Models and Prefabs/Walls and Floors/Prefabs/Stone/Floors/Floor-Stone (2).prefab
  artifactKey: Guid(bf6eae279b80dd743be4cb4fbc4b4334) Importer(2089858483,0ecaa5967403d082aa24f35e1b516d23)
Start importing Assets/Models and Prefabs/Walls and Floors/Prefabs/Stone/Floors/Floor-Stone (2).prefab using Guid(bf6eae279b80dd743be4cb4fbc4b4334) Importer(2089858483,0ecaa5967403d082aa24f35e1b516d23) Generated GUIDs only implemented for interfaces!
 -> (artifact id: '1be1d6aac2d0584d48427261667ee5e6') in 0.007903 seconds
Number of updated asset objects reloaded before import = 0
Number of asset objects unloaded after import = 8
========================================================================
Received Import Request.
  Time since last request: 0.000023 seconds.
  path: Assets/Models and Prefabs/Walls and Floors/Models/Stone/materials/Door-Stone-Model-01.mat
  artifactKey: Guid(204b0ea5595393c4d950b931f84f64a9) Importer(2089858483,0ecaa5967403d082aa24f35e1b516d23)
Start importing Assets/Models and Prefabs/Walls and Floors/Models/Stone/materials/Door-Stone-Model-01.mat using Guid(204b0ea5595393c4d950b931f84f64a9) Importer(2089858483,0ecaa5967403d082aa24f35e1b516d23) Generated GUIDs only implemented for interfaces!
 -> (artifact id: 'f8ffc64c83b060e0153374ddab8e1dcd') in 0.006017 seconds
Number of updated asset objects reloaded before import = 0
Number of asset objects unloaded after import = 2
========================================================================
Received Import Request.
  Time since last request: 0.000017 seconds.
  path: Assets/Models and Prefabs/Walls and Floors/Models/Wood/materials/Corner-Wood-Model-03.mat
  artifactKey: Guid(024ec65dc7d742e4d87f866c034ff810) Importer(2089858483,0ecaa5967403d082aa24f35e1b516d23)
Start importing Assets/Models and Prefabs/Walls and Floors/Models/Wood/materials/Corner-Wood-Model-03.mat using Guid(024ec65dc7d742e4d87f866c034ff810) Importer(2089858483,0ecaa5967403d082aa24f35e1b516d23) Generated GUIDs only implemented for interfaces!
 -> (artifact id: 'd7f520355286f9c81ab579a66a115ba1') in 0.007980 seconds
Number of updated asset objects reloaded before import = 0
Number of asset objects unloaded after import = 2
========================================================================
Received Import Request.
  Time since last request: 0.000015 seconds.
  path: Assets/Models and Prefabs/Walls and Floors/Models/Wood/materials/Corner-Wood-Model-04.mat
  artifactKey: Guid(da7f4587877a06f4bb0021fd666bdccc) Importer(2089858483,0ecaa5967403d082aa24f35e1b516d23)
Start importing Assets/Models and Prefabs/Walls and Floors/Models/Wood/materials/Corner-Wood-Model-04.mat using Guid(da7f4587877a06f4bb0021fd666bdccc) Importer(2089858483,0ecaa5967403d082aa24f35e1b516d23) Generated GUIDs only implemented for interfaces!
 -> (artifact id: '860c9f392e35276fb3bcac9f1a9e1c9b') in 0.006093 seconds
Number of updated asset objects reloaded before import = 0
Number of asset objects unloaded after import = 2
========================================================================
Received Import Request.
  Time since last request: 0.000015 seconds.
  path: Assets/Models and Prefabs/Walls and Floors/Models/Stone/materials/Floor-Stone-Model-03.mat
  artifactKey: Guid(907d88b92f7d1bf499be0995fc4c75bc) Importer(2089858483,0ecaa5967403d082aa24f35e1b516d23)
Start importing Assets/Models and Prefabs/Walls and Floors/Models/Stone/materials/Floor-Stone-Model-03.mat using Guid(907d88b92f7d1bf499be0995fc4c75bc) Importer(2089858483,0ecaa5967403d082aa24f35e1b516d23) Generated GUIDs only implemented for interfaces!
 -> (artifact id: 'f98d349070c74bd7fa5e04f53ed93af5') in 0.007247 seconds
Number of updated asset objects reloaded before import = 0
Number of asset objects unloaded after import = 2
========================================================================
Received Import Request.
  Time since last request: 0.000013 seconds.
  path: Assets/Models and Prefabs/Walls and Floors/Prefabs/Stone/Floors/Floor-Stone (4).prefab
  artifactKey: Guid(f6efb6824389eab4d8cb9a0858c38a64) Importer(2089858483,0ecaa5967403d082aa24f35e1b516d23)
Start importing Assets/Models and Prefabs/Walls and Floors/Prefabs/Stone/Floors/Floor-Stone (4).prefab using Guid(f6efb6824389eab4d8cb9a0858c38a64) Importer(2089858483,0ecaa5967403d082aa24f35e1b516d23) Generated GUIDs only implemented for interfaces!
 -> (artifact id: '0c4c73ae87cf9b52c7dac961dea4d3be') in 0.008063 seconds
Number of updated asset objects reloaded before import = 0
Number of asset objects unloaded after import = 8
========================================================================
Received Import Request.
  Time since last request: 0.000016 seconds.
  path: Assets/Models and Prefabs/Walls and Floors/Models/Wood/materials/Floor-Wood-Model-02.mat
  artifactKey: Guid(b36f28aa57c7300419c58f3720d00952) Importer(2089858483,0ecaa5967403d082aa24f35e1b516d23)
Start importing Assets/Models and Prefabs/Walls and Floors/Models/Wood/materials/Floor-Wood-Model-02.mat using Guid(b36f28aa57c7300419c58f3720d00952) Importer(2089858483,0ecaa5967403d082aa24f35e1b516d23) Generated GUIDs only implemented for interfaces!
 -> (artifact id: '89c13e7562599d71d07eee72d8c38827') in 0.006139 seconds
Number of updated asset objects reloaded before import = 0
Number of asset objects unloaded after import = 2
========================================================================
Received Import Request.
  Time since last request: 0.000016 seconds.
  path: Assets/Models and Prefabs/Walls and Floors/Models/Stone/materials/Wall-Stone-Model-10.png
  artifactKey: Guid(b7290229929885845b1665e4c7d323fb) Importer(2089858483,0ecaa5967403d082aa24f35e1b516d23)
Start importing Assets/Models and Prefabs/Walls and Floors/Models/Stone/materials/Wall-Stone-Model-10.png using Guid(b7290229929885845b1665e4c7d323fb) Importer(2089858483,0ecaa5967403d082aa24f35e1b516d23) Generated GUIDs only implemented for interfaces!
 -> (artifact id: '7dc09be6d213e00c4ac528532601cbdd') in 0.016947 seconds
Number of updated asset objects reloaded before import = 0
Number of asset objects unloaded after import = 1
========================================================================
Received Import Request.
  Time since last request: 0.000012 seconds.
  path: Assets/Models and Prefabs/Walls and Floors/Models/Wood/materials/Corner-Wood-Model-02.png
  artifactKey: Guid(e7be35ddf1e796d479fef702b9d323e2) Importer(2089858483,0ecaa5967403d082aa24f35e1b516d23)
Start importing Assets/Models and Prefabs/Walls and Floors/Models/Wood/materials/Corner-Wood-Model-02.png using Guid(e7be35ddf1e796d479fef702b9d323e2) Importer(2089858483,0ecaa5967403d082aa24f35e1b516d23) Generated GUIDs only implemented for interfaces!
 -> (artifact id: 'e99f5e2f3d2734cbe6f5e14411985e22') in 0.014611 seconds
Number of updated asset objects reloaded before import = 0
Number of asset objects unloaded after import = 1
========================================================================
Received Import Request.
  Time since last request: 0.000016 seconds.
  path: Assets/Models and Prefabs/Walls and Floors/Models/Stone/materials/Corner-Stone-Model-04.png
  artifactKey: Guid(c00488771ed2ee04cb45e425a2ffc836) Importer(2089858483,0ecaa5967403d082aa24f35e1b516d23)
Start importing Assets/Models and Prefabs/Walls and Floors/Models/Stone/materials/Corner-Stone-Model-04.png using Guid(c00488771ed2ee04cb45e425a2ffc836) Importer(2089858483,0ecaa5967403d082aa24f35e1b516d23) Generated GUIDs only implemented for interfaces!
 -> (artifact id: 'c3744e3500aa311c22af01222806bfaa') in 0.022016 seconds
Number of updated asset objects reloaded before import = 0
Number of asset objects unloaded after import = 1
========================================================================
Received Import Request.
  Time since last request: 0.000015 seconds.
  path: Assets/Models and Prefabs/Walls and Floors/Prefabs/Wood/Corners/Corner-Wood (4).prefab
  artifactKey: Guid(c4966d711f437fe44bbd7d3261a38732) Importer(2089858483,0ecaa5967403d082aa24f35e1b516d23)
Start importing Assets/Models and Prefabs/Walls and Floors/Prefabs/Wood/Corners/Corner-Wood (4).prefab using Guid(c4966d711f437fe44bbd7d3261a38732) Importer(2089858483,0ecaa5967403d082aa24f35e1b516d23) Generated GUIDs only implemented for interfaces!
 -> (artifact id: '9dace00082a4aace7b0c809371b0050d') in 0.007778 seconds
Number of updated asset objects reloaded before import = 0
Number of asset objects unloaded after import = 8
========================================================================
Received Import Request.
  Time since last request: 0.000015 seconds.
  path: Assets/Models and Prefabs/Walls and Floors/Models/Stone/materials/Corner-Stone-Model-01.png
  artifactKey: Guid(853428089451e744cb46c7d275ad0639) Importer(2089858483,0ecaa5967403d082aa24f35e1b516d23)
Start importing Assets/Models and Prefabs/Walls and Floors/Models/Stone/materials/Corner-Stone-Model-01.png using Guid(853428089451e744cb46c7d275ad0639) Importer(2089858483,0ecaa5967403d082aa24f35e1b516d23) Generated GUIDs only implemented for interfaces!
 -> (artifact id: '07b7037ba5df0cd7cf253e0180cbed5f') in 0.018298 seconds
Number of updated asset objects reloaded before import = 0
Number of asset objects unloaded after import = 1
========================================================================
Received Import Request.
  Time since last request: 0.000014 seconds.
  path: Assets/Materials/Skyboxes/Images/FS013_Rainy_Cubemap_right.png
  artifactKey: Guid(bc317a9e5d9738e4baa80940350d89a4) Importer(2089858483,0ecaa5967403d082aa24f35e1b516d23)
Start importing Assets/Materials/Skyboxes/Images/FS013_Rainy_Cubemap_right.png using Guid(bc317a9e5d9738e4baa80940350d89a4) Importer(2089858483,0ecaa5967403d082aa24f35e1b516d23) Generated GUIDs only implemented for interfaces!
 -> (artifact id: 'e71e2da62bc1fd9d44a83d7f3fea1c1d') in 0.018150 seconds
Number of updated asset objects reloaded before import = 0
Number of asset objects unloaded after import = 1
========================================================================
Received Import Request.
  Time since last request: 0.000013 seconds.
  path: Assets/Models and Prefabs/Walls and Floors/Models/Stone/Corner-Stone-Model-01.fbx
  artifactKey: Guid(413012ff581a37e48920be52d807f4ac) Importer(2089858483,0ecaa5967403d082aa24f35e1b516d23)
Start importing Assets/Models and Prefabs/Walls and Floors/Models/Stone/Corner-Stone-Model-01.fbx using Guid(413012ff581a37e48920be52d807f4ac) Importer(2089858483,0ecaa5967403d082aa24f35e1b516d23) Generated GUIDs only implemented for interfaces!
 -> (artifact id: 'cc3c5e841c84a46a2051637dfcbe63f4') in 0.013914 seconds
Number of updated asset objects reloaded before import = 0
Number of asset objects unloaded after import = 7
========================================================================
Received Import Request.
  Time since last request: 0.000014 seconds.
  path: Assets/Models and Prefabs/Walls and Floors/Demo Scenes/Asset Lineup SceneSettings.lighting
  artifactKey: Guid(6760dd4fe1c00f545ae6c8235e50d4e2) Importer(2089858483,0ecaa5967403d082aa24f35e1b516d23)
Start importing Assets/Models and Prefabs/Walls and Floors/Demo Scenes/Asset Lineup SceneSettings.lighting using Guid(6760dd4fe1c00f545ae6c8235e50d4e2) Importer(2089858483,0ecaa5967403d082aa24f35e1b516d23) LightingSettings: switching bake backend from 1 to 2.
Generated GUIDs only implemented for interfaces!
 -> (artifact id: '840ca96723e3f8b8d4f820240c9e0a1e') in 0.013793 seconds
Number of updated asset objects reloaded before import = 0
Number of asset objects unloaded after import = 1
========================================================================
Received Import Request.
  Time since last request: 0.000012 seconds.
  path: Assets/Models and Prefabs/Walls and Floors/Models/Wood/materials/Wall-Wood-Model-09.png
  artifactKey: Guid(a7dceb2629f36ce4ea00b2c8324419e5) Importer(2089858483,0ecaa5967403d082aa24f35e1b516d23)
Start importing Assets/Models and Prefabs/Walls and Floors/Models/Wood/materials/Wall-Wood-Model-09.png using Guid(a7dceb2629f36ce4ea00b2c8324419e5) Importer(2089858483,0ecaa5967403d082aa24f35e1b516d23) Generated GUIDs only implemented for interfaces!
 -> (artifact id: '5329f54243c220b2edba84850066b310') in 0.017072 seconds
Number of updated asset objects reloaded before import = 0
Number of asset objects unloaded after import = 1
========================================================================
Received Import Request.
  Time since last request: 0.000014 seconds.
  path: Assets/Models and Prefabs/Walls and Floors/Models/Stone/materials/Floor-Stone-Model-02.mat
  artifactKey: Guid(5ef5271cc1e75574995ddec7d0186fc6) Importer(2089858483,0ecaa5967403d082aa24f35e1b516d23)
Start importing Assets/Models and Prefabs/Walls and Floors/Models/Stone/materials/Floor-Stone-Model-02.mat using Guid(5ef5271cc1e75574995ddec7d0186fc6) Importer(2089858483,0ecaa5967403d082aa24f35e1b516d23) Generated GUIDs only implemented for interfaces!
 -> (artifact id: '976a72c3e8e5515a178fb1a2d8b91fdc') in 0.006007 seconds
Number of updated asset objects reloaded before import = 0
Number of asset objects unloaded after import = 2
========================================================================
Received Import Request.
  Time since last request: 0.000015 seconds.
  path: Assets/Models and Prefabs/Walls and Floors/Models/Stone/materials/Corner-Stone-Model-03.mat
  artifactKey: Guid(3f413147f079ccf4f9c492a01b0e39f4) Importer(2089858483,0ecaa5967403d082aa24f35e1b516d23)
Start importing Assets/Models and Prefabs/Walls and Floors/Models/Stone/materials/Corner-Stone-Model-03.mat using Guid(3f413147f079ccf4f9c492a01b0e39f4) Importer(2089858483,0ecaa5967403d082aa24f35e1b516d23) Generated GUIDs only implemented for interfaces!
 -> (artifact id: '892eb3015129bcb251fe07576f0bd819') in 0.006117 seconds
Number of updated asset objects reloaded before import = 0
Number of asset objects unloaded after import = 2
========================================================================
Received Import Request.
  Time since last request: 0.000012 seconds.
  path: Assets/Materials/Skyboxes/Images/FS013_Night_Cubemap_left.png
  artifactKey: Guid(f08f41782da683a4daaae9abb6941295) Importer(2089858483,0ecaa5967403d082aa24f35e1b516d23)
Start importing Assets/Materials/Skyboxes/Images/FS013_Night_Cubemap_left.png using Guid(f08f41782da683a4daaae9abb6941295) Importer(2089858483,0ecaa5967403d082aa24f35e1b516d23) Generated GUIDs only implemented for interfaces!
 -> (artifact id: 'b16884ceb7aeac1dd5ee141ac4f05dd0') in 0.018799 seconds
Number of updated asset objects reloaded before import = 0
Number of asset objects unloaded after import = 1
========================================================================
Received Import Request.
  Time since last request: 0.000014 seconds.
  path: Assets/Models and Prefabs/Walls and Floors/Models/Wood/Wall-Wood-Model-06.fbx
  artifactKey: Guid(0349dbd9ca24d5543b4671a183d08f7d) Importer(2089858483,0ecaa5967403d082aa24f35e1b516d23)
Start importing Assets/Models and Prefabs/Walls and Floors/Models/Wood/Wall-Wood-Model-06.fbx using Guid(0349dbd9ca24d5543b4671a183d08f7d) Importer(2089858483,0ecaa5967403d082aa24f35e1b516d23) Generated GUIDs only implemented for interfaces!
 -> (artifact id: 'cc4d4bb6a5f8d43c21ef09f3f15d6c2e') in 0.014020 seconds
Number of updated asset objects reloaded before import = 0
Number of asset objects unloaded after import = 7
========================================================================
Received Import Request.
  Time since last request: 0.000020 seconds.
  path: Assets/Models and Prefabs/Walls and Floors/Models/Wood/materials/Corner-Wood-Model-03.png
  artifactKey: Guid(c5d56663d295b3e44a03bb4f9e9dad87) Importer(2089858483,0ecaa5967403d082aa24f35e1b516d23)
Start importing Assets/Models and Prefabs/Walls and Floors/Models/Wood/materials/Corner-Wood-Model-03.png using Guid(c5d56663d295b3e44a03bb4f9e9dad87) Importer(2089858483,0ecaa5967403d082aa24f35e1b516d23) Generated GUIDs only implemented for interfaces!
 -> (artifact id: 'a49e75386c08b9479352b2964cce3079') in 0.016205 seconds
Number of updated asset objects reloaded before import = 0
Number of asset objects unloaded after import = 1
========================================================================
Received Import Request.
  Time since last request: 0.000016 seconds.
  path: Assets/Models and Prefabs/Walls and Floors/Models/Wood/Wall-Wood-Model-03.fbx
  artifactKey: Guid(e1ff90def9a530248ab22c3a085eac63) Importer(2089858483,0ecaa5967403d082aa24f35e1b516d23)
Start importing Assets/Models and Prefabs/Walls and Floors/Models/Wood/Wall-Wood-Model-03.fbx using Guid(e1ff90def9a530248ab22c3a085eac63) Importer(2089858483,0ecaa5967403d082aa24f35e1b516d23) Generated GUIDs only implemented for interfaces!
 -> (artifact id: '4c2852a7e3392210589be3d366e0e02d') in 0.012604 seconds
Number of updated asset objects reloaded before import = 0
Number of asset objects unloaded after import = 7
========================================================================
Received Import Request.
  Time since last request: 0.000017 seconds.
  path: Assets/Models and Prefabs/Walls and Floors/Models/Wood/materials/Wall-Wood-Model-11.png
  artifactKey: Guid(a93277b1437c8ee4e8cf38e1e3ca480a) Importer(2089858483,0ecaa5967403d082aa24f35e1b516d23)
Start importing Assets/Models and Prefabs/Walls and Floors/Models/Wood/materials/Wall-Wood-Model-11.png using Guid(a93277b1437c8ee4e8cf38e1e3ca480a) Importer(2089858483,0ecaa5967403d082aa24f35e1b516d23) Generated GUIDs only implemented for interfaces!
 -> (artifact id: '3d4212c519ce2a431df233e9f4afaf6d') in 0.016592 seconds
Number of updated asset objects reloaded before import = 0
Number of asset objects unloaded after import = 1
========================================================================
Received Import Request.
  Time since last request: 0.000012 seconds.
  path: Assets/Models and Prefabs/Walls and Floors/Models/Stone/Corner-Stone-Model-03.fbx
  artifactKey: Guid(c9a2f8ec850b892478e8fd57cc866047) Importer(2089858483,0ecaa5967403d082aa24f35e1b516d23)
Start importing Assets/Models and Prefabs/Walls and Floors/Models/Stone/Corner-Stone-Model-03.fbx using Guid(c9a2f8ec850b892478e8fd57cc866047) Importer(2089858483,0ecaa5967403d082aa24f35e1b516d23) Generated GUIDs only implemented for interfaces!
 -> (artifact id: '064bd0d3f2a6d65b2369b194fe221235') in 0.012397 seconds
Number of updated asset objects reloaded before import = 0
Number of asset objects unloaded after import = 7
========================================================================
Received Import Request.
  Time since last request: 0.000013 seconds.
  path: Assets/Materials/Skyboxes/Images/FS013_Rainy_Cubemap_back.png
  artifactKey: Guid(c9e944a935de303408627b0f0076d47a) Importer(2089858483,0ecaa5967403d082aa24f35e1b516d23)
Start importing Assets/Materials/Skyboxes/Images/FS013_Rainy_Cubemap_back.png using Guid(c9e944a935de303408627b0f0076d47a) Importer(2089858483,0ecaa5967403d082aa24f35e1b516d23) Generated GUIDs only implemented for interfaces!
 -> (artifact id: 'fd17c081168affd9d315125c703723db') in 0.021074 seconds
Number of updated asset objects reloaded before import = 0
Number of asset objects unloaded after import = 1
========================================================================
Received Import Request.
  Time since last request: 0.000017 seconds.
  path: Assets/Models and Prefabs/Walls and Floors/Models/Wood/materials/Floor-Wood-Model-02.png
  artifactKey: Guid(5ca38be5f0c1e85438fd46c989a9e4fe) Importer(2089858483,0ecaa5967403d082aa24f35e1b516d23)
Start importing Assets/Models and Prefabs/Walls and Floors/Models/Wood/materials/Floor-Wood-Model-02.png using Guid(5ca38be5f0c1e85438fd46c989a9e4fe) Importer(2089858483,0ecaa5967403d082aa24f35e1b516d23) Generated GUIDs only implemented for interfaces!
 -> (artifact id: '6c015e80c7666242451d7aa352dbecdf') in 0.019715 seconds
Number of updated asset objects reloaded before import = 0
Number of asset objects unloaded after import = 1
========================================================================
Received Import Request.
  Time since last request: 0.004331 seconds.
  path: Assets/Models and Prefabs/Walls and Floors/Prefabs/Wood/Doors/Door-Wood (1).prefab
  artifactKey: Guid(e326efa3bf67ff04f9920dbd957aba2a) Importer(2089858483,0ecaa5967403d082aa24f35e1b516d23)
Start importing Assets/Models and Prefabs/Walls and Floors/Prefabs/Wood/Doors/Door-Wood (1).prefab using Guid(e326efa3bf67ff04f9920dbd957aba2a) Importer(2089858483,0ecaa5967403d082aa24f35e1b516d23) Generated GUIDs only implemented for interfaces!
 -> (artifact id: '089b7dcfe782961f6dd1c912e5a9dc93') in 0.009032 seconds
Number of updated asset objects reloaded before import = 0
Number of asset objects unloaded after import = 10
========================================================================
Received Import Request.
  Time since last request: 0.000013 seconds.
  path: Assets/Models and Prefabs/Walls and Floors/Prefabs/Wood/Walls/Wall-Wood (9).prefab
  artifactKey: Guid(05a0229e5b930744683bf9e247f3e363) Importer(2089858483,0ecaa5967403d082aa24f35e1b516d23)
Start importing Assets/Models and Prefabs/Walls and Floors/Prefabs/Wood/Walls/Wall-Wood (9).prefab using Guid(05a0229e5b930744683bf9e247f3e363) Importer(2089858483,0ecaa5967403d082aa24f35e1b516d23) Generated GUIDs only implemented for interfaces!
 -> (artifact id: 'dd9cfabb885823c234e88d16a7fb6a71') in 0.025235 seconds
Number of updated asset objects reloaded before import = 0
Number of asset objects unloaded after import = 8
========================================================================
Received Import Request.
  Time since last request: 0.000014 seconds.
  path: Assets/Models and Prefabs/Walls and Floors/Prefabs/Wood/Walls/Wall-Wood (10).prefab
  artifactKey: Guid(fdec2343e28e33541bc788a20ed6fa4a) Importer(2089858483,0ecaa5967403d082aa24f35e1b516d23)
Start importing Assets/Models and Prefabs/Walls and Floors/Prefabs/Wood/Walls/Wall-Wood (10).prefab using Guid(fdec2343e28e33541bc788a20ed6fa4a) Importer(2089858483,0ecaa5967403d082aa24f35e1b516d23) Generated GUIDs only implemented for interfaces!
 -> (artifact id: '64eb7369a40ab3a09e0647a3e0634404') in 0.007492 seconds
Number of updated asset objects reloaded before import = 0
Number of asset objects unloaded after import = 8
========================================================================
Received Import Request.
  Time since last request: 0.000013 seconds.
  path: Assets/Models and Prefabs/Walls and Floors/Prefabs/Wood/Walls/Wall-Wood (5).prefab
  artifactKey: Guid(88c0dc4641e543d4a9bbecbdd5f11f47) Importer(2089858483,0ecaa5967403d082aa24f35e1b516d23)
Start importing Assets/Models and Prefabs/Walls and Floors/Prefabs/Wood/Walls/Wall-Wood (5).prefab using Guid(88c0dc4641e543d4a9bbecbdd5f11f47) Importer(2089858483,0ecaa5967403d082aa24f35e1b516d23) Generated GUIDs only implemented for interfaces!
 -> (artifact id: '08c54ec493acafa04c50af8e203151ee') in 0.007676 seconds
Number of updated asset objects reloaded before import = 0
Number of asset objects unloaded after import = 8
========================================================================
Received Import Request.
  Time since last request: 0.000013 seconds.
  path: Assets/Models and Prefabs/Walls and Floors/Prefabs/Wood/Floors/Floor-Wood (1).prefab
  artifactKey: Guid(2046beae207d6db4199c40c4d14f4141) Importer(2089858483,0ecaa5967403d082aa24f35e1b516d23)
Start importing Assets/Models and Prefabs/Walls and Floors/Prefabs/Wood/Floors/Floor-Wood (1).prefab using Guid(2046beae207d6db4199c40c4d14f4141) Importer(2089858483,0ecaa5967403d082aa24f35e1b516d23) Generated GUIDs only implemented for interfaces!
 -> (artifact id: 'f2bbf3c475bebc69f65d98c381e4d0c2') in 0.008791 seconds
Number of updated asset objects reloaded before import = 0
Number of asset objects unloaded after import = 8
========================================================================
Received Import Request.
  Time since last request: 596.249265 seconds.
  path: Assets/Scenes/IGB101 Assignment 1 OliviaShepherd.unity
  artifactKey: Guid(48bd49923a3fa5246b0ce10cc426befa) Importer(2089858483,0ecaa5967403d082aa24f35e1b516d23)
Start importing Assets/Scenes/IGB101 Assignment 1 OliviaShepherd.unity using Guid(48bd49923a3fa5246b0ce10cc426befa) Importer(2089858483,0ecaa5967403d082aa24f35e1b516d23) Generated GUIDs only implemented for interfaces!
 -> (artifact id: '68734222edeae76d2100957f86f190a0') in 0.006991 seconds
Number of updated asset objects reloaded before import = 0
Number of asset objects unloaded after import = 1
