Using pre-set license
Built from '2022.3/staging' branch; Version is '2022.3.10f1 (ff3792e53c62) revision 16725906'; Using compiler version '192829333'; Build Type 'Release'
OS: 'Windows 10  (10.0.19045) 64bit Enterprise' Language: 'en' Physical Memory: 32493 MB
BatchMode: 1, IsHumanControllingUs: 0, StartBugReporterOnCrash: 0, Is64bit: 1, IsPro: 1

COMMAND LINE ARGUMENTS:
C:\Program Files\Unity\Hub\Editor\2022.3.10f1\Editor\Unity.exe
-adb2
-batchMode
-noUpm
-name
AssetImportWorker3
-projectPath
C:/Users/n11965908/Documents/GitHub/IGB101-Group-7/Group7Main
-logFile
Logs/AssetImportWorker3.log
-srvPort
56968
Successfully changed project path to: C:/Users/n11965908/Documents/GitHub/IGB101-Group-7/Group7Main
C:/Users/n11965908/Documents/GitHub/IGB101-Group-7/Group7Main
[UnityMemory] Configuration Parameters - Can be set up in boot.config
    "memorysetup-bucket-allocator-granularity=16"
    "memorysetup-bucket-allocator-bucket-count=8"
    "memorysetup-bucket-allocator-block-size=33554432"
    "memorysetup-bucket-allocator-block-count=8"
    "memorysetup-main-allocator-block-size=16777216"
    "memorysetup-thread-allocator-block-size=16777216"
    "memorysetup-gfx-main-allocator-block-size=16777216"
    "memorysetup-gfx-thread-allocator-block-size=16777216"
    "memorysetup-cache-allocator-block-size=4194304"
    "memorysetup-typetree-allocator-block-size=2097152"
    "memorysetup-profiler-bucket-allocator-granularity=16"
    "memorysetup-profiler-bucket-allocator-bucket-count=8"
    "memorysetup-profiler-bucket-allocator-block-size=33554432"
    "memorysetup-profiler-bucket-allocator-block-count=8"
    "memorysetup-profiler-allocator-block-size=16777216"
    "memorysetup-profiler-editor-allocator-block-size=1048576"
    "memorysetup-temp-allocator-size-main=16777216"
    "memorysetup-job-temp-allocator-block-size=2097152"
    "memorysetup-job-temp-allocator-block-size-background=1048576"
    "memorysetup-job-temp-allocator-reduction-small-platforms=262144"
    "memorysetup-allocator-temp-initial-block-size-main=262144"
    "memorysetup-allocator-temp-initial-block-size-worker=262144"
    "memorysetup-temp-allocator-size-background-worker=32768"
    "memorysetup-temp-allocator-size-job-worker=262144"
    "memorysetup-temp-allocator-size-preload-manager=33554432"
    "memorysetup-temp-allocator-size-nav-mesh-worker=65536"
    "memorysetup-temp-allocator-size-audio-worker=65536"
    "memorysetup-temp-allocator-size-cloud-worker=32768"
    "memorysetup-temp-allocator-size-gi-baking-worker=262144"
    "memorysetup-temp-allocator-size-gfx=262144"
Player connection [18064] Host "[IP] 131.181.110.118 [Port] 0 [Flags] 2 [Guid] 3181344150 [EditorId] 3181344150 [Version] 1048832 [Id] WindowsEditor(7,LAB-GPS515-02) [Debug] 1 [PackageName] WindowsEditor [ProjectName] Editor" joined multi-casting on [225.0.0.222:54997]...

Player connection [18064] Host "[IP] 131.181.110.118 [Port] 0 [Flags] 2 [Guid] 3181344150 [EditorId] 3181344150 [Version] 1048832 [Id] WindowsEditor(7,LAB-GPS515-02) [Debug] 1 [PackageName] WindowsEditor [ProjectName] Editor" joined alternative multi-casting on [225.0.0.222:34997]...

[Physics::Module] Initialized MultithreadedJobDispatcher with 15 workers.
Refreshing native plugins compatible for Editor in 17.76 ms, found 2 plugins.
Preloading 0 native plugins for Editor in 0.00 ms.
Initialize engine version: 2022.3.10f1 (ff3792e53c62)
[Subsystems] Discovering subsystems at path C:/Program Files/Unity/Hub/Editor/2022.3.10f1/Editor/Data/Resources/UnitySubsystems
[Subsystems] Discovering subsystems at path C:/Users/n11965908/Documents/GitHub/IGB101-Group-7/Group7Main/Assets
GfxDevice: creating device client; threaded=0; jobified=0
Direct3D:
    Version:  Direct3D 11.0 [level 11.1]
    Renderer: NVIDIA GeForce RTX 3090 (ID=0x2204)
    Vendor:   NVIDIA
    VRAM:     24326 MB
    Driver:   31.0.15.5152
Initialize mono
Mono path[0] = 'C:/Program Files/Unity/Hub/Editor/2022.3.10f1/Editor/Data/Managed'
Mono path[1] = 'C:/Program Files/Unity/Hub/Editor/2022.3.10f1/Editor/Data/MonoBleedingEdge/lib/mono/unityjit-win32'
Mono config path = 'C:/Program Files/Unity/Hub/Editor/2022.3.10f1/Editor/Data/MonoBleedingEdge/etc'
Using monoOptions --debugger-agent=transport=dt_socket,embedding=1,server=y,suspend=n,address=127.0.0.1:56164
Begin MonoManager ReloadAssembly
Registering precompiled unity dll's ...
Register platform support module: C:/Program Files/Unity/Hub/Editor/2022.3.10f1/Editor/Data/PlaybackEngines/WindowsStandaloneSupport/UnityEditor.WindowsStandalone.Extensions.dll
Registered in 0.007290 seconds.
- Loaded All Assemblies, in  0.324 seconds
Native extension for WindowsStandalone target not found
Mono: successfully reloaded assembly
- Finished resetting the current domain, in  0.244 seconds
Domain Reload Profiling: 567ms
	BeginReloadAssembly (93ms)
		ExecutionOrderSort (0ms)
		DisableScriptedObjects (0ms)
		BackupInstance (0ms)
		ReleaseScriptingObjects (0ms)
		CreateAndSetChildDomain (1ms)
	RebuildCommonClasses (28ms)
	RebuildNativeTypeToScriptingClass (8ms)
	initialDomainReloadingComplete (55ms)
	LoadAllAssembliesAndSetupDomain (138ms)
		LoadAssemblies (91ms)
		RebuildTransferFunctionScriptingTraits (0ms)
		AnalyzeDomain (136ms)
			TypeCache.Refresh (134ms)
				TypeCache.ScanAssembly (121ms)
			ScanForSourceGeneratedMonoScriptInfo (0ms)
			ResolveRequiredComponents (1ms)
	FinalizeReload (244ms)
		ReleaseScriptCaches (0ms)
		RebuildScriptCaches (0ms)
		SetupLoadedEditorAssemblies (189ms)
			LogAssemblyErrors (0ms)
			InitializePlatformSupportModulesInManaged (9ms)
			SetLoadedEditorAssemblies (7ms)
			RefreshPlugins (0ms)
			BeforeProcessingInitializeOnLoad (2ms)
			ProcessInitializeOnLoadAttributes (124ms)
			ProcessInitializeOnLoadMethodAttributes (47ms)
			AfterProcessingInitializeOnLoad (0ms)
			EditorAssembliesLoaded (0ms)
		ExecutionOrderSort2 (0ms)
		AwakeInstancesAfterBackupRestoration (0ms)
========================================================================
Worker process is ready to serve import requests
Begin MonoManager ReloadAssembly
Symbol file LoadedFromMemory is not a mono symbol file
- Loaded All Assemblies, in  0.544 seconds
Refreshing native plugins compatible for Editor in 9.43 ms, found 2 plugins.
Native extension for WindowsStandalone target not found
Package Manager log level set to [2]
[Package Manager] Server::EnsureServerProcessIsRunning -- launch failed, reason: Unity was launched with the -noUpm command-line argument
[Package Manager] UpmClient::Send -- Unable to send message (not connected to UPM process).
[Package Manager] Cannot connect to Unity Package Manager local server
Mono: successfully reloaded assembly
- Finished resetting the current domain, in  0.524 seconds
Domain Reload Profiling: 1066ms
	BeginReloadAssembly (148ms)
		ExecutionOrderSort (0ms)
		DisableScriptedObjects (4ms)
		BackupInstance (0ms)
		ReleaseScriptingObjects (0ms)
		CreateAndSetChildDomain (25ms)
	RebuildCommonClasses (39ms)
	RebuildNativeTypeToScriptingClass (13ms)
	initialDomainReloadingComplete (45ms)
	LoadAllAssembliesAndSetupDomain (296ms)
		LoadAssemblies (279ms)
		RebuildTransferFunctionScriptingTraits (0ms)
		AnalyzeDomain (107ms)
			TypeCache.Refresh (85ms)
				TypeCache.ScanAssembly (70ms)
			ScanForSourceGeneratedMonoScriptInfo (17ms)
			ResolveRequiredComponents (4ms)
	FinalizeReload (524ms)
		ReleaseScriptCaches (0ms)
		RebuildScriptCaches (0ms)
		SetupLoadedEditorAssemblies (407ms)
			LogAssemblyErrors (0ms)
			InitializePlatformSupportModulesInManaged (5ms)
			SetLoadedEditorAssemblies (3ms)
			RefreshPlugins (0ms)
			BeforeProcessingInitializeOnLoad (55ms)
			ProcessInitializeOnLoadAttributes (246ms)
			ProcessInitializeOnLoadMethodAttributes (92ms)
			AfterProcessingInitializeOnLoad (5ms)
			EditorAssembliesLoaded (0ms)
		ExecutionOrderSort2 (0ms)
		AwakeInstancesAfterBackupRestoration (6ms)
Launched and connected shader compiler UnityShaderCompiler.exe after 0.05 seconds
Refreshing native plugins compatible for Editor in 12.17 ms, found 2 plugins.
Preloading 0 native plugins for Editor in 0.00 ms.
Unloading 2913 Unused Serialized files (Serialized files now loaded: 0)
Unloading 66 unused Assets / (110.0 KB). Loaded Objects now: 3368.
Memory consumption went from 194.2 MB to 194.1 MB.
Total: 5.419700 ms (FindLiveObjects: 0.181600 ms CreateObjectMapping: 0.081200 ms MarkObjects: 4.954100 ms  DeleteObjects: 0.201900 ms)

AssetImportParameters requested are different than current active one (requested -> active):
  custom:video-decoder-webm-vp8: 9c59270c3fd7afecdb556c50c9e8de78 -> 
  custom:SearchIndexIgnoredProperties: e643bd26f0fe6173181afceb89e7c659 -> 
  custom:container-demuxer-ogg: 62fdf1f143b41e24485cea50d1cbac27 -> 
  custom:AudioImporter_EditorPlatform: d09bf68614088b80899f8185d706f6e7 -> 
  custom:video-decoder-ogg-theora: a1e56fd34408186e4bbccfd4996cb3dc -> 
  custom:framework-win-MediaFoundation: 216162199b28c13a410421893ffa2e32 -> 
  custom:video-encoder-webm-vp8: eb34c28f22e8b96e1ab97ce403110664 -> 
  custom:audio-decoder-ogg-vorbis: bf7c407c2cedff20999df2af8eb42d56 -> 
  custom:CustomObjectIndexerAttribute: 756ad292c208cfabdd7b50bc23989ffe -> 
  custom:container-demuxer-webm: 4f35f7cbe854078d1ac9338744f61a02 -> 
  custom:audio-encoder-webm-vorbis: bf7c407c2cedff20999df2af8eb42d56 -> 
  custom:container-muxer-webm: aa71ff27fc2769a1b78a27578f13a17b -> 
========================================================================
Received Import Request.
  Time since last request: 67525.266675 seconds.
  path: Assets/Olivia Shepherd/Textures/birchwood_normal_map.png
  artifactKey: Guid(bb0c02d95c84b6546be435032f78fe32) Importer(815301076,1909f56bfc062723c751e8b465ee728b)
Start importing Assets/Olivia Shepherd/Textures/birchwood_normal_map.png using Guid(bb0c02d95c84b6546be435032f78fe32) Importer(815301076,1909f56bfc062723c751e8b465ee728b)  -> (artifact id: 'd5881cee5426dd8a459621fcc0eba422') in 0.069279 seconds
Number of updated asset objects reloaded before import = 0
Number of asset objects unloaded after import = 2
========================================================================
Received Import Request.
  Time since last request: 0.000020 seconds.
  path: Assets/Olivia Shepherd/Textures/fireparticle2.png
  artifactKey: Guid(a2c4a5dd0d8edd54d80b2ff8821f33e6) Importer(815301076,1909f56bfc062723c751e8b465ee728b)
Start importing Assets/Olivia Shepherd/Textures/fireparticle2.png using Guid(a2c4a5dd0d8edd54d80b2ff8821f33e6) Importer(815301076,1909f56bfc062723c751e8b465ee728b)  -> (artifact id: 'dc9bd72d9f1280dac73d4f9ce8a9247f') in 0.013000 seconds
Number of updated asset objects reloaded before import = 0
Number of asset objects unloaded after import = 2
========================================================================
Received Import Request.
  Time since last request: 0.000022 seconds.
  path: Assets/Olivia Shepherd/Textures/glass normal map.jpg
  artifactKey: Guid(413f47a82e26eaf4aa0eec5f9bb535de) Importer(815301076,1909f56bfc062723c751e8b465ee728b)
Start importing Assets/Olivia Shepherd/Textures/glass normal map.jpg using Guid(413f47a82e26eaf4aa0eec5f9bb535de) Importer(815301076,1909f56bfc062723c751e8b465ee728b)  -> (artifact id: '276966cd73cf66aca3d11a9e9f2b9add') in 0.011027 seconds
Number of updated asset objects reloaded before import = 0
Number of asset objects unloaded after import = 2
========================================================================
Received Import Request.
  Time since last request: 0.000014 seconds.
  path: Assets/Olivia Shepherd/Textures/rock texture seamless normal.jpg
  artifactKey: Guid(24c82a44ff27f7d478c49f8d1bd372f9) Importer(815301076,1909f56bfc062723c751e8b465ee728b)
Start importing Assets/Olivia Shepherd/Textures/rock texture seamless normal.jpg using Guid(24c82a44ff27f7d478c49f8d1bd372f9) Importer(815301076,1909f56bfc062723c751e8b465ee728b)  -> (artifact id: '4fe6823958d5569f11857db120046a0e') in 0.010744 seconds
Number of updated asset objects reloaded before import = 0
Number of asset objects unloaded after import = 2
========================================================================
Received Prepare
Begin MonoManager ReloadAssembly
Symbol file LoadedFromMemory is not a mono symbol file
- Loaded All Assemblies, in  0.382 seconds
Refreshing native plugins compatible for Editor in 8.28 ms, found 2 plugins.
Native extension for WindowsStandalone target not found
[Package Manager] Server::EnsureServerProcessIsRunning -- launch failed, reason: Unity was launched with the -noUpm command-line argument
[Package Manager] UpmClient::Send -- Unable to send message (not connected to UPM process).
[Package Manager] Cannot connect to Unity Package Manager local server
Mono: successfully reloaded assembly
- Finished resetting the current domain, in  0.829 seconds
Domain Reload Profiling: 1209ms
	BeginReloadAssembly (127ms)
		ExecutionOrderSort (0ms)
		DisableScriptedObjects (4ms)
		BackupInstance (0ms)
		ReleaseScriptingObjects (0ms)
		CreateAndSetChildDomain (26ms)
	RebuildCommonClasses (29ms)
	RebuildNativeTypeToScriptingClass (11ms)
	initialDomainReloadingComplete (28ms)
	LoadAllAssembliesAndSetupDomain (185ms)
		LoadAssemblies (244ms)
		RebuildTransferFunctionScriptingTraits (0ms)
		AnalyzeDomain (9ms)
			TypeCache.Refresh (4ms)
				TypeCache.ScanAssembly (0ms)
			ScanForSourceGeneratedMonoScriptInfo (0ms)
			ResolveRequiredComponents (4ms)
	FinalizeReload (830ms)
		ReleaseScriptCaches (0ms)
		RebuildScriptCaches (0ms)
		SetupLoadedEditorAssemblies (372ms)
			LogAssemblyErrors (0ms)
			InitializePlatformSupportModulesInManaged (5ms)
			SetLoadedEditorAssemblies (3ms)
			RefreshPlugins (0ms)
			BeforeProcessingInitializeOnLoad (53ms)
			ProcessInitializeOnLoadAttributes (195ms)
			ProcessInitializeOnLoadMethodAttributes (110ms)
			AfterProcessingInitializeOnLoad (6ms)
			EditorAssembliesLoaded (0ms)
		ExecutionOrderSort2 (0ms)
		AwakeInstancesAfterBackupRestoration (9ms)
Refreshing native plugins compatible for Editor in 8.46 ms, found 2 plugins.
Preloading 0 native plugins for Editor in 0.00 ms.
Unloading 2884 Unused Serialized files (Serialized files now loaded: 0)
Unloading 52 unused Assets / (82.1 KB). Loaded Objects now: 3377.
Memory consumption went from 192.0 MB to 191.9 MB.
Total: 4.572300 ms (FindLiveObjects: 0.149200 ms CreateObjectMapping: 0.070700 ms MarkObjects: 4.266700 ms  DeleteObjects: 0.085100 ms)

Prepare: number of updated asset objects reloaded= 0
AssetImportParameters requested are different than current active one (requested -> active):
  custom:video-decoder-webm-vp8: 9c59270c3fd7afecdb556c50c9e8de78 -> 
  custom:SearchIndexIgnoredProperties: e643bd26f0fe6173181afceb89e7c659 -> 
  custom:container-demuxer-ogg: 62fdf1f143b41e24485cea50d1cbac27 -> 
  custom:AudioImporter_EditorPlatform: d09bf68614088b80899f8185d706f6e7 -> 
  custom:video-decoder-ogg-theora: a1e56fd34408186e4bbccfd4996cb3dc -> 
  custom:framework-win-MediaFoundation: 216162199b28c13a410421893ffa2e32 -> 
  custom:video-encoder-webm-vp8: eb34c28f22e8b96e1ab97ce403110664 -> 
  custom:audio-decoder-ogg-vorbis: bf7c407c2cedff20999df2af8eb42d56 -> 
  custom:CustomObjectIndexerAttribute: 756ad292c208cfabdd7b50bc23989ffe -> 
  custom:container-demuxer-webm: 4f35f7cbe854078d1ac9338744f61a02 -> 
  custom:audio-encoder-webm-vorbis: bf7c407c2cedff20999df2af8eb42d56 -> 
  custom:container-muxer-webm: aa71ff27fc2769a1b78a27578f13a17b -> 
========================================================================
Received Import Request.
  Time since last request: 353.529603 seconds.
  path: Assets/Elijah Gomez/Scenes/Materials and Textures/Floor.mat
  artifactKey: Guid(a0173ec6aea7d0044922a07ab6fe9e90) Importer(815301076,1909f56bfc062723c751e8b465ee728b)
Start importing Assets/Elijah Gomez/Scenes/Materials and Textures/Floor.mat using Guid(a0173ec6aea7d0044922a07ab6fe9e90) Importer(815301076,1909f56bfc062723c751e8b465ee728b)  -> (artifact id: '1cc3bdb34ebdceb64fc3e560197279eb') in 0.095478 seconds
Number of updated asset objects reloaded before import = 0
Number of asset objects unloaded after import = 2
========================================================================
Received Import Request.
  Time since last request: 0.000021 seconds.
  path: Assets/Elijah Gomez/Scenes/Materials and Textures/Metal003_2K-JPG_NormalGL.jpg
  artifactKey: Guid(9b23d97a8892fcc4f9fccd985eedd61f) Importer(815301076,1909f56bfc062723c751e8b465ee728b)
Start importing Assets/Elijah Gomez/Scenes/Materials and Textures/Metal003_2K-JPG_NormalGL.jpg using Guid(9b23d97a8892fcc4f9fccd985eedd61f) Importer(815301076,1909f56bfc062723c751e8b465ee728b)  -> (artifact id: 'af261aaa4ba84277f669642b7009ec72') in 0.022538 seconds
Number of updated asset objects reloaded before import = 0
Number of asset objects unloaded after import = 2
========================================================================
Received Import Request.
  Time since last request: 0.000025 seconds.
  path: Assets/Elijah Gomez/Scenes/Materials and Textures/WoodSiding001_2K-JPG_NormalDX.jpg
  artifactKey: Guid(12517fe1a42a77c42b8a6a680a104309) Importer(815301076,1909f56bfc062723c751e8b465ee728b)
Start importing Assets/Elijah Gomez/Scenes/Materials and Textures/WoodSiding001_2K-JPG_NormalDX.jpg using Guid(12517fe1a42a77c42b8a6a680a104309) Importer(815301076,1909f56bfc062723c751e8b465ee728b)  -> (artifact id: 'a4cb5675049a2004f911c6187966add3') in 0.017097 seconds
Number of updated asset objects reloaded before import = 0
Number of asset objects unloaded after import = 2
========================================================================
Received Import Request.
  Time since last request: 0.000013 seconds.
  path: Assets/Elijah Gomez/Scenes/Materials and Textures/Metal003_2K-JPG_Metalness.jpg
  artifactKey: Guid(d460bd5e4fb81324d9112214af58c77d) Importer(815301076,1909f56bfc062723c751e8b465ee728b)
Start importing Assets/Elijah Gomez/Scenes/Materials and Textures/Metal003_2K-JPG_Metalness.jpg using Guid(d460bd5e4fb81324d9112214af58c77d) Importer(815301076,1909f56bfc062723c751e8b465ee728b)  -> (artifact id: 'eb88bcba67264095f64afd8f18d92a4a') in 0.015120 seconds
Number of updated asset objects reloaded before import = 0
Number of asset objects unloaded after import = 2
========================================================================
Received Import Request.
  Time since last request: 0.000011 seconds.
  path: Assets/Elijah Gomez/Scenes/Materials and Textures/WoodSiding001_2K-JPG_Roughness.jpg
  artifactKey: Guid(8e5b19a92834c5047827a15625f47263) Importer(815301076,1909f56bfc062723c751e8b465ee728b)
Start importing Assets/Elijah Gomez/Scenes/Materials and Textures/WoodSiding001_2K-JPG_Roughness.jpg using Guid(8e5b19a92834c5047827a15625f47263) Importer(815301076,1909f56bfc062723c751e8b465ee728b)  -> (artifact id: '4f13c00890734a4b4371135328632c6f') in 0.016268 seconds
Number of updated asset objects reloaded before import = 0
Number of asset objects unloaded after import = 2
========================================================================
Received Import Request.
  Time since last request: 0.000011 seconds.
  path: Assets/Elijah Gomez/Scenes/Materials and Textures/Metal003_2K-JPG_Color.jpg
  artifactKey: Guid(70a0f4699f74f394daa4e81e9c1d0c29) Importer(815301076,1909f56bfc062723c751e8b465ee728b)
Start importing Assets/Elijah Gomez/Scenes/Materials and Textures/Metal003_2K-JPG_Color.jpg using Guid(70a0f4699f74f394daa4e81e9c1d0c29) Importer(815301076,1909f56bfc062723c751e8b465ee728b)  -> (artifact id: 'c7d76d4372685c063e7cf8a7f6458e6a') in 0.013429 seconds
Number of updated asset objects reloaded before import = 0
Number of asset objects unloaded after import = 2
========================================================================
Received Import Request.
  Time since last request: 0.000014 seconds.
  path: Assets/Elijah Gomez/Scenes/Materials and Textures/WoodSiding001_2K-JPG_Displacement.jpg
  artifactKey: Guid(c3f935ca0a6528543bf9fca8fc1d38e8) Importer(815301076,1909f56bfc062723c751e8b465ee728b)
Start importing Assets/Elijah Gomez/Scenes/Materials and Textures/WoodSiding001_2K-JPG_Displacement.jpg using Guid(c3f935ca0a6528543bf9fca8fc1d38e8) Importer(815301076,1909f56bfc062723c751e8b465ee728b)  -> (artifact id: '6528c3769f586ce0f8721cd1e11d031e') in 0.014378 seconds
Number of updated asset objects reloaded before import = 0
Number of asset objects unloaded after import = 2
========================================================================
Received Import Request.
  Time since last request: 0.000028 seconds.
  path: Assets/Elijah Gomez/Scenes/Materials and Textures/Metal 4.mat
  artifactKey: Guid(4cebd54f83b346745a62d6a4f15d8f6d) Importer(815301076,1909f56bfc062723c751e8b465ee728b)
Start importing Assets/Elijah Gomez/Scenes/Materials and Textures/Metal 4.mat using Guid(4cebd54f83b346745a62d6a4f15d8f6d) Importer(815301076,1909f56bfc062723c751e8b465ee728b)  -> (artifact id: '01952c4f180f7bd7b9375406bafe035c') in 0.159049 seconds
Number of updated asset objects reloaded before import = 0
Number of asset objects unloaded after import = 2
========================================================================
Received Import Request.
  Time since last request: 0.000017 seconds.
  path: Assets/Elijah Gomez/Scenes/Materials and Textures/WoodSiding001_2K-JPG_AmbientOcclusion.jpg
  artifactKey: Guid(7e0df864d2bf00f408a971704ca00911) Importer(815301076,1909f56bfc062723c751e8b465ee728b)
Start importing Assets/Elijah Gomez/Scenes/Materials and Textures/WoodSiding001_2K-JPG_AmbientOcclusion.jpg using Guid(7e0df864d2bf00f408a971704ca00911) Importer(815301076,1909f56bfc062723c751e8b465ee728b)  -> (artifact id: 'e6f176e7131770b92a551e8637d492c8') in 0.019991 seconds
Number of updated asset objects reloaded before import = 0
Number of asset objects unloaded after import = 2
========================================================================
Received Import Request.
  Time since last request: 0.000314 seconds.
  path: Assets/Elijah Gomez/Scenes/Materials and Textures/WoodSiding001_2K-JPG_Color.jpg
  artifactKey: Guid(4707b9bf6b553a24988526094f507203) Importer(815301076,1909f56bfc062723c751e8b465ee728b)
Start importing Assets/Elijah Gomez/Scenes/Materials and Textures/WoodSiding001_2K-JPG_Color.jpg using Guid(4707b9bf6b553a24988526094f507203) Importer(815301076,1909f56bfc062723c751e8b465ee728b)  -> (artifact id: '6e83a86157db5a9508b77fb268d24afd') in 0.011159 seconds
Number of updated asset objects reloaded before import = 0
Number of asset objects unloaded after import = 2
Editor requested this worker to shutdown with reason: Scaling down because of idle timeout
TcpMessagingSession - receive error: operation aborted. errorcode: 995, details: The I/O operation has been aborted because of either a thread exit or an application request.
AssetImportWorker is now disconnected from the server
Process exiting
Exiting without the bug reporter. Application will terminate with return code 0