Using pre-set license
Built from '2022.3/staging' branch; Version is '2022.3.10f1 (ff3792e53c62) revision 16725906'; Using compiler version '192829333'; Build Type 'Release'
OS: 'Windows 10  (10.0.19045) 64bit Enterprise' Language: 'en' Physical Memory: 32493 MB
BatchMode: 1, IsHumanControllingUs: 0, StartBugReporterOnCrash: 0, Is64bit: 1, IsPro: 1

COMMAND LINE ARGUMENTS:
C:\Program Files\Unity\Hub\Editor\2022.3.10f1\Editor\Unity.exe
-adb2
-batchMode
-noUpm
-name
AssetImportWorker5
-projectPath
C:/Users/n10492151/Documents/GitHub/IGB101-Group-7/Group7Main
-logFile
Logs/AssetImportWorker5.log
-srvPort
52911
Successfully changed project path to: C:/Users/n10492151/Documents/GitHub/IGB101-Group-7/Group7Main
C:/Users/n10492151/Documents/GitHub/IGB101-Group-7/Group7Main
[UnityMemory] Configuration Parameters - Can be set up in boot.config
    "memorysetup-bucket-allocator-granularity=16"
    "memorysetup-bucket-allocator-bucket-count=8"
    "memorysetup-bucket-allocator-block-size=33554432"
    "memorysetup-bucket-allocator-block-count=8"
    "memorysetup-main-allocator-block-size=16777216"
    "memorysetup-thread-allocator-block-size=16777216"
    "memorysetup-gfx-main-allocator-block-size=16777216"
    "memorysetup-gfx-thread-allocator-block-size=16777216"
    "memorysetup-cache-allocator-block-size=4194304"
    "memorysetup-typetree-allocator-block-size=2097152"
    "memorysetup-profiler-bucket-allocator-granularity=16"
    "memorysetup-profiler-bucket-allocator-bucket-count=8"
    "memorysetup-profiler-bucket-allocator-block-size=33554432"
    "memorysetup-profiler-bucket-allocator-block-count=8"
    "memorysetup-profiler-allocator-block-size=16777216"
    "memorysetup-profiler-editor-allocator-block-size=1048576"
    "memorysetup-temp-allocator-size-main=16777216"
    "memorysetup-job-temp-allocator-block-size=2097152"
    "memorysetup-job-temp-allocator-block-size-background=1048576"
    "memorysetup-job-temp-allocator-reduction-small-platforms=262144"
    "memorysetup-allocator-temp-initial-block-size-main=262144"
    "memorysetup-allocator-temp-initial-block-size-worker=262144"
    "memorysetup-temp-allocator-size-background-worker=32768"
    "memorysetup-temp-allocator-size-job-worker=262144"
    "memorysetup-temp-allocator-size-preload-manager=33554432"
    "memorysetup-temp-allocator-size-nav-mesh-worker=65536"
    "memorysetup-temp-allocator-size-audio-worker=65536"
    "memorysetup-temp-allocator-size-cloud-worker=32768"
    "memorysetup-temp-allocator-size-gi-baking-worker=262144"
    "memorysetup-temp-allocator-size-gfx=262144"
Player connection [17460] Host "[IP] 131.181.110.117 [Port] 0 [Flags] 2 [Guid] 1468693584 [EditorId] 1468693584 [Version] 1048832 [Id] WindowsEditor(7,LAB-GPS515-08) [Debug] 1 [PackageName] WindowsEditor [ProjectName] Editor" joined multi-casting on [225.0.0.222:54997]...

Player connection [17460] Host "[IP] 131.181.110.117 [Port] 0 [Flags] 2 [Guid] 1468693584 [EditorId] 1468693584 [Version] 1048832 [Id] WindowsEditor(7,LAB-GPS515-08) [Debug] 1 [PackageName] WindowsEditor [ProjectName] Editor" joined alternative multi-casting on [225.0.0.222:34997]...

[Physics::Module] Initialized MultithreadedJobDispatcher with 15 workers.
Refreshing native plugins compatible for Editor in 13.25 ms, found 2 plugins.
Preloading 0 native plugins for Editor in 0.00 ms.
Initialize engine version: 2022.3.10f1 (ff3792e53c62)
[Subsystems] Discovering subsystems at path C:/Program Files/Unity/Hub/Editor/2022.3.10f1/Editor/Data/Resources/UnitySubsystems
[Subsystems] Discovering subsystems at path C:/Users/n10492151/Documents/GitHub/IGB101-Group-7/Group7Main/Assets
GfxDevice: creating device client; threaded=0; jobified=0
Direct3D:
    Version:  Direct3D 11.0 [level 11.1]
    Renderer: NVIDIA GeForce RTX 3090 (ID=0x2204)
    Vendor:   NVIDIA
    VRAM:     24326 MB
    Driver:   31.0.15.5152
Initialize mono
Mono path[0] = 'C:/Program Files/Unity/Hub/Editor/2022.3.10f1/Editor/Data/Managed'
Mono path[1] = 'C:/Program Files/Unity/Hub/Editor/2022.3.10f1/Editor/Data/MonoBleedingEdge/lib/mono/unityjit-win32'
Mono config path = 'C:/Program Files/Unity/Hub/Editor/2022.3.10f1/Editor/Data/MonoBleedingEdge/etc'
Using monoOptions --debugger-agent=transport=dt_socket,embedding=1,server=y,suspend=n,address=127.0.0.1:56072
Begin MonoManager ReloadAssembly
Registering precompiled unity dll's ...
Register platform support module: C:/Program Files/Unity/Hub/Editor/2022.3.10f1/Editor/Data/PlaybackEngines/WindowsStandaloneSupport/UnityEditor.WindowsStandalone.Extensions.dll
Registered in 0.004993 seconds.
- Loaded All Assemblies, in  0.297 seconds
Native extension for WindowsStandalone target not found
Mono: successfully reloaded assembly
- Finished resetting the current domain, in  0.196 seconds
Domain Reload Profiling: 492ms
	BeginReloadAssembly (81ms)
		ExecutionOrderSort (0ms)
		DisableScriptedObjects (0ms)
		BackupInstance (0ms)
		ReleaseScriptingObjects (0ms)
		CreateAndSetChildDomain (1ms)
	RebuildCommonClasses (25ms)
	RebuildNativeTypeToScriptingClass (8ms)
	initialDomainReloadingComplete (76ms)
	LoadAllAssembliesAndSetupDomain (105ms)
		LoadAssemblies (79ms)
		RebuildTransferFunctionScriptingTraits (0ms)
		AnalyzeDomain (104ms)
			TypeCache.Refresh (103ms)
				TypeCache.ScanAssembly (93ms)
			ScanForSourceGeneratedMonoScriptInfo (0ms)
			ResolveRequiredComponents (0ms)
	FinalizeReload (197ms)
		ReleaseScriptCaches (0ms)
		RebuildScriptCaches (0ms)
		SetupLoadedEditorAssemblies (153ms)
			LogAssemblyErrors (0ms)
			InitializePlatformSupportModulesInManaged (7ms)
			SetLoadedEditorAssemblies (6ms)
			RefreshPlugins (0ms)
			BeforeProcessingInitializeOnLoad (2ms)
			ProcessInitializeOnLoadAttributes (101ms)
			ProcessInitializeOnLoadMethodAttributes (38ms)
			AfterProcessingInitializeOnLoad (0ms)
			EditorAssembliesLoaded (0ms)
		ExecutionOrderSort2 (0ms)
		AwakeInstancesAfterBackupRestoration (0ms)
========================================================================
Worker process is ready to serve import requests
Begin MonoManager ReloadAssembly
Symbol file LoadedFromMemory is not a mono symbol file
- Loaded All Assemblies, in  0.446 seconds
Refreshing native plugins compatible for Editor in 8.51 ms, found 2 plugins.
Native extension for WindowsStandalone target not found
Package Manager log level set to [2]
[Package Manager] Server::EnsureServerProcessIsRunning -- launch failed, reason: Unity was launched with the -noUpm command-line argument
[Package Manager] UpmClient::Send -- Unable to send message (not connected to UPM process).
[Package Manager] Cannot connect to Unity Package Manager local server
Mono: successfully reloaded assembly
- Finished resetting the current domain, in  0.483 seconds
Domain Reload Profiling: 927ms
	BeginReloadAssembly (116ms)
		ExecutionOrderSort (0ms)
		DisableScriptedObjects (4ms)
		BackupInstance (0ms)
		ReleaseScriptingObjects (0ms)
		CreateAndSetChildDomain (16ms)
	RebuildCommonClasses (24ms)
	RebuildNativeTypeToScriptingClass (7ms)
	initialDomainReloadingComplete (30ms)
	LoadAllAssembliesAndSetupDomain (267ms)
		LoadAssemblies (249ms)
		RebuildTransferFunctionScriptingTraits (0ms)
		AnalyzeDomain (89ms)
			TypeCache.Refresh (72ms)
				TypeCache.ScanAssembly (60ms)
			ScanForSourceGeneratedMonoScriptInfo (14ms)
			ResolveRequiredComponents (2ms)
	FinalizeReload (484ms)
		ReleaseScriptCaches (0ms)
		RebuildScriptCaches (0ms)
		SetupLoadedEditorAssemblies (377ms)
			LogAssemblyErrors (0ms)
			InitializePlatformSupportModulesInManaged (4ms)
			SetLoadedEditorAssemblies (3ms)
			RefreshPlugins (0ms)
			BeforeProcessingInitializeOnLoad (44ms)
			ProcessInitializeOnLoadAttributes (198ms)
			ProcessInitializeOnLoadMethodAttributes (122ms)
			AfterProcessingInitializeOnLoad (5ms)
			EditorAssembliesLoaded (0ms)
		ExecutionOrderSort2 (0ms)
		AwakeInstancesAfterBackupRestoration (8ms)
Launched and connected shader compiler UnityShaderCompiler.exe after 0.05 seconds
Refreshing native plugins compatible for Editor in 8.54 ms, found 2 plugins.
Preloading 0 native plugins for Editor in 0.00 ms.
Unloading 2926 Unused Serialized files (Serialized files now loaded: 0)
Unloading 66 unused Assets / (118.6 KB). Loaded Objects now: 3384.
Memory consumption went from 198.5 MB to 198.4 MB.
Total: 4.883000 ms (FindLiveObjects: 0.167800 ms CreateObjectMapping: 0.113500 ms MarkObjects: 4.473500 ms  DeleteObjects: 0.127400 ms)

AssetImportParameters requested are different than current active one (requested -> active):
  custom:video-decoder-webm-vp8: 9c59270c3fd7afecdb556c50c9e8de78 -> 
  custom:SearchIndexIgnoredProperties: e643bd26f0fe6173181afceb89e7c659 -> 
  custom:container-demuxer-ogg: 62fdf1f143b41e24485cea50d1cbac27 -> 
  custom:AudioImporter_EditorPlatform: d09bf68614088b80899f8185d706f6e7 -> 
  custom:video-decoder-ogg-theora: a1e56fd34408186e4bbccfd4996cb3dc -> 
  custom:framework-win-MediaFoundation: 216162199b28c13a410421893ffa2e32 -> 
  custom:video-encoder-webm-vp8: eb34c28f22e8b96e1ab97ce403110664 -> 
  custom:audio-decoder-ogg-vorbis: bf7c407c2cedff20999df2af8eb42d56 -> 
  custom:CustomObjectIndexerAttribute: 756ad292c208cfabdd7b50bc23989ffe -> 
  custom:container-demuxer-webm: 4f35f7cbe854078d1ac9338744f61a02 -> 
  custom:audio-encoder-webm-vorbis: bf7c407c2cedff20999df2af8eb42d56 -> 
  custom:container-muxer-webm: aa71ff27fc2769a1b78a27578f13a17b -> 
========================================================================
Received Import Request.
  Time since last request: 70785.733812 seconds.
  path: Assets/Olivia Shepherd/Materials/Textures/birchwood.jpg
  artifactKey: Guid(e540c9bedd2514349ac7ea43c46c5b4f) Importer(815301076,1909f56bfc062723c751e8b465ee728b)
Start importing Assets/Olivia Shepherd/Materials/Textures/birchwood.jpg using Guid(e540c9bedd2514349ac7ea43c46c5b4f) Importer(815301076,1909f56bfc062723c751e8b465ee728b)  -> (artifact id: 'b75c1c8a4485d093be6c58135168ba9b') in 0.069973 seconds
Number of updated asset objects reloaded before import = 0
Number of asset objects unloaded after import = 2
========================================================================
Received Import Request.
  Time since last request: 0.000015 seconds.
  path: Assets/Olivia Shepherd/Materials/Textures/bricks.jpg
  artifactKey: Guid(d94d1fb9e17e3ec498b3848cf5589ba6) Importer(815301076,1909f56bfc062723c751e8b465ee728b)
Start importing Assets/Olivia Shepherd/Materials/Textures/bricks.jpg using Guid(d94d1fb9e17e3ec498b3848cf5589ba6) Importer(815301076,1909f56bfc062723c751e8b465ee728b)  -> (artifact id: '9bf5e37bb699f1918eaf0c18aa16c3fd') in 0.012705 seconds
Number of updated asset objects reloaded before import = 0
Number of asset objects unloaded after import = 2
========================================================================
Received Import Request.
  Time since last request: 0.000015 seconds.
  path: Assets/Olivia Shepherd/Materials/Textures/clouds.png
  artifactKey: Guid(fca1d62a39b4f1b44968aef3c05fda1d) Importer(815301076,1909f56bfc062723c751e8b465ee728b)
Start importing Assets/Olivia Shepherd/Materials/Textures/clouds.png using Guid(fca1d62a39b4f1b44968aef3c05fda1d) Importer(815301076,1909f56bfc062723c751e8b465ee728b)  -> (artifact id: '34960ef4aa7399ebfde318d937299988') in 0.015001 seconds
Number of updated asset objects reloaded before import = 0
Number of asset objects unloaded after import = 2
========================================================================
Received Import Request.
  Time since last request: 0.000020 seconds.
  path: Assets/Olivia Shepherd/Materials/Textures/dark_floor.jpg
  artifactKey: Guid(5c29fd6ebd7300d4d8cb79149b5732be) Importer(815301076,1909f56bfc062723c751e8b465ee728b)
Start importing Assets/Olivia Shepherd/Materials/Textures/dark_floor.jpg using Guid(5c29fd6ebd7300d4d8cb79149b5732be) Importer(815301076,1909f56bfc062723c751e8b465ee728b)  -> (artifact id: '822f82b2c92651679262c433dd591d1e') in 0.011736 seconds
Number of updated asset objects reloaded before import = 0
Number of asset objects unloaded after import = 2
========================================================================
Received Import Request.
  Time since last request: 0.000015 seconds.
  path: Assets/Olivia Shepherd/Materials/Textures/earth2.jpg
  artifactKey: Guid(7c8a38bbfde496445925366d5d784a4f) Importer(815301076,1909f56bfc062723c751e8b465ee728b)
Start importing Assets/Olivia Shepherd/Materials/Textures/earth2.jpg using Guid(7c8a38bbfde496445925366d5d784a4f) Importer(815301076,1909f56bfc062723c751e8b465ee728b)  -> (artifact id: 'd6ce16dfbe2dee4b485f2cd794098cd4') in 0.010512 seconds
Number of updated asset objects reloaded before import = 0
Number of asset objects unloaded after import = 2
========================================================================
Received Import Request.
  Time since last request: 0.000012 seconds.
  path: Assets/Olivia Shepherd/Materials/Textures/REAL Transparency.png
  artifactKey: Guid(fe482c49309c06a4189b47c75ee19883) Importer(815301076,1909f56bfc062723c751e8b465ee728b)
Start importing Assets/Olivia Shepherd/Materials/Textures/REAL Transparency.png using Guid(fe482c49309c06a4189b47c75ee19883) Importer(815301076,1909f56bfc062723c751e8b465ee728b)  -> (artifact id: 'fea55ba7c8fbf47b5cb6ba5a06679072') in 0.018796 seconds
Number of updated asset objects reloaded before import = 0
Number of asset objects unloaded after import = 2
========================================================================
Received Import Request.
  Time since last request: 0.000021 seconds.
  path: Assets/Olivia Shepherd/Materials/Textures/Realistic-burning-fire-flames-on-transparent-background-PNG.png
  artifactKey: Guid(ad5059f984a8fa7478a9b34a3b6d5ee9) Importer(815301076,1909f56bfc062723c751e8b465ee728b)
Start importing Assets/Olivia Shepherd/Materials/Textures/Realistic-burning-fire-flames-on-transparent-background-PNG.png using Guid(ad5059f984a8fa7478a9b34a3b6d5ee9) Importer(815301076,1909f56bfc062723c751e8b465ee728b)  -> (artifact id: '4210b1311e1529d08fe3a6eff70a50cb') in 0.011927 seconds
Number of updated asset objects reloaded before import = 0
Number of asset objects unloaded after import = 2
========================================================================
Received Import Request.
  Time since last request: 0.000016 seconds.
  path: Assets/Olivia Shepherd/Materials/Textures/book_pages_texture.jpg
  artifactKey: Guid(0ad5512f256893d4c81b135ca395d7f2) Importer(815301076,1909f56bfc062723c751e8b465ee728b)
Start importing Assets/Olivia Shepherd/Materials/Textures/book_pages_texture.jpg using Guid(0ad5512f256893d4c81b135ca395d7f2) Importer(815301076,1909f56bfc062723c751e8b465ee728b)  -> (artifact id: '53f7c6b066c4c3d2d40b7b6ee980bb58') in 0.010854 seconds
Number of updated asset objects reloaded before import = 0
Number of asset objects unloaded after import = 2
========================================================================
Received Import Request.
  Time since last request: 0.000013 seconds.
  path: Assets/Olivia Shepherd/Materials/Textures/fireplacebricks.jpg
  artifactKey: Guid(c5810fad347938e468b28994c99350eb) Importer(815301076,1909f56bfc062723c751e8b465ee728b)
Start importing Assets/Olivia Shepherd/Materials/Textures/fireplacebricks.jpg using Guid(c5810fad347938e468b28994c99350eb) Importer(815301076,1909f56bfc062723c751e8b465ee728b)  -> (artifact id: '6c10a77c53303bde2a558a0a31bdf140') in 0.009965 seconds
Number of updated asset objects reloaded before import = 0
Number of asset objects unloaded after import = 2
========================================================================
Received Import Request.
  Time since last request: 0.000017 seconds.
  path: Assets/Olivia Shepherd/Materials/Textures/carpet.jpg
  artifactKey: Guid(1cb363dbec8d84645a563cee5c8ff46c) Importer(815301076,1909f56bfc062723c751e8b465ee728b)
Start importing Assets/Olivia Shepherd/Materials/Textures/carpet.jpg using Guid(1cb363dbec8d84645a563cee5c8ff46c) Importer(815301076,1909f56bfc062723c751e8b465ee728b)  -> (artifact id: 'ec88189c1f4699808c3b90ba956085b5') in 0.009466 seconds
Number of updated asset objects reloaded before import = 0
Number of asset objects unloaded after import = 2
Editor requested this worker to shutdown with reason: Scaling down because of idle timeout
TcpMessagingSession - receive error: operation aborted. errorcode: 995, details: The I/O operation has been aborted because of either a thread exit or an application request.
AssetImportWorker is now disconnected from the server
Process exiting
Exiting without the bug reporter. Application will terminate with return code 0