Using pre-set license
Built from '2022.3/staging' branch; Version is '2022.3.10f1 (ff3792e53c62) revision 16725906'; Using compiler version '192829333'; Build Type 'Release'
OS: 'Windows 10  (10.0.19045) 64bit Enterprise' Language: 'en' Physical Memory: 32493 MB
BatchMode: 1, IsHumanControllingUs: 0, StartBugReporterOnCrash: 0, Is64bit: 1, IsPro: 1

COMMAND LINE ARGUMENTS:
C:\Program Files\Unity\Hub\Editor\2022.3.10f1\Editor\Unity.exe
-adb2
-batchMode
-noUpm
-name
AssetImportWorker0
-projectPath
C:/Users/n10492151/Desktop/Assessment 3 IGB101
-logFile
Logs/AssetImportWorker0.log
-srvPort
53694
Successfully changed project path to: C:/Users/n10492151/Desktop/Assessment 3 IGB101
C:/Users/n10492151/Desktop/Assessment 3 IGB101
[UnityMemory] Configuration Parameters - Can be set up in boot.config
    "memorysetup-bucket-allocator-granularity=16"
    "memorysetup-bucket-allocator-bucket-count=8"
    "memorysetup-bucket-allocator-block-size=33554432"
    "memorysetup-bucket-allocator-block-count=8"
    "memorysetup-main-allocator-block-size=16777216"
    "memorysetup-thread-allocator-block-size=16777216"
    "memorysetup-gfx-main-allocator-block-size=16777216"
    "memorysetup-gfx-thread-allocator-block-size=16777216"
    "memorysetup-cache-allocator-block-size=4194304"
    "memorysetup-typetree-allocator-block-size=2097152"
    "memorysetup-profiler-bucket-allocator-granularity=16"
    "memorysetup-profiler-bucket-allocator-bucket-count=8"
    "memorysetup-profiler-bucket-allocator-block-size=33554432"
    "memorysetup-profiler-bucket-allocator-block-count=8"
    "memorysetup-profiler-allocator-block-size=16777216"
    "memorysetup-profiler-editor-allocator-block-size=1048576"
    "memorysetup-temp-allocator-size-main=16777216"
    "memorysetup-job-temp-allocator-block-size=2097152"
    "memorysetup-job-temp-allocator-block-size-background=1048576"
    "memorysetup-job-temp-allocator-reduction-small-platforms=262144"
    "memorysetup-allocator-temp-initial-block-size-main=262144"
    "memorysetup-allocator-temp-initial-block-size-worker=262144"
    "memorysetup-temp-allocator-size-background-worker=32768"
    "memorysetup-temp-allocator-size-job-worker=262144"
    "memorysetup-temp-allocator-size-preload-manager=33554432"
    "memorysetup-temp-allocator-size-nav-mesh-worker=65536"
    "memorysetup-temp-allocator-size-audio-worker=65536"
    "memorysetup-temp-allocator-size-cloud-worker=32768"
    "memorysetup-temp-allocator-size-gi-baking-worker=262144"
    "memorysetup-temp-allocator-size-gfx=262144"
Player connection [23844] Host "[IP] 131.181.110.98 [Port] 0 [Flags] 2 [Guid] 2416505327 [EditorId] 2416505327 [Version] 1048832 [Id] WindowsEditor(7,LAB-GPS515-04) [Debug] 1 [PackageName] WindowsEditor [ProjectName] Editor" joined multi-casting on [225.0.0.222:54997]...

Player connection [23844] Host "[IP] 131.181.110.98 [Port] 0 [Flags] 2 [Guid] 2416505327 [EditorId] 2416505327 [Version] 1048832 [Id] WindowsEditor(7,LAB-GPS515-04) [Debug] 1 [PackageName] WindowsEditor [ProjectName] Editor" joined alternative multi-casting on [225.0.0.222:34997]...

[Physics::Module] Initialized MultithreadedJobDispatcher with 15 workers.
Refreshing native plugins compatible for Editor in 15.37 ms, found 2 plugins.
Preloading 0 native plugins for Editor in 0.00 ms.
Initialize engine version: 2022.3.10f1 (ff3792e53c62)
[Subsystems] Discovering subsystems at path C:/Program Files/Unity/Hub/Editor/2022.3.10f1/Editor/Data/Resources/UnitySubsystems
[Subsystems] Discovering subsystems at path C:/Users/n10492151/Desktop/Assessment 3 IGB101/Assets
GfxDevice: creating device client; threaded=0; jobified=0
Direct3D:
    Version:  Direct3D 11.0 [level 11.1]
    Renderer: NVIDIA GeForce RTX 3090 (ID=0x2204)
    Vendor:   NVIDIA
    VRAM:     24326 MB
    Driver:   31.0.15.5152
Initialize mono
Mono path[0] = 'C:/Program Files/Unity/Hub/Editor/2022.3.10f1/Editor/Data/Managed'
Mono path[1] = 'C:/Program Files/Unity/Hub/Editor/2022.3.10f1/Editor/Data/MonoBleedingEdge/lib/mono/unityjit-win32'
Mono config path = 'C:/Program Files/Unity/Hub/Editor/2022.3.10f1/Editor/Data/MonoBleedingEdge/etc'
Using monoOptions --debugger-agent=transport=dt_socket,embedding=1,server=y,suspend=n,address=127.0.0.1:56568
Begin MonoManager ReloadAssembly
Registering precompiled unity dll's ...
Register platform support module: C:/Program Files/Unity/Hub/Editor/2022.3.10f1/Editor/Data/PlaybackEngines/WindowsStandaloneSupport/UnityEditor.WindowsStandalone.Extensions.dll
Registered in 0.015863 seconds.
- Loaded All Assemblies, in  1.006 seconds
Native extension for WindowsStandalone target not found
Mono: successfully reloaded assembly
- Finished resetting the current domain, in  0.235 seconds
Domain Reload Profiling: 1239ms
	BeginReloadAssembly (520ms)
		ExecutionOrderSort (0ms)
		DisableScriptedObjects (0ms)
		BackupInstance (0ms)
		ReleaseScriptingObjects (0ms)
		CreateAndSetChildDomain (1ms)
	RebuildCommonClasses (109ms)
	RebuildNativeTypeToScriptingClass (24ms)
	initialDomainReloadingComplete (211ms)
	LoadAllAssembliesAndSetupDomain (140ms)
		LoadAssemblies (514ms)
		RebuildTransferFunctionScriptingTraits (0ms)
		AnalyzeDomain (137ms)
			TypeCache.Refresh (136ms)
				TypeCache.ScanAssembly (125ms)
			ScanForSourceGeneratedMonoScriptInfo (0ms)
			ResolveRequiredComponents (1ms)
	FinalizeReload (235ms)
		ReleaseScriptCaches (0ms)
		RebuildScriptCaches (0ms)
		SetupLoadedEditorAssemblies (181ms)
			LogAssemblyErrors (0ms)
			InitializePlatformSupportModulesInManaged (9ms)
			SetLoadedEditorAssemblies (7ms)
			RefreshPlugins (0ms)
			BeforeProcessingInitializeOnLoad (2ms)
			ProcessInitializeOnLoadAttributes (122ms)
			ProcessInitializeOnLoadMethodAttributes (41ms)
			AfterProcessingInitializeOnLoad (0ms)
			EditorAssembliesLoaded (0ms)
		ExecutionOrderSort2 (0ms)
		AwakeInstancesAfterBackupRestoration (0ms)
========================================================================
Worker process is ready to serve import requests
Begin MonoManager ReloadAssembly
Symbol file LoadedFromMemory is not a mono symbol file
- Loaded All Assemblies, in  0.495 seconds
Refreshing native plugins compatible for Editor in 8.68 ms, found 2 plugins.
Native extension for WindowsStandalone target not found
Package Manager log level set to [2]
[Package Manager] Server::EnsureServerProcessIsRunning -- launch failed, reason: Unity was launched with the -noUpm command-line argument
[Package Manager] UpmClient::Send -- Unable to send message (not connected to UPM process).
[Package Manager] Cannot connect to Unity Package Manager local server
Mono: successfully reloaded assembly
- Finished resetting the current domain, in  0.546 seconds
Domain Reload Profiling: 1039ms
	BeginReloadAssembly (118ms)
		ExecutionOrderSort (0ms)
		DisableScriptedObjects (4ms)
		BackupInstance (0ms)
		ReleaseScriptingObjects (0ms)
		CreateAndSetChildDomain (16ms)
	RebuildCommonClasses (28ms)
	RebuildNativeTypeToScriptingClass (9ms)
	initialDomainReloadingComplete (35ms)
	LoadAllAssembliesAndSetupDomain (302ms)
		LoadAssemblies (259ms)
		RebuildTransferFunctionScriptingTraits (0ms)
		AnalyzeDomain (113ms)
			TypeCache.Refresh (89ms)
				TypeCache.ScanAssembly (76ms)
			ScanForSourceGeneratedMonoScriptInfo (18ms)
			ResolveRequiredComponents (5ms)
	FinalizeReload (547ms)
		ReleaseScriptCaches (0ms)
		RebuildScriptCaches (0ms)
		SetupLoadedEditorAssemblies (420ms)
			LogAssemblyErrors (0ms)
			InitializePlatformSupportModulesInManaged (6ms)
			SetLoadedEditorAssemblies (4ms)
			RefreshPlugins (0ms)
			BeforeProcessingInitializeOnLoad (50ms)
			ProcessInitializeOnLoadAttributes (233ms)
			ProcessInitializeOnLoadMethodAttributes (122ms)
			AfterProcessingInitializeOnLoad (6ms)
			EditorAssembliesLoaded (0ms)
		ExecutionOrderSort2 (0ms)
		AwakeInstancesAfterBackupRestoration (8ms)
Launched and connected shader compiler UnityShaderCompiler.exe after 0.06 seconds
Refreshing native plugins compatible for Editor in 12.80 ms, found 2 plugins.
Preloading 0 native plugins for Editor in 0.00 ms.
Unloading 2913 Unused Serialized files (Serialized files now loaded: 0)
Unloading 66 unused Assets / (110.0 KB). Loaded Objects now: 3366.
Memory consumption went from 193.8 MB to 193.7 MB.
Total: 5.119700 ms (FindLiveObjects: 0.183600 ms CreateObjectMapping: 0.155200 ms MarkObjects: 4.655700 ms  DeleteObjects: 0.124400 ms)

AssetImportParameters requested are different than current active one (requested -> active):
  custom:video-decoder-webm-vp8: 9c59270c3fd7afecdb556c50c9e8de78 -> 
  custom:SearchIndexIgnoredProperties: e643bd26f0fe6173181afceb89e7c659 -> 
  custom:container-demuxer-ogg: 62fdf1f143b41e24485cea50d1cbac27 -> 
  custom:AudioImporter_EditorPlatform: d09bf68614088b80899f8185d706f6e7 -> 
  custom:video-decoder-ogg-theora: a1e56fd34408186e4bbccfd4996cb3dc -> 
  custom:framework-win-MediaFoundation: 216162199b28c13a410421893ffa2e32 -> 
  custom:video-encoder-webm-vp8: eb34c28f22e8b96e1ab97ce403110664 -> 
  custom:audio-decoder-ogg-vorbis: bf7c407c2cedff20999df2af8eb42d56 -> 
  custom:CustomObjectIndexerAttribute: 756ad292c208cfabdd7b50bc23989ffe -> 
  custom:container-demuxer-webm: 4f35f7cbe854078d1ac9338744f61a02 -> 
  custom:audio-encoder-webm-vorbis: bf7c407c2cedff20999df2af8eb42d56 -> 
  custom:container-muxer-webm: aa71ff27fc2769a1b78a27578f13a17b -> 
========================================================================
Received Import Request.
  Time since last request: 81151.129441 seconds.
  path: Assets/Elijah Gomez/Scenes/Materials and Textures
  artifactKey: Guid(b165e0d976a79494999f9ec99f419671) Importer(815301076,1909f56bfc062723c751e8b465ee728b)
Start importing Assets/Elijah Gomez/Scenes/Materials and Textures using Guid(b165e0d976a79494999f9ec99f419671) Importer(815301076,1909f56bfc062723c751e8b465ee728b)  -> (artifact id: 'bbb8c0aaaaec0eb89b8f57bde1874584') in 0.002306 seconds
Number of updated asset objects reloaded before import = 0
Number of asset objects unloaded after import = 0
========================================================================
Received Import Request.
  Time since last request: 6.495864 seconds.
  path: Assets/Elijah Gomez/Models and Prefabs/Corner-Stone (4)(Clone).prefab
  artifactKey: Guid(c77092960d3a52d4a9e3d28083dd5133) Importer(815301076,1909f56bfc062723c751e8b465ee728b)
Start importing Assets/Elijah Gomez/Models and Prefabs/Corner-Stone (4)(Clone).prefab using Guid(c77092960d3a52d4a9e3d28083dd5133) Importer(815301076,1909f56bfc062723c751e8b465ee728b)  -> (artifact id: 'ca3e809c5950359c05563b4d6b1cb057') in 0.108408 seconds
Number of updated asset objects reloaded before import = 0
Number of asset objects unloaded after import = 10
========================================================================
Received Import Request.
  Time since last request: 0.000019 seconds.
  path: Assets/Elijah Gomez/Models and Prefabs/Wall-Stone (12)(Clone).prefab
  artifactKey: Guid(c0f286de8fbd20444af026492a252acb) Importer(815301076,1909f56bfc062723c751e8b465ee728b)
Start importing Assets/Elijah Gomez/Models and Prefabs/Wall-Stone (12)(Clone).prefab using Guid(c0f286de8fbd20444af026492a252acb) Importer(815301076,1909f56bfc062723c751e8b465ee728b)  -> (artifact id: '874931c8f36b53d1d71f7848ac929df2') in 0.012508 seconds
Number of updated asset objects reloaded before import = 0
Number of asset objects unloaded after import = 10
========================================================================
Received Import Request.
  Time since last request: 0.000016 seconds.
  path: Assets/Elijah Gomez/Models and Prefabs/Stone Dungeon #1.prefab
  artifactKey: Guid(533bed684139ce54a83ede65a5fe0b44) Importer(815301076,1909f56bfc062723c751e8b465ee728b)
Start importing Assets/Elijah Gomez/Models and Prefabs/Stone Dungeon #1.prefab using Guid(533bed684139ce54a83ede65a5fe0b44) Importer(815301076,1909f56bfc062723c751e8b465ee728b)  -> (artifact id: 'e48930f2c7e4db23b28e214ce207c228') in 0.038817 seconds
Number of updated asset objects reloaded before import = 0
Number of asset objects unloaded after import = 1347
========================================================================
Received Import Request.
  Time since last request: 0.000015 seconds.
  path: Assets/Elijah Gomez/Models and Prefabs/Floor-Wood-Model-02 (6).prefab
  artifactKey: Guid(bd7f6fab681afdf4abeb01cdbf42bad3) Importer(815301076,1909f56bfc062723c751e8b465ee728b)
Start importing Assets/Elijah Gomez/Models and Prefabs/Floor-Wood-Model-02 (6).prefab using Guid(bd7f6fab681afdf4abeb01cdbf42bad3) Importer(815301076,1909f56bfc062723c751e8b465ee728b)  -> (artifact id: '6bca0ccfeab19cc7201f269e3067f4cb') in 0.019075 seconds
Number of updated asset objects reloaded before import = 0
Number of asset objects unloaded after import = 16
========================================================================
Received Import Request.
  Time since last request: 0.000012 seconds.
  path: Assets/Elijah Gomez/Models and Prefabs/Door-Stone (3)(Clone).prefab
  artifactKey: Guid(b10d4f710ce61164795603e40b5c8423) Importer(815301076,1909f56bfc062723c751e8b465ee728b)
Start importing Assets/Elijah Gomez/Models and Prefabs/Door-Stone (3)(Clone).prefab using Guid(b10d4f710ce61164795603e40b5c8423) Importer(815301076,1909f56bfc062723c751e8b465ee728b)  -> (artifact id: '383146ec8129927c1c9f9edf0adf0f2f') in 0.007049 seconds
Number of updated asset objects reloaded before import = 0
Number of asset objects unloaded after import = 12
========================================================================
Received Import Request.
  Time since last request: 0.000012 seconds.
  path: Assets/Elijah Gomez/Models and Prefabs/Wall-Wood (10)(Clone) 1 (1).prefab
  artifactKey: Guid(ce4fa153e5515884583134e35a063f84) Importer(815301076,1909f56bfc062723c751e8b465ee728b)
Start importing Assets/Elijah Gomez/Models and Prefabs/Wall-Wood (10)(Clone) 1 (1).prefab using Guid(ce4fa153e5515884583134e35a063f84) Importer(815301076,1909f56bfc062723c751e8b465ee728b)  -> (artifact id: 'a439fd14b23a746b01d76aa80dfd6ed1') in 0.006554 seconds
Number of updated asset objects reloaded before import = 0
Number of asset objects unloaded after import = 10
========================================================================
Received Import Request.
  Time since last request: 1.014309 seconds.
  path: Assets/Elijah Gomez/Scenes/Materials and Textures/Coat of Arms copy.png
  artifactKey: Guid(39e0a43b75cb0a447ab075565ba499cd) Importer(815301076,1909f56bfc062723c751e8b465ee728b)
Start importing Assets/Elijah Gomez/Scenes/Materials and Textures/Coat of Arms copy.png using Guid(39e0a43b75cb0a447ab075565ba499cd) Importer(815301076,1909f56bfc062723c751e8b465ee728b)  -> (artifact id: 'b5d947bbf7c2c7d24a5a7aa68c2e154a') in 0.024194 seconds
Number of updated asset objects reloaded before import = 0
Number of asset objects unloaded after import = 2
========================================================================
Received Import Request.
  Time since last request: 0.000015 seconds.
  path: Assets/Elijah Gomez/Scenes/Materials and Textures/New Material.mat
  artifactKey: Guid(e2d833b5ce38f744c8599ed7c9e43815) Importer(815301076,1909f56bfc062723c751e8b465ee728b)
Start importing Assets/Elijah Gomez/Scenes/Materials and Textures/New Material.mat using Guid(e2d833b5ce38f744c8599ed7c9e43815) Importer(815301076,1909f56bfc062723c751e8b465ee728b)  -> (artifact id: 'b7d3fecf867a829ce1162ba66eae39b7') in 0.025026 seconds
Number of updated asset objects reloaded before import = 0
Number of asset objects unloaded after import = 2
========================================================================
Received Import Request.
  Time since last request: 0.000029 seconds.
  path: Assets/Elijah Gomez/Scenes/Materials and Textures/Metal003_2K-JPG_Displacement.jpg
  artifactKey: Guid(490a60d06d224c04999af6923575121d) Importer(815301076,1909f56bfc062723c751e8b465ee728b)
Start importing Assets/Elijah Gomez/Scenes/Materials and Textures/Metal003_2K-JPG_Displacement.jpg using Guid(490a60d06d224c04999af6923575121d) Importer(815301076,1909f56bfc062723c751e8b465ee728b)  -> (artifact id: '74ce9bfc218babc09e1d4b8733f85fe4') in 0.010365 seconds
Number of updated asset objects reloaded before import = 0
Number of asset objects unloaded after import = 2
========================================================================
Received Import Request.
  Time since last request: 0.000013 seconds.
  path: Assets/Elijah Gomez/Scenes/Materials and Textures/Wood.mat
  artifactKey: Guid(783a0e938ceab9347859e4597e16cdfe) Importer(815301076,1909f56bfc062723c751e8b465ee728b)
Start importing Assets/Elijah Gomez/Scenes/Materials and Textures/Wood.mat using Guid(783a0e938ceab9347859e4597e16cdfe) Importer(815301076,1909f56bfc062723c751e8b465ee728b)  -> (artifact id: '640026779922c8d9154be74132980e09') in 0.007479 seconds
Number of updated asset objects reloaded before import = 0
Number of asset objects unloaded after import = 2
========================================================================
Received Import Request.
  Time since last request: 0.000012 seconds.
  path: Assets/Elijah Gomez/Scenes/Materials and Textures/Metal 2.mat
  artifactKey: Guid(0fc113d53f940a94fb2b070af235a954) Importer(815301076,1909f56bfc062723c751e8b465ee728b)
Start importing Assets/Elijah Gomez/Scenes/Materials and Textures/Metal 2.mat using Guid(0fc113d53f940a94fb2b070af235a954) Importer(815301076,1909f56bfc062723c751e8b465ee728b)  -> (artifact id: 'ac800dae9b23551c2f078269ba0dbbce') in 0.155571 seconds
Number of updated asset objects reloaded before import = 0
Number of asset objects unloaded after import = 2
========================================================================
Received Import Request.
  Time since last request: 0.000013 seconds.
  path: Assets/Elijah Gomez/Scenes/Materials and Textures/Metal 3.mat
  artifactKey: Guid(621c6258befb1594a8277fbf07d67876) Importer(815301076,1909f56bfc062723c751e8b465ee728b)
Start importing Assets/Elijah Gomez/Scenes/Materials and Textures/Metal 3.mat using Guid(621c6258befb1594a8277fbf07d67876) Importer(815301076,1909f56bfc062723c751e8b465ee728b)  -> (artifact id: '4a32771cad2242a20b1254cb6417e508') in 0.007665 seconds
Number of updated asset objects reloaded before import = 0
Number of asset objects unloaded after import = 2
========================================================================
Received Import Request.
  Time since last request: 0.000018 seconds.
  path: Assets/Elijah Gomez/Scenes/Materials and Textures/vines.mat
  artifactKey: Guid(9b1fe6a6c083ed743b6901fdb61e889b) Importer(815301076,1909f56bfc062723c751e8b465ee728b)
Start importing Assets/Elijah Gomez/Scenes/Materials and Textures/vines.mat using Guid(9b1fe6a6c083ed743b6901fdb61e889b) Importer(815301076,1909f56bfc062723c751e8b465ee728b)  -> (artifact id: 'aa866786953fa3b5af03b3d74615b58c') in 0.007053 seconds
Number of updated asset objects reloaded before import = 0
Number of asset objects unloaded after import = 2
========================================================================
Received Import Request.
  Time since last request: 0.000016 seconds.
  path: Assets/Elijah Gomez/Scenes/Materials and Textures/WoodSiding001_2K-JPG_AmbientOcclusion.jpg
  artifactKey: Guid(7e0df864d2bf00f408a971704ca00911) Importer(815301076,1909f56bfc062723c751e8b465ee728b)
Start importing Assets/Elijah Gomez/Scenes/Materials and Textures/WoodSiding001_2K-JPG_AmbientOcclusion.jpg using Guid(7e0df864d2bf00f408a971704ca00911) Importer(815301076,1909f56bfc062723c751e8b465ee728b)  -> (artifact id: '84bbaee89e257d247fa3628d526147cb') in 0.009467 seconds
Number of updated asset objects reloaded before import = 0
Number of asset objects unloaded after import = 2
========================================================================
Received Import Request.
  Time since last request: 0.000013 seconds.
  path: Assets/Elijah Gomez/Scenes/Materials and Textures/WoodSiding001_2K-JPG_Color.jpg
  artifactKey: Guid(4707b9bf6b553a24988526094f507203) Importer(815301076,1909f56bfc062723c751e8b465ee728b)
Start importing Assets/Elijah Gomez/Scenes/Materials and Textures/WoodSiding001_2K-JPG_Color.jpg using Guid(4707b9bf6b553a24988526094f507203) Importer(815301076,1909f56bfc062723c751e8b465ee728b)  -> (artifact id: 'eb950877fe8c6e6d7fa20a99a0d59d1d') in 0.011246 seconds
Number of updated asset objects reloaded before import = 0
Number of asset objects unloaded after import = 2
